-------------------------------------------------------------------------------
Test set: TestSuite
-------------------------------------------------------------------------------
Tests run: 6, Failures: 6, Errors: 0, Skipped: 0, Time elapsed: 9.743 sec <<< FAILURE! - in TestSuite
A_openPopUpWindowTest_1(FozzySalesForecastTest)  Time elapsed: 1.95 sec  <<< FAILURE!
org.openqa.selenium.WebDriverException: java.lang.reflect.InvocationTargetException
Build info: version: '2.53.0', revision: '35ae25b1534ae328c771e0856c93e187490ca824', time: '2016-03-15 10:43:46'
System info: host: 'W-VN-KEL51O-013', ip: '10.13.15.79', os.name: 'Windows 10', os.arch: 'amd64', os.version: '10.0', java.version: '1.8.0_91'
Driver info: driver.version: unknown
	at sun.reflect.NativeMethodAccessorImpl.invoke0(Native Method)
	at sun.reflect.NativeMethodAccessorImpl.invoke(NativeMethodAccessorImpl.java:62)
	at sun.reflect.DelegatingMethodAccessorImpl.invoke(DelegatingMethodAccessorImpl.java:43)
	at java.lang.reflect.Method.invoke(Method.java:498)
	at org.openqa.selenium.remote.BeanToJsonConverter.convertObject(BeanToJsonConverter.java:218)
	at org.openqa.selenium.remote.BeanToJsonConverter.convertObject(BeanToJsonConverter.java:143)
	at org.openqa.selenium.remote.BeanToJsonConverter.convertObject(BeanToJsonConverter.java:189)
	at org.openqa.selenium.remote.BeanToJsonConverter.convertObject(BeanToJsonConverter.java:143)
	at org.openqa.selenium.remote.BeanToJsonConverter.convertObject(BeanToJsonConverter.java:86)
	at org.openqa.selenium.remote.BeanToJsonConverter.convert(BeanToJsonConverter.java:66)
	at org.openqa.selenium.remote.http.JsonHttpCommandCodec.encode(JsonHttpCommandCodec.java:228)
	at org.openqa.selenium.remote.HttpCommandExecutor.execute(HttpCommandExecutor.java:139)
	at org.openqa.selenium.remote.service.DriverCommandExecutor.execute(DriverCommandExecutor.java:82)
	at org.openqa.selenium.remote.RemoteWebDriver.execute(RemoteWebDriver.java:644)
	at org.openqa.selenium.remote.RemoteWebDriver.startSession(RemoteWebDriver.java:249)
	at org.openqa.selenium.remote.RemoteWebDriver.<init>(RemoteWebDriver.java:131)
	at org.openqa.selenium.remote.RemoteWebDriver.<init>(RemoteWebDriver.java:144)
	at org.openqa.selenium.chrome.ChromeDriver.<init>(ChromeDriver.java:170)
	at org.openqa.selenium.chrome.ChromeDriver.<init>(ChromeDriver.java:138)
	at sun.reflect.NativeConstructorAccessorImpl.newInstance0(Native Method)
	at sun.reflect.NativeConstructorAccessorImpl.newInstance(NativeConstructorAccessorImpl.java:62)
	at sun.reflect.DelegatingConstructorAccessorImpl.newInstance(DelegatingConstructorAccessorImpl.java:45)
	at java.lang.reflect.Constructor.newInstance(Constructor.java:423)
	at org.openqa.selenium.remote.server.DefaultDriverProvider.callConstructor(DefaultDriverProvider.java:103)
	at org.openqa.selenium.remote.server.DefaultDriverProvider.newInstance(DefaultDriverProvider.java:97)
	at org.openqa.selenium.remote.server.DefaultDriverFactory.newInstance(DefaultDriverFactory.java:60)
	at ru.stqa.selenium.factory.WebDriverFactoryInternal.createLocalDriver(WebDriverFactoryInternal.java:117)
	at ru.stqa.selenium.factory.WebDriverFactoryInternal.newDriver(WebDriverFactoryInternal.java:102)
	at ru.stqa.selenium.factory.ThreadLocalSingletonStorage.createNewDriver(ThreadLocalSingletonStorage.java:90)
	at ru.stqa.selenium.factory.ThreadLocalSingletonStorage.getDriver(ThreadLocalSingletonStorage.java:37)
	at ru.stqa.selenium.factory.WebDriverFactoryInternal.getDriver(WebDriverFactoryInternal.java:93)
	at ru.stqa.selenium.factory.WebDriverFactory.getDriver(WebDriverFactory.java:52)
	at FozzySalesForecastTest.startBrowser(FozzySalesForecastTest.java:100)
	at FozzySalesForecastTest.A_openPopUpWindowTest_1(FozzySalesForecastTest.java:167)
Caused by: java.lang.StackOverflowError: null
	at com.google.gson.internal.$Gson$Types.resolve($Gson$Types.java:381)
	at com.google.gson.internal.$Gson$Types.resolve($Gson$Types.java:376)
	at com.google.gson.internal.$Gson$Types.resolve($Gson$Types.java:381)
	at com.google.gson.internal.$Gson$Types.resolve($Gson$Types.java:376)
	at com.google.gson.internal.$Gson$Types.resolve($Gson$Types.java:381)
	at com.google.gson.internal.$Gson$Types.resolve($Gson$Types.java:376)
	at com.google.gson.internal.$Gson$Types.resolve($Gson$Types.java:381)
	at com.google.gson.internal.$Gson$Types.resolve($Gson$Types.java:376)
	at com.google.gson.internal.$Gson$Types.resolve($Gson$Types.java:381)
	at com.google.gson.internal.$Gson$Types.resolve($Gson$Types.java:376)
	at com.google.gson.internal.$Gson$Types.resolve($Gson$Types.java:381)
	at com.google.gson.internal.$Gson$Types.resolve($Gson$Types.java:376)
	at com.google.gson.internal.$Gson$Types.resolve($Gson$Types.java:381)
	at com.google.gson.internal.$Gson$Types.resolve($Gson$Types.java:376)
	at com.google.gson.internal.$Gson$Types.resolve($Gson$Types.java:381)
	at com.google.gson.internal.$Gson$Types.resolve($Gson$Types.java:376)
	at com.google.gson.internal.$Gson$Types.resolve($Gson$Types.java:381)
	at com.google.gson.internal.$Gson$Types.resolve($Gson$Types.java:376)
	at com.google.gson.internal.$Gson$Types.resolve($Gson$Types.java:381)
	at com.google.gson.internal.$Gson$Types.resolve($Gson$Types.java:376)
	at com.google.gson.internal.$Gson$Types.resolve($Gson$Types.java:381)
	at com.google.gson.internal.$Gson$Types.resolve($Gson$Types.java:376)
	at com.google.gson.internal.$Gson$Types.resolve($Gson$Types.java:381)
	at com.google.gson.internal.$Gson$Types.resolve($Gson$Types.java:376)
	at com.google.gson.internal.$Gson$Types.resolve($Gson$Types.java:381)
	at com.google.gson.internal.$Gson$Types.resolve($Gson$Types.java:376)
	at com.google.gson.internal.$Gson$Types.resolve($Gson$Types.java:381)
	at com.google.gson.internal.$Gson$Types.resolve($Gson$Types.java:376)
	at com.google.gson.internal.$Gson$Types.resolve($Gson$Types.java:381)
	at com.google.gson.internal.$Gson$Types.resolve($Gson$Types.java:376)
	at com.google.gson.internal.$Gson$Types.resolve($Gson$Types.java:381)
	at com.google.gson.internal.$Gson$Types.resolve($Gson$Types.java:376)
	at com.google.gson.internal.$Gson$Types.resolve($Gson$Types.java:381)
	at com.google.gson.internal.$Gson$Types.resolve($Gson$Types.java:376)
	at com.google.gson.internal.$Gson$Types.resolve($Gson$Types.java:381)
	at com.google.gson.internal.$Gson$Types.resolve($Gson$Types.java:376)
	at com.google.gson.internal.$Gson$Types.resolve($Gson$Types.java:381)
	at com.google.gson.internal.$Gson$Types.resolve($Gson$Types.java:376)
	at com.google.gson.internal.$Gson$Types.resolve($Gson$Types.java:381)
	at com.google.gson.internal.$Gson$Types.resolve($Gson$Types.java:376)
	at com.google.gson.internal.$Gson$Types.resolve($Gson$Types.java:381)
	at com.google.gson.internal.$Gson$Types.resolve($Gson$Types.java:376)
	at com.google.gson.internal.$Gson$Types.resolve($Gson$Types.java:381)
	at com.google.gson.internal.$Gson$Types.resolve($Gson$Types.java:376)
	at com.google.gson.internal.$Gson$Types.resolve($Gson$Types.java:381)
	at com.google.gson.internal.$Gson$Types.resolve($Gson$Types.java:376)
	at com.google.gson.internal.$Gson$Types.resolve($Gson$Types.java:381)
	at com.google.gson.internal.$Gson$Types.resolve($Gson$Types.java:376)
	at com.google.gson.internal.$Gson$Types.resolve($Gson$Types.java:381)
	at com.google.gson.internal.$Gson$Types.resolve($Gson$Types.java:376)
	at com.google.gson.internal.$Gson$Types.resolve($Gson$Types.java:381)
	at com.google.gson.internal.$Gson$Types.resolve($Gson$Types.java:376)
	at com.google.gson.internal.$Gson$Types.resolve($Gson$Types.java:381)
	at com.google.gson.internal.$Gson$Types.resolve($Gson$Types.java:376)
	at com.google.gson.internal.$Gson$Types.resolve($Gson$Types.java:381)
	at com.google.gson.internal.$Gson$Types.resolve($Gson$Types.java:376)
	at com.google.gson.internal.$Gson$Types.resolve($Gson$Types.java:381)
	at com.google.gson.internal.$Gson$Types.resolve($Gson$Types.java:376)
	at com.google.gson.internal.$Gson$Types.resolve($Gson$Types.java:381)
	at com.google.gson.internal.$Gson$Types.resolve($Gson$Types.java:376)
	at com.google.gson.internal.$Gson$Types.resolve($Gson$Types.java:381)
	at com.google.gson.internal.$Gson$Types.resolve($Gson$Types.java:376)
	at com.google.gson.internal.$Gson$Types.resolve($Gson$Types.java:381)
	at com.google.gson.internal.$Gson$Types.resolve($Gson$Types.java:376)
	at com.google.gson.internal.$Gson$Types.resolve($Gson$Types.java:381)
	at com.google.gson.internal.$Gson$Types.resolve($Gson$Types.java:376)
	at com.google.gson.internal.$Gson$Types.resolve($Gson$Types.java:381)
	at com.google.gson.internal.$Gson$Types.resolve($Gson$Types.java:376)
	at com.google.gson.internal.$Gson$Types.resolve($Gson$Types.java:381)
	at com.google.gson.internal.$Gson$Types.resolve($Gson$Types.java:376)
	at com.google.gson.internal.$Gson$Types.resolve($Gson$Types.java:381)
	at com.google.gson.internal.$Gson$Types.resolve($Gson$Types.java:376)
	at com.google.gson.internal.$Gson$Types.resolve($Gson$Types.java:381)
	at com.google.gson.internal.$Gson$Types.resolve($Gson$Types.java:376)
	at com.google.gson.internal.$Gson$Types.resolve($Gson$Types.java:381)
	at com.google.gson.internal.$Gson$Types.resolve($Gson$Types.java:376)
	at com.google.gson.internal.$Gson$Types.resolve($Gson$Types.java:381)
	at com.google.gson.internal.$Gson$Types.resolve($Gson$Types.java:376)
	at com.google.gson.internal.$Gson$Types.resolve($Gson$Types.java:381)
	at com.google.gson.internal.$Gson$Types.resolve($Gson$Types.java:376)
	at com.google.gson.internal.$Gson$Types.resolve($Gson$Types.java:381)
	at com.google.gson.internal.$Gson$Types.resolve($Gson$Types.java:376)
	at com.google.gson.internal.$Gson$Types.resolve($Gson$Types.java:381)
	at com.google.gson.internal.$Gson$Types.resolve($Gson$Types.java:376)
	at com.google.gson.internal.$Gson$Types.resolve($Gson$Types.java:381)
	at com.google.gson.internal.$Gson$Types.resolve($Gson$Types.java:376)
	at com.google.gson.internal.$Gson$Types.resolve($Gson$Types.java:381)
	at com.google.gson.internal.$Gson$Types.resolve($Gson$Types.java:376)
	at com.google.gson.internal.$Gson$Types.resolve($Gson$Types.java:381)
	at com.google.gson.internal.$Gson$Types.resolve($Gson$Types.java:376)
	at com.google.gson.internal.$Gson$Types.resolve($Gson$Types.java:381)
	at com.google.gson.internal.$Gson$Types.resolve($Gson$Types.java:376)
	at com.google.gson.internal.$Gson$Types.resolve($Gson$Types.java:381)
	at com.google.gson.internal.$Gson$Types.resolve($Gson$Types.java:376)
	at com.google.gson.internal.$Gson$Types.resolve($Gson$Types.java:381)
	at com.google.gson.internal.$Gson$Types.resolve($Gson$Types.java:376)
	at com.google.gson.internal.$Gson$Types.resolve($Gson$Types.java:381)
	at com.google.gson.internal.$Gson$Types.resolve($Gson$Types.java:376)
	at com.google.gson.internal.$Gson$Types.resolve($Gson$Types.java:381)
	at com.google.gson.internal.$Gson$Types.resolve($Gson$Types.java:376)
	at com.google.gson.internal.$Gson$Types.resolve($Gson$Types.java:381)
	at com.google.gson.internal.$Gson$Types.resolve($Gson$Types.java:376)
	at com.google.gson.internal.$Gson$Types.resolve($Gson$Types.java:381)
	at com.google.gson.internal.$Gson$Types.resolve($Gson$Types.java:376)
	at com.google.gson.internal.$Gson$Types.resolve($Gson$Types.java:381)
	at com.google.gson.internal.$Gson$Types.resolve($Gson$Types.java:376)
	at com.google.gson.internal.$Gson$Types.resolve($Gson$Types.java:381)
	at com.google.gson.internal.$Gson$Types.resolve($Gson$Types.java:376)
	at com.google.gson.internal.$Gson$Types.resolve($Gson$Types.java:381)
	at com.google.gson.internal.$Gson$Types.resolve($Gson$Types.java:376)
	at com.google.gson.internal.$Gson$Types.resolve($Gson$Types.java:381)
	at com.google.gson.internal.$Gson$Types.resolve($Gson$Types.java:376)
	at com.google.gson.internal.$Gson$Types.resolve($Gson$Types.java:381)
	at com.google.gson.internal.$Gson$Types.resolve($Gson$Types.java:376)
	at com.google.gson.internal.$Gson$Types.resolve($Gson$Types.java:381)
	at com.google.gson.internal.$Gson$Types.resolve($Gson$Types.java:376)
	at com.google.gson.internal.$Gson$Types.resolve($Gson$Types.java:381)
	at com.google.gson.internal.$Gson$Types.resolve($Gson$Types.java:376)
	at com.google.gson.internal.$Gson$Types.resolve($Gson$Types.java:381)
	at com.google.gson.internal.$Gson$Types.resolve($Gson$Types.java:376)
	at com.google.gson.internal.$Gson$Types.resolve($Gson$Types.java:381)
	at com.google.gson.internal.$Gson$Types.resolve($Gson$Types.java:376)
	at com.google.gson.internal.$Gson$Types.resolve($Gson$Types.java:381)
	at com.google.gson.internal.$Gson$Types.resolve($Gson$Types.java:376)
	at com.google.gson.internal.$Gson$Types.resolve($Gson$Types.java:381)
	at com.google.gson.internal.$Gson$Types.resolve($Gson$Types.java:376)
	at com.google.gson.internal.$Gson$Types.resolve($Gson$Types.java:381)
	at com.google.gson.internal.$Gson$Types.resolve($Gson$Types.java:376)
	at com.google.gson.internal.$Gson$Types.resolve($Gson$Types.java:381)
	at com.google.gson.internal.$Gson$Types.resolve($Gson$Types.java:376)
	at com.google.gson.internal.$Gson$Types.resolve($Gson$Types.java:381)
	at com.google.gson.internal.$Gson$Types.resolve($Gson$Types.java:376)
	at com.google.gson.internal.$Gson$Types.resolve($Gson$Types.java:381)
	at com.google.gson.internal.$Gson$Types.resolve($Gson$Types.java:376)
	at com.google.gson.internal.$Gson$Types.resolve($Gson$Types.java:381)
	at com.google.gson.internal.$Gson$Types.resolve($Gson$Types.java:376)
	at com.google.gson.internal.$Gson$Types.resolve($Gson$Types.java:381)
	at com.google.gson.internal.$Gson$Types.resolve($Gson$Types.java:376)
	at com.google.gson.internal.$Gson$Types.resolve($Gson$Types.java:381)
	at com.google.gson.internal.$Gson$Types.resolve($Gson$Types.java:376)
	at com.google.gson.internal.$Gson$Types.resolve($Gson$Types.java:381)
	at com.google.gson.internal.$Gson$Types.resolve($Gson$Types.java:376)
	at com.google.gson.internal.$Gson$Types.resolve($Gson$Types.java:381)
	at com.google.gson.internal.$Gson$Types.resolve($Gson$Types.java:376)
	at com.google.gson.internal.$Gson$Types.resolve($Gson$Types.java:381)
	at com.google.gson.internal.$Gson$Types.resolve($Gson$Types.java:376)
	at com.google.gson.internal.$Gson$Types.resolve($Gson$Types.java:381)
	at com.google.gson.internal.$Gson$Types.resolve($Gson$Types.java:376)
	at com.google.gson.internal.$Gson$Types.resolve($Gson$Types.java:381)
	at com.google.gson.internal.$Gson$Types.resolve($Gson$Types.java:376)
	at com.google.gson.internal.$Gson$Types.resolve($Gson$Types.java:381)
	at com.google.gson.internal.$Gson$Types.resolve($Gson$Types.java:376)
	at com.google.gson.internal.$Gson$Types.resolve($Gson$Types.java:381)
	at com.google.gson.internal.$Gson$Types.resolve($Gson$Types.java:376)
	at com.google.gson.internal.$Gson$Types.resolve($Gson$Types.java:381)
	at com.google.gson.internal.$Gson$Types.resolve($Gson$Types.java:376)
	at com.google.gson.internal.$Gson$Types.resolve($Gson$Types.java:381)
	at com.google.gson.internal.$Gson$Types.resolve($Gson$Types.java:376)
	at com.google.gson.internal.$Gson$Types.resolve($Gson$Types.java:381)
	at com.google.gson.internal.$Gson$Types.resolve($Gson$Types.java:376)
	at com.google.gson.internal.$Gson$Types.resolve($Gson$Types.java:381)
	at com.google.gson.internal.$Gson$Types.resolve($Gson$Types.java:376)
	at com.google.gson.internal.$Gson$Types.resolve($Gson$Types.java:381)
	at com.google.gson.internal.$Gson$Types.resolve($Gson$Types.java:376)
	at com.google.gson.internal.$Gson$Types.resolve($Gson$Types.java:381)
	at com.google.gson.internal.$Gson$Types.resolve($Gson$Types.java:376)
	at com.google.gson.internal.$Gson$Types.resolve($Gson$Types.java:381)
	at com.google.gson.internal.$Gson$Types.resolve($Gson$Types.java:376)
	at com.google.gson.internal.$Gson$Types.resolve($Gson$Types.java:381)
	at com.google.gson.internal.$Gson$Types.resolve($Gson$Types.java:376)
	at com.google.gson.internal.$Gson$Types.resolve($Gson$Types.java:381)
	at com.google.gson.internal.$Gson$Types.resolve($Gson$Types.java:376)
	at com.google.gson.internal.$Gson$Types.resolve($Gson$Types.java:381)
	at com.google.gson.internal.$Gson$Types.resolve($Gson$Types.java:376)
	at com.google.gson.internal.$Gson$Types.resolve($Gson$Types.java:381)
	at com.google.gson.internal.$Gson$Types.resolve($Gson$Types.java:376)
	at com.google.gson.internal.$Gson$Types.resolve($Gson$Types.java:381)
	at com.google.gson.internal.$Gson$Types.resolve($Gson$Types.java:376)
	at com.google.gson.internal.$Gson$Types.resolve($Gson$Types.java:381)
	at com.google.gson.internal.$Gson$Types.resolve($Gson$Types.java:376)
	at com.google.gson.internal.$Gson$Types.resolve($Gson$Types.java:381)
	at com.google.gson.internal.$Gson$Types.resolve($Gson$Types.java:376)
	at com.google.gson.internal.$Gson$Types.resolve($Gson$Types.java:381)
	at com.google.gson.internal.$Gson$Types.resolve($Gson$Types.java:376)
	at com.google.gson.internal.$Gson$Types.resolve($Gson$Types.java:381)
	at com.google.gson.internal.$Gson$Types.resolve($Gson$Types.java:376)
	at com.google.gson.internal.$Gson$Types.resolve($Gson$Types.java:381)
	at com.google.gson.internal.$Gson$Types.resolve($Gson$Types.java:376)
	at com.google.gson.internal.$Gson$Types.resolve($Gson$Types.java:381)
	at com.google.gson.internal.$Gson$Types.resolve($Gson$Types.java:376)
	at com.google.gson.internal.$Gson$Types.resolve($Gson$Types.java:381)
	at com.google.gson.internal.$Gson$Types.resolve($Gson$Types.java:376)
	at com.google.gson.internal.$Gson$Types.resolve($Gson$Types.java:381)
	at com.google.gson.internal.$Gson$Types.resolve($Gson$Types.java:376)
	at com.google.gson.internal.$Gson$Types.resolve($Gson$Types.java:381)
	at com.google.gson.internal.$Gson$Types.resolve($Gson$Types.java:376)
	at com.google.gson.internal.$Gson$Types.resolve($Gson$Types.java:381)
	at com.google.gson.internal.$Gson$Types.resolve($Gson$Types.java:376)
	at com.google.gson.internal.$Gson$Types.resolve($Gson$Types.java:381)
	at com.google.gson.internal.$Gson$Types.resolve($Gson$Types.java:376)
	at com.google.gson.internal.$Gson$Types.resolve($Gson$Types.java:381)
	at com.google.gson.internal.$Gson$Types.resolve($Gson$Types.java:376)
	at com.google.gson.internal.$Gson$Types.resolve($Gson$Types.java:381)
	at com.google.gson.internal.$Gson$Types.resolve($Gson$Types.java:376)
	at com.google.gson.internal.$Gson$Types.resolve($Gson$Types.java:381)
	at com.google.gson.internal.$Gson$Types.resolve($Gson$Types.java:376)
	at com.google.gson.internal.$Gson$Types.resolve($Gson$Types.java:381)
	at com.google.gson.internal.$Gson$Types.resolve($Gson$Types.java:376)
	at com.google.gson.internal.$Gson$Types.resolve($Gson$Types.java:381)
	at com.google.gson.internal.$Gson$Types.resolve($Gson$Types.java:376)
	at com.google.gson.internal.$Gson$Types.resolve($Gson$Types.java:381)
	at com.google.gson.internal.$Gson$Types.resolve($Gson$Types.java:376)
	at com.google.gson.internal.$Gson$Types.resolve($Gson$Types.java:381)
	at com.google.gson.internal.$Gson$Types.resolve($Gson$Types.java:376)
	at com.google.gson.internal.$Gson$Types.resolve($Gson$Types.java:381)
	at com.google.gson.internal.$Gson$Types.resolve($Gson$Types.java:376)
	at com.google.gson.internal.$Gson$Types.resolve($Gson$Types.java:381)
	at com.google.gson.internal.$Gson$Types.resolve($Gson$Types.java:376)
	at com.google.gson.internal.$Gson$Types.resolve($Gson$Types.java:381)
	at com.google.gson.internal.$Gson$Types.resolve($Gson$Types.java:376)
	at com.google.gson.internal.$Gson$Types.resolve($Gson$Types.java:381)
	at com.google.gson.internal.$Gson$Types.resolve($Gson$Types.java:376)
	at com.google.gson.internal.$Gson$Types.resolve($Gson$Types.java:381)
	at com.google.gson.internal.$Gson$Types.resolve($Gson$Types.java:376)
	at com.google.gson.internal.$Gson$Types.resolve($Gson$Types.java:381)
	at com.google.gson.internal.$Gson$Types.resolve($Gson$Types.java:376)
	at com.google.gson.internal.$Gson$Types.resolve($Gson$Types.java:381)
	at com.google.gson.internal.$Gson$Types.resolve($Gson$Types.java:376)
	at com.google.gson.internal.$Gson$Types.resolve($Gson$Types.java:381)
	at com.google.gson.internal.$Gson$Types.resolve($Gson$Types.java:376)
	at com.google.gson.internal.$Gson$Types.resolve($Gson$Types.java:381)
	at com.google.gson.internal.$Gson$Types.resolve($Gson$Types.java:376)
	at com.google.gson.internal.$Gson$Types.resolve($Gson$Types.java:381)
	at com.google.gson.internal.$Gson$Types.resolve($Gson$Types.java:376)
	at com.google.gson.internal.$Gson$Types.resolve($Gson$Types.java:381)
	at com.google.gson.internal.$Gson$Types.resolve($Gson$Types.java:376)
	at com.google.gson.internal.$Gson$Types.resolve($Gson$Types.java:381)
	at com.google.gson.internal.$Gson$Types.resolve($Gson$Types.java:376)
	at com.google.gson.internal.$Gson$Types.resolve($Gson$Types.java:381)
	at com.google.gson.internal.$Gson$Types.resolve($Gson$Types.java:376)
	at com.google.gson.internal.$Gson$Types.resolve($Gson$Types.java:381)
	at com.google.gson.internal.$Gson$Types.resolve($Gson$Types.java:376)
	at com.google.gson.internal.$Gson$Types.resolve($Gson$Types.java:381)
	at com.google.gson.internal.$Gson$Types.resolve($Gson$Types.java:376)
	at com.google.gson.internal.$Gson$Types.resolve($Gson$Types.java:381)
	at com.google.gson.internal.$Gson$Types.resolve($Gson$Types.java:376)
	at com.google.gson.internal.$Gson$Types.resolve($Gson$Types.java:381)
	at com.google.gson.internal.$Gson$Types.resolve($Gson$Types.java:376)
	at com.google.gson.internal.$Gson$Types.resolve($Gson$Types.java:381)
	at com.google.gson.internal.$Gson$Types.resolve($Gson$Types.java:376)
	at com.google.gson.internal.$Gson$Types.resolve($Gson$Types.java:381)
	at com.google.gson.internal.$Gson$Types.resolve($Gson$Types.java:376)
	at com.google.gson.internal.$Gson$Types.resolve($Gson$Types.java:381)
	at com.google.gson.internal.$Gson$Types.resolve($Gson$Types.java:376)
	at com.google.gson.internal.$Gson$Types.resolve($Gson$Types.java:381)
	at com.google.gson.internal.$Gson$Types.resolve($Gson$Types.java:376)
	at com.google.gson.internal.$Gson$Types.resolve($Gson$Types.java:381)
	at com.google.gson.internal.$Gson$Types.resolve($Gson$Types.java:376)
	at com.google.gson.internal.$Gson$Types.resolve($Gson$Types.java:381)
	at com.google.gson.internal.$Gson$Types.resolve($Gson$Types.java:376)
	at com.google.gson.internal.$Gson$Types.resolve($Gson$Types.java:381)
	at com.google.gson.internal.$Gson$Types.resolve($Gson$Types.java:376)
	at com.google.gson.internal.$Gson$Types.resolve($Gson$Types.java:381)
	at com.google.gson.internal.$Gson$Types.resolve($Gson$Types.java:376)
	at com.google.gson.internal.$Gson$Types.resolve($Gson$Types.java:381)
	at com.google.gson.internal.$Gson$Types.resolve($Gson$Types.java:376)
	at com.google.gson.internal.$Gson$Types.resolve($Gson$Types.java:381)
	at com.google.gson.internal.$Gson$Types.resolve($Gson$Types.java:376)
	at com.google.gson.internal.$Gson$Types.resolve($Gson$Types.java:381)
	at com.google.gson.internal.$Gson$Types.resolve($Gson$Types.java:376)
	at com.google.gson.internal.$Gson$Types.resolve($Gson$Types.java:381)
	at com.google.gson.internal.$Gson$Types.resolve($Gson$Types.java:376)
	at com.google.gson.internal.$Gson$Types.resolve($Gson$Types.java:381)
	at com.google.gson.internal.$Gson$Types.resolve($Gson$Types.java:376)
	at com.google.gson.internal.$Gson$Types.resolve($Gson$Types.java:381)
	at com.google.gson.internal.$Gson$Types.resolve($Gson$Types.java:376)
	at com.google.gson.internal.$Gson$Types.resolve($Gson$Types.java:381)
	at com.google.gson.internal.$Gson$Types.resolve($Gson$Types.java:376)
	at com.google.gson.internal.$Gson$Types.resolve($Gson$Types.java:381)
	at com.google.gson.internal.$Gson$Types.resolve($Gson$Types.java:376)
	at com.google.gson.internal.$Gson$Types.resolve($Gson$Types.java:381)
	at com.google.gson.internal.$Gson$Types.resolve($Gson$Types.java:376)
	at com.google.gson.internal.$Gson$Types.resolve($Gson$Types.java:381)
	at com.google.gson.internal.$Gson$Types.resolve($Gson$Types.java:376)
	at com.google.gson.internal.$Gson$Types.resolve($Gson$Types.java:381)
	at com.google.gson.internal.$Gson$Types.resolve($Gson$Types.java:376)
	at com.google.gson.internal.$Gson$Types.resolve($Gson$Types.java:381)
	at com.google.gson.internal.$Gson$Types.resolve($Gson$Types.java:376)
	at com.google.gson.internal.$Gson$Types.resolve($Gson$Types.java:381)
	at com.google.gson.internal.$Gson$Types.resolve($Gson$Types.java:376)
	at com.google.gson.internal.$Gson$Types.resolve($Gson$Types.java:381)
	at com.google.gson.internal.$Gson$Types.resolve($Gson$Types.java:376)
	at com.google.gson.internal.$Gson$Types.resolve($Gson$Types.java:381)
	at com.google.gson.internal.$Gson$Types.resolve($Gson$Types.java:376)
	at com.google.gson.internal.$Gson$Types.resolve($Gson$Types.java:381)
	at com.google.gson.internal.$Gson$Types.resolve($Gson$Types.java:376)
	at com.google.gson.internal.$Gson$Types.resolve($Gson$Types.java:381)
	at com.google.gson.internal.$Gson$Types.resolve($Gson$Types.java:376)
	at com.google.gson.internal.$Gson$Types.resolve($Gson$Types.java:381)
	at com.google.gson.internal.$Gson$Types.resolve($Gson$Types.java:376)
	at com.google.gson.internal.$Gson$Types.resolve($Gson$Types.java:381)
	at com.google.gson.internal.$Gson$Types.resolve($Gson$Types.java:376)
	at com.google.gson.internal.$Gson$Types.resolve($Gson$Types.java:381)
	at com.google.gson.internal.$Gson$Types.resolve($Gson$Types.java:376)
	at com.google.gson.internal.$Gson$Types.resolve($Gson$Types.java:381)
	at com.google.gson.internal.$Gson$Types.resolve($Gson$Types.java:376)
	at com.google.gson.internal.$Gson$Types.resolve($Gson$Types.java:381)
	at com.google.gson.internal.$Gson$Types.resolve($Gson$Types.java:376)
	at com.google.gson.internal.$Gson$Types.resolve($Gson$Types.java:381)
	at com.google.gson.internal.$Gson$Types.resolve($Gson$Types.java:376)
	at com.google.gson.internal.$Gson$Types.resolve($Gson$Types.java:381)
	at com.google.gson.internal.$Gson$Types.resolve($Gson$Types.java:376)
	at com.google.gson.internal.$Gson$Types.resolve($Gson$Types.java:381)
	at com.google.gson.internal.$Gson$Types.resolve($Gson$Types.java:376)
	at com.google.gson.internal.$Gson$Types.resolve($Gson$Types.java:381)
	at com.google.gson.internal.$Gson$Types.resolve($Gson$Types.java:376)
	at com.google.gson.internal.$Gson$Types.resolve($Gson$Types.java:381)
	at com.google.gson.internal.$Gson$Types.resolve($Gson$Types.java:376)
	at com.google.gson.internal.$Gson$Types.resolve($Gson$Types.java:381)
	at com.google.gson.internal.$Gson$Types.resolve($Gson$Types.java:376)
	at com.google.gson.internal.$Gson$Types.resolve($Gson$Types.java:381)
	at com.google.gson.internal.$Gson$Types.resolve($Gson$Types.java:376)
	at com.google.gson.internal.$Gson$Types.resolve($Gson$Types.java:381)
	at com.google.gson.internal.$Gson$Types.resolve($Gson$Types.java:376)
	at com.google.gson.internal.$Gson$Types.resolve($Gson$Types.java:381)
	at com.google.gson.internal.$Gson$Types.resolve($Gson$Types.java:376)
	at com.google.gson.internal.$Gson$Types.resolve($Gson$Types.java:381)
	at com.google.gson.internal.$Gson$Types.resolve($Gson$Types.java:376)
	at com.google.gson.internal.$Gson$Types.resolve($Gson$Types.java:381)
	at com.google.gson.internal.$Gson$Types.resolve($Gson$Types.java:376)
	at com.google.gson.internal.$Gson$Types.resolve($Gson$Types.java:381)
	at com.google.gson.internal.$Gson$Types.resolve($Gson$Types.java:376)
	at com.google.gson.internal.$Gson$Types.resolve($Gson$Types.java:381)
	at com.google.gson.internal.$Gson$Types.resolve($Gson$Types.java:376)
	at com.google.gson.internal.$Gson$Types.resolve($Gson$Types.java:381)
	at com.google.gson.internal.$Gson$Types.resolve($Gson$Types.java:376)
	at com.google.gson.internal.$Gson$Types.resolve($Gson$Types.java:381)
	at com.google.gson.internal.$Gson$Types.resolve($Gson$Types.java:376)
	at com.google.gson.internal.$Gson$Types.resolve($Gson$Types.java:381)
	at com.google.gson.internal.$Gson$Types.resolve($Gson$Types.java:376)
	at com.google.gson.internal.$Gson$Types.resolve($Gson$Types.java:381)
	at com.google.gson.internal.$Gson$Types.resolve($Gson$Types.java:376)
	at com.google.gson.internal.$Gson$Types.resolve($Gson$Types.java:381)
	at com.google.gson.internal.$Gson$Types.resolve($Gson$Types.java:376)
	at com.google.gson.internal.$Gson$Types.resolve($Gson$Types.java:381)
	at com.google.gson.internal.$Gson$Types.resolve($Gson$Types.java:376)
	at com.google.gson.internal.$Gson$Types.resolve($Gson$Types.java:381)
	at com.google.gson.internal.$Gson$Types.resolve($Gson$Types.java:376)
	at com.google.gson.internal.$Gson$Types.resolve($Gson$Types.java:381)
	at com.google.gson.internal.$Gson$Types.resolve($Gson$Types.java:376)
	at com.google.gson.internal.$Gson$Types.resolve($Gson$Types.java:381)
	at com.google.gson.internal.$Gson$Types.resolve($Gson$Types.java:376)
	at com.google.gson.internal.$Gson$Types.resolve($Gson$Types.java:381)
	at com.google.gson.internal.$Gson$Types.resolve($Gson$Types.java:376)
	at com.google.gson.internal.$Gson$Types.resolve($Gson$Types.java:381)
	at com.google.gson.internal.$Gson$Types.resolve($Gson$Types.java:376)
	at com.google.gson.internal.$Gson$Types.resolve($Gson$Types.java:381)
	at com.google.gson.internal.$Gson$Types.resolve($Gson$Types.java:376)
	at com.google.gson.internal.$Gson$Types.resolve($Gson$Types.java:381)
	at com.google.gson.internal.$Gson$Types.resolve($Gson$Types.java:376)
	at com.google.gson.internal.$Gson$Types.resolve($Gson$Types.java:381)
	at com.google.gson.internal.$Gson$Types.resolve($Gson$Types.java:376)
	at com.google.gson.internal.$Gson$Types.resolve($Gson$Types.java:381)
	at com.google.gson.internal.$Gson$Types.resolve($Gson$Types.java:376)
	at com.google.gson.internal.$Gson$Types.resolve($Gson$Types.java:381)
	at com.google.gson.internal.$Gson$Types.resolve($Gson$Types.java:376)
	at com.google.gson.internal.$Gson$Types.resolve($Gson$Types.java:381)
	at com.google.gson.internal.$Gson$Types.resolve($Gson$Types.java:376)
	at com.google.gson.internal.$Gson$Types.resolve($Gson$Types.java:381)
	at com.google.gson.internal.$Gson$Types.resolve($Gson$Types.java:376)
	at com.google.gson.internal.$Gson$Types.resolve($Gson$Types.java:381)
	at com.google.gson.internal.$Gson$Types.resolve($Gson$Types.java:376)
	at com.google.gson.internal.$Gson$Types.resolve($Gson$Types.java:381)
	at com.google.gson.internal.$Gson$Types.resolve($Gson$Types.java:376)
	at com.google.gson.internal.$Gson$Types.resolve($Gson$Types.java:381)
	at com.google.gson.internal.$Gson$Types.resolve($Gson$Types.java:376)
	at com.google.gson.internal.$Gson$Types.resolve($Gson$Types.java:381)
	at com.google.gson.internal.$Gson$Types.resolve($Gson$Types.java:376)
	at com.google.gson.internal.$Gson$Types.resolve($Gson$Types.java:381)
	at com.google.gson.internal.$Gson$Types.resolve($Gson$Types.java:376)
	at com.google.gson.internal.$Gson$Types.resolve($Gson$Types.java:381)
	at com.google.gson.internal.$Gson$Types.resolve($Gson$Types.java:376)
	at com.google.gson.internal.$Gson$Types.resolve($Gson$Types.java:381)
	at com.google.gson.internal.$Gson$Types.resolve($Gson$Types.java:376)
	at com.google.gson.internal.$Gson$Types.resolve($Gson$Types.java:381)
	at com.google.gson.internal.$Gson$Types.resolve($Gson$Types.java:376)
	at com.google.gson.internal.$Gson$Types.resolve($Gson$Types.java:381)
	at com.google.gson.internal.$Gson$Types.resolve($Gson$Types.java:376)
	at com.google.gson.internal.$Gson$Types.resolve($Gson$Types.java:381)
	at com.google.gson.internal.$Gson$Types.resolve($Gson$Types.java:376)
	at com.google.gson.internal.$Gson$Types.resolve($Gson$Types.java:381)
	at com.google.gson.internal.$Gson$Types.resolve($Gson$Types.java:376)
	at com.google.gson.internal.$Gson$Types.resolve($Gson$Types.java:381)
	at com.google.gson.internal.$Gson$Types.resolve($Gson$Types.java:376)
	at com.google.gson.internal.$Gson$Types.resolve($Gson$Types.java:381)
	at com.google.gson.internal.$Gson$Types.resolve($Gson$Types.java:376)
	at com.google.gson.internal.$Gson$Types.resolve($Gson$Types.java:381)
	at com.google.gson.internal.$Gson$Types.resolve($Gson$Types.java:376)
	at com.google.gson.internal.$Gson$Types.resolve($Gson$Types.java:381)
	at com.google.gson.internal.$Gson$Types.resolve($Gson$Types.java:376)
	at com.google.gson.internal.$Gson$Types.resolve($Gson$Types.java:381)
	at com.google.gson.internal.$Gson$Types.resolve($Gson$Types.java:376)
	at com.google.gson.internal.$Gson$Types.resolve($Gson$Types.java:381)
	at com.google.gson.internal.$Gson$Types.resolve($Gson$Types.java:376)
	at com.google.gson.internal.$Gson$Types.resolve($Gson$Types.java:381)
	at com.google.gson.internal.$Gson$Types.resolve($Gson$Types.java:376)
	at com.google.gson.internal.$Gson$Types.resolve($Gson$Types.java:381)
	at com.google.gson.internal.$Gson$Types.resolve($Gson$Types.java:376)
	at com.google.gson.internal.$Gson$Types.resolve($Gson$Types.java:381)
	at com.google.gson.internal.$Gson$Types.resolve($Gson$Types.java:376)
	at com.google.gson.internal.$Gson$Types.resolve($Gson$Types.java:381)
	at com.google.gson.internal.$Gson$Types.resolve($Gson$Types.java:376)
	at com.google.gson.internal.$Gson$Types.resolve($Gson$Types.java:381)
	at com.google.gson.internal.$Gson$Types.resolve($Gson$Types.java:376)
	at com.google.gson.internal.$Gson$Types.resolve($Gson$Types.java:381)
	at com.google.gson.internal.$Gson$Types.resolve($Gson$Types.java:376)
	at com.google.gson.internal.$Gson$Types.resolve($Gson$Types.java:381)
	at com.google.gson.internal.$Gson$Types.resolve($Gson$Types.java:376)
	at com.google.gson.internal.$Gson$Types.resolve($Gson$Types.java:381)
	at com.google.gson.internal.$Gson$Types.resolve($Gson$Types.java:376)
	at com.google.gson.internal.$Gson$Types.resolve($Gson$Types.java:381)
	at com.google.gson.internal.$Gson$Types.resolve($Gson$Types.java:376)
	at com.google.gson.internal.$Gson$Types.resolve($Gson$Types.java:381)
	at com.google.gson.internal.$Gson$Types.resolve($Gson$Types.java:376)
	at com.google.gson.internal.$Gson$Types.resolve($Gson$Types.java:381)
	at com.google.gson.internal.$Gson$Types.resolve($Gson$Types.java:376)
	at com.google.gson.internal.$Gson$Types.resolve($Gson$Types.java:381)
	at com.google.gson.internal.$Gson$Types.resolve($Gson$Types.java:376)
	at com.google.gson.internal.$Gson$Types.resolve($Gson$Types.java:381)
	at com.google.gson.internal.$Gson$Types.resolve($Gson$Types.java:376)
	at com.google.gson.internal.$Gson$Types.resolve($Gson$Types.java:381)
	at com.google.gson.internal.$Gson$Types.resolve($Gson$Types.java:376)
	at com.google.gson.internal.$Gson$Types.resolve($Gson$Types.java:381)
	at com.google.gson.internal.$Gson$Types.resolve($Gson$Types.java:376)
	at com.google.gson.internal.$Gson$Types.resolve($Gson$Types.java:381)
	at com.google.gson.internal.$Gson$Types.resolve($Gson$Types.java:376)
	at com.google.gson.internal.$Gson$Types.resolve($Gson$Types.java:381)
	at com.google.gson.internal.$Gson$Types.resolve($Gson$Types.java:376)
	at com.google.gson.internal.$Gson$Types.resolve($Gson$Types.java:381)
	at com.google.gson.internal.$Gson$Types.resolve($Gson$Types.java:376)
	at com.google.gson.internal.$Gson$Types.resolve($Gson$Types.java:381)
	at com.google.gson.internal.$Gson$Types.resolve($Gson$Types.java:376)
	at com.google.gson.internal.$Gson$Types.resolve($Gson$Types.java:381)
	at com.google.gson.internal.$Gson$Types.resolve($Gson$Types.java:376)
	at com.google.gson.internal.$Gson$Types.resolve($Gson$Types.java:381)
	at com.google.gson.internal.$Gson$Types.resolve($Gson$Types.java:376)
	at com.google.gson.internal.$Gson$Types.resolve($Gson$Types.java:381)
	at com.google.gson.internal.$Gson$Types.resolve($Gson$Types.java:376)
	at com.google.gson.internal.$Gson$Types.resolve($Gson$Types.java:381)
	at com.google.gson.internal.$Gson$Types.resolve($Gson$Types.java:376)
	at com.google.gson.internal.$Gson$Types.resolve($Gson$Types.java:381)
	at com.google.gson.internal.$Gson$Types.resolve($Gson$Types.java:376)
	at com.google.gson.internal.$Gson$Types.resolve($Gson$Types.java:381)
	at com.google.gson.internal.$Gson$Types.resolve($Gson$Types.java:376)
	at com.google.gson.internal.$Gson$Types.resolve($Gson$Types.java:381)
	at com.google.gson.internal.$Gson$Types.resolve($Gson$Types.java:376)
	at com.google.gson.internal.$Gson$Types.resolve($Gson$Types.java:381)
	at com.google.gson.internal.$Gson$Types.resolve($Gson$Types.java:376)
	at com.google.gson.internal.$Gson$Types.resolve($Gson$Types.java:381)
	at com.google.gson.internal.$Gson$Types.resolve($Gson$Types.java:376)
	at com.google.gson.internal.$Gson$Types.resolve($Gson$Types.java:381)
	at com.google.gson.internal.$Gson$Types.resolve($Gson$Types.java:376)
	at com.google.gson.internal.$Gson$Types.resolve($Gson$Types.java:381)
	at com.google.gson.internal.$Gson$Types.resolve($Gson$Types.java:376)
	at com.google.gson.internal.$Gson$Types.resolve($Gson$Types.java:381)
	at com.google.gson.internal.$Gson$Types.resolve($Gson$Types.java:376)
	at com.google.gson.internal.$Gson$Types.resolve($Gson$Types.java:381)
	at com.google.gson.internal.$Gson$Types.resolve($Gson$Types.java:376)
	at com.google.gson.internal.$Gson$Types.resolve($Gson$Types.java:381)
	at com.google.gson.internal.$Gson$Types.resolve($Gson$Types.java:376)
	at com.google.gson.internal.$Gson$Types.resolve($Gson$Types.java:381)
	at com.google.gson.internal.$Gson$Types.resolve($Gson$Types.java:376)
	at com.google.gson.internal.$Gson$Types.resolve($Gson$Types.java:381)
	at com.google.gson.internal.$Gson$Types.resolve($Gson$Types.java:376)
	at com.google.gson.internal.$Gson$Types.resolve($Gson$Types.java:381)
	at com.google.gson.internal.$Gson$Types.resolve($Gson$Types.java:376)
	at com.google.gson.internal.$Gson$Types.resolve($Gson$Types.java:381)
	at com.google.gson.internal.$Gson$Types.resolve($Gson$Types.java:376)
	at com.google.gson.internal.$Gson$Types.resolve($Gson$Types.java:381)
	at com.google.gson.internal.$Gson$Types.resolve($Gson$Types.java:376)
	at com.google.gson.internal.$Gson$Types.resolve($Gson$Types.java:381)
	at com.google.gson.internal.$Gson$Types.resolve($Gson$Types.java:376)
	at com.google.gson.internal.$Gson$Types.resolve($Gson$Types.java:381)
	at com.google.gson.internal.$Gson$Types.resolve($Gson$Types.java:376)
	at com.google.gson.internal.$Gson$Types.resolve($Gson$Types.java:381)
	at com.google.gson.internal.$Gson$Types.resolve($Gson$Types.java:376)
	at com.google.gson.internal.$Gson$Types.resolve($Gson$Types.java:381)
	at com.google.gson.internal.$Gson$Types.resolve($Gson$Types.java:376)
	at com.google.gson.internal.$Gson$Types.resolve($Gson$Types.java:381)
	at com.google.gson.internal.$Gson$Types.resolve($Gson$Types.java:376)
	at com.google.gson.internal.$Gson$Types.resolve($Gson$Types.java:381)
	at com.google.gson.internal.$Gson$Types.resolve($Gson$Types.java:376)
	at com.google.gson.internal.$Gson$Types.resolve($Gson$Types.java:381)
	at com.google.gson.internal.$Gson$Types.resolve($Gson$Types.java:376)
	at com.google.gson.internal.$Gson$Types.resolve($Gson$Types.java:381)
	at com.google.gson.internal.$Gson$Types.resolve($Gson$Types.java:376)
	at com.google.gson.internal.$Gson$Types.resolve($Gson$Types.java:381)
	at com.google.gson.internal.$Gson$Types.resolve($Gson$Types.java:376)
	at com.google.gson.internal.$Gson$Types.resolve($Gson$Types.java:381)
	at com.google.gson.internal.$Gson$Types.resolve($Gson$Types.java:376)
	at com.google.gson.internal.$Gson$Types.resolve($Gson$Types.java:381)
	at com.google.gson.internal.$Gson$Types.resolve($Gson$Types.java:376)
	at com.google.gson.internal.$Gson$Types.resolve($Gson$Types.java:381)
	at com.google.gson.internal.$Gson$Types.resolve($Gson$Types.java:376)
	at com.google.gson.internal.$Gson$Types.resolve($Gson$Types.java:381)
	at com.google.gson.internal.$Gson$Types.resolve($Gson$Types.java:376)
	at com.google.gson.internal.$Gson$Types.resolve($Gson$Types.java:381)
	at com.google.gson.internal.$Gson$Types.resolve($Gson$Types.java:376)
	at com.google.gson.internal.$Gson$Types.resolve($Gson$Types.java:381)
	at com.google.gson.internal.$Gson$Types.resolve($Gson$Types.java:376)
	at com.google.gson.internal.$Gson$Types.resolve($Gson$Types.java:381)
	at com.google.gson.internal.$Gson$Types.resolve($Gson$Types.java:376)
	at com.google.gson.internal.$Gson$Types.resolve($Gson$Types.java:381)
	at com.google.gson.internal.$Gson$Types.resolve($Gson$Types.java:376)
	at com.google.gson.internal.$Gson$Types.resolve($Gson$Types.java:381)
	at com.google.gson.internal.$Gson$Types.resolve($Gson$Types.java:376)
	at com.google.gson.internal.$Gson$Types.resolve($Gson$Types.java:381)
	at com.google.gson.internal.$Gson$Types.resolve($Gson$Types.java:376)
	at com.google.gson.internal.$Gson$Types.resolve($Gson$Types.java:381)
	at com.google.gson.internal.$Gson$Types.resolve($Gson$Types.java:376)
	at com.google.gson.internal.$Gson$Types.resolve($Gson$Types.java:381)
	at com.google.gson.internal.$Gson$Types.resolve($Gson$Types.java:376)
	at com.google.gson.internal.$Gson$Types.resolve($Gson$Types.java:381)
	at com.google.gson.internal.$Gson$Types.resolve($Gson$Types.java:376)
	at com.google.gson.internal.$Gson$Types.resolve($Gson$Types.java:381)
	at com.google.gson.internal.$Gson$Types.resolve($Gson$Types.java:376)
	at com.google.gson.internal.$Gson$Types.resolve($Gson$Types.java:381)
	at com.google.gson.internal.$Gson$Types.resolve($Gson$Types.java:376)
	at com.google.gson.internal.$Gson$Types.resolve($Gson$Types.java:381)
	at com.google.gson.internal.$Gson$Types.resolve($Gson$Types.java:376)
	at com.google.gson.internal.$Gson$Types.resolve($Gson$Types.java:381)
	at com.google.gson.internal.$Gson$Types.resolve($Gson$Types.java:376)
	at com.google.gson.internal.$Gson$Types.resolve($Gson$Types.java:381)
	at com.google.gson.internal.$Gson$Types.resolve($Gson$Types.java:376)
	at com.google.gson.internal.$Gson$Types.resolve($Gson$Types.java:381)
	at com.google.gson.internal.$Gson$Types.resolve($Gson$Types.java:376)
	at com.google.gson.internal.$Gson$Types.resolve($Gson$Types.java:381)
	at com.google.gson.internal.$Gson$Types.resolve($Gson$Types.java:376)
	at com.google.gson.internal.$Gson$Types.resolve($Gson$Types.java:381)
	at com.google.gson.internal.$Gson$Types.resolve($Gson$Types.java:376)
	at com.google.gson.internal.$Gson$Types.resolve($Gson$Types.java:381)
	at com.google.gson.internal.$Gson$Types.resolve($Gson$Types.java:376)
	at com.google.gson.internal.$Gson$Types.resolve($Gson$Types.java:381)
	at com.google.gson.internal.$Gson$Types.resolve($Gson$Types.java:376)
	at com.google.gson.internal.$Gson$Types.resolve($Gson$Types.java:381)
	at com.google.gson.internal.$Gson$Types.resolve($Gson$Types.java:376)
	at com.google.gson.internal.$Gson$Types.resolve($Gson$Types.java:381)
	at com.google.gson.internal.$Gson$Types.resolve($Gson$Types.java:376)
	at com.google.gson.internal.$Gson$Types.resolve($Gson$Types.java:381)
	at com.google.gson.internal.$Gson$Types.resolve($Gson$Types.java:376)
	at com.google.gson.internal.$Gson$Types.resolve($Gson$Types.java:381)
	at com.google.gson.internal.$Gson$Types.resolve($Gson$Types.java:376)
	at com.google.gson.internal.$Gson$Types.resolve($Gson$Types.java:381)
	at com.google.gson.internal.$Gson$Types.resolve($Gson$Types.java:376)
	at com.google.gson.internal.$Gson$Types.resolve($Gson$Types.java:381)
	at com.google.gson.internal.$Gson$Types.resolve($Gson$Types.java:376)
	at com.google.gson.internal.$Gson$Types.resolve($Gson$Types.java:381)
	at com.google.gson.internal.$Gson$Types.resolve($Gson$Types.java:376)
	at com.google.gson.internal.$Gson$Types.resolve($Gson$Types.java:381)
	at com.google.gson.internal.$Gson$Types.resolve($Gson$Types.java:376)
	at com.google.gson.internal.$Gson$Types.resolve($Gson$Types.java:381)
	at com.google.gson.internal.$Gson$Types.resolve($Gson$Types.java:376)
	at com.google.gson.internal.$Gson$Types.resolve($Gson$Types.java:381)
	at com.google.gson.internal.$Gson$Types.resolve($Gson$Types.java:376)
	at com.google.gson.internal.$Gson$Types.resolve($Gson$Types.java:381)
	at com.google.gson.internal.$Gson$Types.resolve($Gson$Types.java:376)
	at com.google.gson.internal.$Gson$Types.resolve($Gson$Types.java:381)
	at com.google.gson.internal.$Gson$Types.resolve($Gson$Types.java:376)
	at com.google.gson.internal.$Gson$Types.resolve($Gson$Types.java:381)
	at com.google.gson.internal.$Gson$Types.resolve($Gson$Types.java:376)
	at com.google.gson.internal.$Gson$Types.resolve($Gson$Types.java:381)
	at com.google.gson.internal.$Gson$Types.resolve($Gson$Types.java:376)
	at com.google.gson.internal.$Gson$Types.resolve($Gson$Types.java:381)
	at com.google.gson.internal.$Gson$Types.resolve($Gson$Types.java:376)
	at com.google.gson.internal.$Gson$Types.resolve($Gson$Types.java:381)
	at com.google.gson.internal.$Gson$Types.resolve($Gson$Types.java:376)
	at com.google.gson.internal.$Gson$Types.resolve($Gson$Types.java:381)
	at com.google.gson.internal.$Gson$Types.resolve($Gson$Types.java:376)
	at com.google.gson.internal.$Gson$Types.resolve($Gson$Types.java:381)
	at com.google.gson.internal.$Gson$Types.resolve($Gson$Types.java:376)
	at com.google.gson.internal.$Gson$Types.resolve($Gson$Types.java:381)
	at com.google.gson.internal.$Gson$Types.resolve($Gson$Types.java:376)
	at com.google.gson.internal.$Gson$Types.resolve($Gson$Types.java:381)
	at com.google.gson.internal.$Gson$Types.resolve($Gson$Types.java:376)
	at com.google.gson.internal.$Gson$Types.resolve($Gson$Types.java:381)
	at com.google.gson.internal.$Gson$Types.resolve($Gson$Types.java:376)
	at com.google.gson.internal.$Gson$Types.resolve($Gson$Types.java:381)
	at com.google.gson.internal.$Gson$Types.resolve($Gson$Types.java:376)
	at com.google.gson.internal.$Gson$Types.resolve($Gson$Types.java:381)
	at com.google.gson.internal.$Gson$Types.resolve($Gson$Types.java:376)
	at com.google.gson.internal.$Gson$Types.resolve($Gson$Types.java:381)
	at com.google.gson.internal.$Gson$Types.resolve($Gson$Types.java:376)
	at com.google.gson.internal.$Gson$Types.resolve($Gson$Types.java:381)
	at com.google.gson.internal.$Gson$Types.resolve($Gson$Types.java:376)
	at com.google.gson.internal.$Gson$Types.resolve($Gson$Types.java:381)
	at com.google.gson.internal.$Gson$Types.resolve($Gson$Types.java:376)
	at com.google.gson.internal.$Gson$Types.resolve($Gson$Types.java:381)
	at com.google.gson.internal.$Gson$Types.resolve($Gson$Types.java:376)
	at com.google.gson.internal.$Gson$Types.resolve($Gson$Types.java:381)
	at com.google.gson.internal.$Gson$Types.resolve($Gson$Types.java:376)
	at com.google.gson.internal.$Gson$Types.resolve($Gson$Types.java:381)
	at com.google.gson.internal.$Gson$Types.resolve($Gson$Types.java:376)
	at com.google.gson.internal.$Gson$Types.resolve($Gson$Types.java:381)
	at com.google.gson.internal.$Gson$Types.resolve($Gson$Types.java:376)
	at com.google.gson.internal.$Gson$Types.resolve($Gson$Types.java:381)
	at com.google.gson.internal.$Gson$Types.resolve($Gson$Types.java:376)
	at com.google.gson.internal.$Gson$Types.resolve($Gson$Types.java:381)
	at com.google.gson.internal.$Gson$Types.resolve($Gson$Types.java:376)
	at com.google.gson.internal.$Gson$Types.resolve($Gson$Types.java:381)
	at com.google.gson.internal.$Gson$Types.resolve($Gson$Types.java:376)
	at com.google.gson.internal.$Gson$Types.resolve($Gson$Types.java:381)
	at com.google.gson.internal.$Gson$Types.resolve($Gson$Types.java:376)
	at com.google.gson.internal.$Gson$Types.resolve($Gson$Types.java:381)
	at com.google.gson.internal.$Gson$Types.resolve($Gson$Types.java:376)
	at com.google.gson.internal.$Gson$Types.resolve($Gson$Types.java:381)
	at com.google.gson.internal.$Gson$Types.resolve($Gson$Types.java:376)
	at com.google.gson.internal.$Gson$Types.resolve($Gson$Types.java:381)
	at com.google.gson.internal.$Gson$Types.resolve($Gson$Types.java:376)
	at com.google.gson.internal.$Gson$Types.resolve($Gson$Types.java:381)
	at com.google.gson.internal.$Gson$Types.resolve($Gson$Types.java:376)
	at com.google.gson.internal.$Gson$Types.resolve($Gson$Types.java:381)
	at com.google.gson.internal.$Gson$Types.resolve($Gson$Types.java:376)
	at com.google.gson.internal.$Gson$Types.resolve($Gson$Types.java:381)
	at com.google.gson.internal.$Gson$Types.resolve($Gson$Types.java:376)
	at com.google.gson.internal.$Gson$Types.resolve($Gson$Types.java:381)
	at com.google.gson.internal.$Gson$Types.resolve($Gson$Types.java:376)
	at com.google.gson.internal.$Gson$Types.resolve($Gson$Types.java:381)
	at com.google.gson.internal.$Gson$Types.resolve($Gson$Types.java:376)
	at com.google.gson.internal.$Gson$Types.resolve($Gson$Types.java:381)
	at com.google.gson.internal.$Gson$Types.resolve($Gson$Types.java:376)
	at com.google.gson.internal.$Gson$Types.resolve($Gson$Types.java:381)
	at com.google.gson.internal.$Gson$Types.resolve($Gson$Types.java:376)
	at com.google.gson.internal.$Gson$Types.resolve($Gson$Types.java:381)
	at com.google.gson.internal.$Gson$Types.resolve($Gson$Types.java:376)
	at com.google.gson.internal.$Gson$Types.resolve($Gson$Types.java:381)
	at com.google.gson.internal.$Gson$Types.resolve($Gson$Types.java:376)
	at com.google.gson.internal.$Gson$Types.resolve($Gson$Types.java:381)
	at com.google.gson.internal.$Gson$Types.resolve($Gson$Types.java:376)
	at com.google.gson.internal.$Gson$Types.resolve($Gson$Types.java:381)
	at com.google.gson.internal.$Gson$Types.resolve($Gson$Types.java:376)
	at com.google.gson.internal.$Gson$Types.resolve($Gson$Types.java:381)
	at com.google.gson.internal.$Gson$Types.resolve($Gson$Types.java:376)
	at com.google.gson.internal.$Gson$Types.resolve($Gson$Types.java:381)
	at com.google.gson.internal.$Gson$Types.resolve($Gson$Types.java:376)
	at com.google.gson.internal.$Gson$Types.resolve($Gson$Types.java:381)
	at com.google.gson.internal.$Gson$Types.resolve($Gson$Types.java:376)
	at com.google.gson.internal.$Gson$Types.resolve($Gson$Types.java:381)
	at com.google.gson.internal.$Gson$Types.resolve($Gson$Types.java:376)
	at com.google.gson.internal.$Gson$Types.resolve($Gson$Types.java:381)
	at com.google.gson.internal.$Gson$Types.resolve($Gson$Types.java:376)
	at com.google.gson.internal.$Gson$Types.resolve($Gson$Types.java:381)
	at com.google.gson.internal.$Gson$Types.resolve($Gson$Types.java:376)
	at com.google.gson.internal.$Gson$Types.resolve($Gson$Types.java:381)
	at com.google.gson.internal.$Gson$Types.resolve($Gson$Types.java:376)
	at com.google.gson.internal.$Gson$Types.resolve($Gson$Types.java:381)
	at com.google.gson.internal.$Gson$Types.resolve($Gson$Types.java:376)
	at com.google.gson.internal.$Gson$Types.resolve($Gson$Types.java:381)
	at com.google.gson.internal.$Gson$Types.resolve($Gson$Types.java:376)
	at com.google.gson.internal.$Gson$Types.resolve($Gson$Types.java:381)
	at com.google.gson.internal.$Gson$Types.resolve($Gson$Types.java:376)
	at com.google.gson.internal.$Gson$Types.resolve($Gson$Types.java:381)
	at com.google.gson.internal.$Gson$Types.resolve($Gson$Types.java:376)
	at com.google.gson.internal.$Gson$Types.resolve($Gson$Types.java:381)
	at com.google.gson.internal.$Gson$Types.resolve($Gson$Types.java:376)
	at com.google.gson.internal.$Gson$Types.resolve($Gson$Types.java:381)
	at com.google.gson.internal.$Gson$Types.resolve($Gson$Types.java:376)
	at com.google.gson.internal.$Gson$Types.resolve($Gson$Types.java:381)
	at com.google.gson.internal.$Gson$Types.resolve($Gson$Types.java:376)
	at com.google.gson.internal.$Gson$Types.resolve($Gson$Types.java:381)
	at com.google.gson.internal.$Gson$Types.resolve($Gson$Types.java:376)
	at com.google.gson.internal.$Gson$Types.resolve($Gson$Types.java:381)
	at com.google.gson.internal.$Gson$Types.resolve($Gson$Types.java:376)
	at com.google.gson.internal.$Gson$Types.resolve($Gson$Types.java:381)
	at com.google.gson.internal.$Gson$Types.resolve($Gson$Types.java:376)
	at com.google.gson.internal.$Gson$Types.resolve($Gson$Types.java:381)
	at com.google.gson.internal.$Gson$Types.resolve($Gson$Types.java:376)
	at com.google.gson.internal.$Gson$Types.resolve($Gson$Types.java:381)
	at com.google.gson.internal.$Gson$Types.resolve($Gson$Types.java:356)
	at com.google.gson.internal.bind.ReflectiveTypeAdapterFactory.getBoundFields(ReflectiveTypeAdapterFactory.java:141)
	at com.google.gson.internal.bind.ReflectiveTypeAdapterFactory.create(ReflectiveTypeAdapterFactory.java:83)
	at com.google.gson.Gson.getAdapter(Gson.java:359)
	at com.google.gson.internal.bind.ReflectiveTypeAdapterFactory.getFieldAdapter(ReflectiveTypeAdapterFactory.java:122)
	at com.google.gson.internal.bind.ReflectiveTypeAdapterFactory.access$100(ReflectiveTypeAdapterFactory.java:46)
	at com.google.gson.internal.bind.ReflectiveTypeAdapterFactory$1.<init>(ReflectiveTypeAdapterFactory.java:92)
	at com.google.gson.internal.bind.ReflectiveTypeAdapterFactory.createBoundField(ReflectiveTypeAdapterFactory.java:91)
	at com.google.gson.internal.bind.ReflectiveTypeAdapterFactory.getBoundFields(ReflectiveTypeAdapterFactory.java:142)
	at com.google.gson.internal.bind.ReflectiveTypeAdapterFactory.create(ReflectiveTypeAdapterFactory.java:83)
	at com.google.gson.Gson.getAdapter(Gson.java:359)
	at com.google.gson.internal.bind.ReflectiveTypeAdapterFactory.getFieldAdapter(ReflectiveTypeAdapterFactory.java:122)
	at com.google.gson.internal.bind.ReflectiveTypeAdapterFactory.access$100(ReflectiveTypeAdapterFactory.java:46)
	at com.google.gson.internal.bind.ReflectiveTypeAdapterFactory$1.<init>(ReflectiveTypeAdapterFactory.java:92)
	at com.google.gson.internal.bind.ReflectiveTypeAdapterFactory.createBoundField(ReflectiveTypeAdapterFactory.java:91)
	at com.google.gson.internal.bind.ReflectiveTypeAdapterFactory.getBoundFields(ReflectiveTypeAdapterFactory.java:142)
	at com.google.gson.internal.bind.ReflectiveTypeAdapterFactory.create(ReflectiveTypeAdapterFactory.java:83)
	at com.google.gson.Gson.getAdapter(Gson.java:359)
	at com.google.gson.internal.bind.ReflectiveTypeAdapterFactory.getFieldAdapter(ReflectiveTypeAdapterFactory.java:122)
	at com.google.gson.internal.bind.ReflectiveTypeAdapterFactory.access$100(ReflectiveTypeAdapterFactory.java:46)
	at com.google.gson.internal.bind.ReflectiveTypeAdapterFactory$1.<init>(ReflectiveTypeAdapterFactory.java:92)
	at com.google.gson.internal.bind.ReflectiveTypeAdapterFactory.createBoundField(ReflectiveTypeAdapterFactory.java:91)
	at com.google.gson.internal.bind.ReflectiveTypeAdapterFactory.getBoundFields(ReflectiveTypeAdapterFactory.java:142)
	at com.google.gson.internal.bind.ReflectiveTypeAdapterFactory.create(ReflectiveTypeAdapterFactory.java:83)
	at com.google.gson.Gson.getAdapter(Gson.java:359)
	at com.google.gson.internal.bind.ReflectiveTypeAdapterFactory.getFieldAdapter(ReflectiveTypeAdapterFactory.java:122)
	at com.google.gson.internal.bind.ReflectiveTypeAdapterFactory.access$100(ReflectiveTypeAdapterFactory.java:46)
	at com.google.gson.internal.bind.ReflectiveTypeAdapterFactory$1.<init>(ReflectiveTypeAdapterFactory.java:92)
	at com.google.gson.internal.bind.ReflectiveTypeAdapterFactory.createBoundField(ReflectiveTypeAdapterFactory.java:91)
	at com.google.gson.internal.bind.ReflectiveTypeAdapterFactory.getBoundFields(ReflectiveTypeAdapterFactory.java:142)
	at com.google.gson.internal.bind.ReflectiveTypeAdapterFactory.create(ReflectiveTypeAdapterFactory.java:83)
	at com.google.gson.Gson.getAdapter(Gson.java:359)
	at com.google.gson.internal.bind.ReflectiveTypeAdapterFactory.getFieldAdapter(ReflectiveTypeAdapterFactory.java:122)
	at com.google.gson.internal.bind.ReflectiveTypeAdapterFactory.access$100(ReflectiveTypeAdapterFactory.java:46)
	at com.google.gson.internal.bind.ReflectiveTypeAdapterFactory$1.<init>(ReflectiveTypeAdapterFactory.java:92)
	at com.google.gson.internal.bind.ReflectiveTypeAdapterFactory.createBoundField(ReflectiveTypeAdapterFactory.java:91)
	at com.google.gson.internal.bind.ReflectiveTypeAdapterFactory.getBoundFields(ReflectiveTypeAdapterFactory.java:142)
	at com.google.gson.internal.bind.ReflectiveTypeAdapterFactory.create(ReflectiveTypeAdapterFactory.java:83)
	at com.google.gson.Gson.getAdapter(Gson.java:359)
	at com.google.gson.internal.bind.ReflectiveTypeAdapterFactory.getFieldAdapter(ReflectiveTypeAdapterFactory.java:122)
	at com.google.gson.internal.bind.ReflectiveTypeAdapterFactory.access$100(ReflectiveTypeAdapterFactory.java:46)
	at com.google.gson.internal.bind.ReflectiveTypeAdapterFactory$1.<init>(ReflectiveTypeAdapterFactory.java:92)
	at com.google.gson.internal.bind.ReflectiveTypeAdapterFactory.createBoundField(ReflectiveTypeAdapterFactory.java:91)
	at com.google.gson.internal.bind.ReflectiveTypeAdapterFactory.getBoundFields(ReflectiveTypeAdapterFactory.java:142)
	at com.google.gson.internal.bind.ReflectiveTypeAdapterFactory.create(ReflectiveTypeAdapterFactory.java:83)
	at com.google.gson.Gson.getAdapter(Gson.java:359)
	at com.google.gson.internal.bind.ReflectiveTypeAdapterFactory.getFieldAdapter(ReflectiveTypeAdapterFactory.java:122)
	at com.google.gson.internal.bind.ReflectiveTypeAdapterFactory.access$100(ReflectiveTypeAdapterFactory.java:46)
	at com.google.gson.internal.bind.ReflectiveTypeAdapterFactory$1.<init>(ReflectiveTypeAdapterFactory.java:92)
	at com.google.gson.internal.bind.ReflectiveTypeAdapterFactory.createBoundField(ReflectiveTypeAdapterFactory.java:91)
	at com.google.gson.internal.bind.ReflectiveTypeAdapterFactory.getBoundFields(ReflectiveTypeAdapterFactory.java:142)
	at com.google.gson.internal.bind.ReflectiveTypeAdapterFactory.create(ReflectiveTypeAdapterFactory.java:83)
	at com.google.gson.Gson.getAdapter(Gson.java:359)
	at com.google.gson.internal.bind.ReflectiveTypeAdapterFactory.getFieldAdapter(ReflectiveTypeAdapterFactory.java:122)
	at com.google.gson.internal.bind.ReflectiveTypeAdapterFactory.access$100(ReflectiveTypeAdapterFactory.java:46)
	at com.google.gson.internal.bind.ReflectiveTypeAdapterFactory$1.<init>(ReflectiveTypeAdapterFactory.java:92)
	at com.google.gson.internal.bind.ReflectiveTypeAdapterFactory.createBoundField(ReflectiveTypeAdapterFactory.java:91)
	at com.google.gson.internal.bind.ReflectiveTypeAdapterFactory.getBoundFields(ReflectiveTypeAdapterFactory.java:142)
	at com.google.gson.internal.bind.ReflectiveTypeAdapterFactory.create(ReflectiveTypeAdapterFactory.java:83)
	at com.google.gson.Gson.getAdapter(Gson.java:359)
	at com.google.gson.internal.bind.ReflectiveTypeAdapterFactory.getFieldAdapter(ReflectiveTypeAdapterFactory.java:122)
	at com.google.gson.internal.bind.ReflectiveTypeAdapterFactory.access$100(ReflectiveTypeAdapterFactory.java:46)
	at com.google.gson.internal.bind.ReflectiveTypeAdapterFactory$1.<init>(ReflectiveTypeAdapterFactory.java:92)
	at com.google.gson.internal.bind.ReflectiveTypeAdapterFactory.createBoundField(ReflectiveTypeAdapterFactory.java:91)
	at com.google.gson.internal.bind.ReflectiveTypeAdapterFactory.getBoundFields(ReflectiveTypeAdapterFactory.java:142)
	at com.google.gson.internal.bind.ReflectiveTypeAdapterFactory.create(ReflectiveTypeAdapterFactory.java:83)
	at com.google.gson.Gson.getAdapter(Gson.java:359)
	at com.google.gson.internal.bind.ReflectiveTypeAdapterFactory.getFieldAdapter(ReflectiveTypeAdapterFactory.java:122)
	at com.google.gson.internal.bind.ReflectiveTypeAdapterFactory.access$100(ReflectiveTypeAdapterFactory.java:46)
	at com.google.gson.internal.bind.ReflectiveTypeAdapterFactory$1.<init>(ReflectiveTypeAdapterFactory.java:92)
	at com.google.gson.internal.bind.ReflectiveTypeAdapterFactory.createBoundField(ReflectiveTypeAdapterFactory.java:91)
	at com.google.gson.internal.bind.ReflectiveTypeAdapterFactory.getBoundFields(ReflectiveTypeAdapterFactory.java:142)
	at com.google.gson.internal.bind.ReflectiveTypeAdapterFactory.create(ReflectiveTypeAdapterFactory.java:83)
	at com.google.gson.Gson.getAdapter(Gson.java:359)
	at com.google.gson.internal.bind.ReflectiveTypeAdapterFactory.getFieldAdapter(ReflectiveTypeAdapterFactory.java:122)
	at com.google.gson.internal.bind.ReflectiveTypeAdapterFactory.access$100(ReflectiveTypeAdapterFactory.java:46)
	at com.google.gson.internal.bind.ReflectiveTypeAdapterFactory$1.<init>(ReflectiveTypeAdapterFactory.java:92)
	at com.google.gson.internal.bind.ReflectiveTypeAdapterFactory.createBoundField(ReflectiveTypeAdapterFactory.java:91)
	at com.google.gson.internal.bind.ReflectiveTypeAdapterFactory.getBoundFields(ReflectiveTypeAdapterFactory.java:142)
	at com.google.gson.internal.bind.ReflectiveTypeAdapterFactory.create(ReflectiveTypeAdapterFactory.java:83)
	at com.google.gson.Gson.getAdapter(Gson.java:359)
	at com.google.gson.internal.bind.ReflectiveTypeAdapterFactory.getFieldAdapter(ReflectiveTypeAdapterFactory.java:122)
	at com.google.gson.internal.bind.ReflectiveTypeAdapterFactory.access$100(ReflectiveTypeAdapterFactory.java:46)
	at com.google.gson.internal.bind.ReflectiveTypeAdapterFactory$1.<init>(ReflectiveTypeAdapterFactory.java:92)
	at com.google.gson.internal.bind.ReflectiveTypeAdapterFactory.createBoundField(ReflectiveTypeAdapterFactory.java:91)
	at com.google.gson.internal.bind.ReflectiveTypeAdapterFactory.getBoundFields(ReflectiveTypeAdapterFactory.java:142)
	at com.google.gson.internal.bind.ReflectiveTypeAdapterFactory.create(ReflectiveTypeAdapterFactory.java:83)
	at com.google.gson.Gson.getAdapter(Gson.java:359)
	at com.google.gson.internal.bind.ReflectiveTypeAdapterFactory.getFieldAdapter(ReflectiveTypeAdapterFactory.java:122)
	at com.google.gson.internal.bind.ReflectiveTypeAdapterFactory.access$100(ReflectiveTypeAdapterFactory.java:46)
	at com.google.gson.internal.bind.ReflectiveTypeAdapterFactory$1.<init>(ReflectiveTypeAdapterFactory.java:92)
	at com.google.gson.internal.bind.ReflectiveTypeAdapterFactory.createBoundField(ReflectiveTypeAdapterFactory.java:91)
	at com.google.gson.internal.bind.ReflectiveTypeAdapterFactory.getBoundFields(ReflectiveTypeAdapterFactory.java:142)
	at com.google.gson.internal.bind.ReflectiveTypeAdapterFactory.create(ReflectiveTypeAdapterFactory.java:83)
	at com.google.gson.Gson.getAdapter(Gson.java:359)
	at com.google.gson.internal.bind.ReflectiveTypeAdapterFactory.getFieldAdapter(ReflectiveTypeAdapterFactory.java:122)
	at com.google.gson.internal.bind.ReflectiveTypeAdapterFactory.access$100(ReflectiveTypeAdapterFactory.java:46)
	at com.google.gson.internal.bind.ReflectiveTypeAdapterFactory$1.<init>(ReflectiveTypeAdapterFactory.java:92)
	at com.google.gson.internal.bind.ReflectiveTypeAdapterFactory.createBoundField(ReflectiveTypeAdapterFactory.java:91)
	at com.google.gson.internal.bind.ReflectiveTypeAdapterFactory.getBoundFields(ReflectiveTypeAdapterFactory.java:142)
	at com.google.gson.internal.bind.ReflectiveTypeAdapterFactory.create(ReflectiveTypeAdapterFactory.java:83)
	at com.google.gson.Gson.getAdapter(Gson.java:359)
	at com.google.gson.internal.bind.ReflectiveTypeAdapterFactory.getFieldAdapter(ReflectiveTypeAdapterFactory.java:122)
	at com.google.gson.internal.bind.ReflectiveTypeAdapterFactory.access$100(ReflectiveTypeAdapterFactory.java:46)
	at com.google.gson.internal.bind.ReflectiveTypeAdapterFactory$1.<init>(ReflectiveTypeAdapterFactory.java:92)
	at com.google.gson.internal.bind.ReflectiveTypeAdapterFactory.createBoundField(ReflectiveTypeAdapterFactory.java:91)
	at com.google.gson.internal.bind.ReflectiveTypeAdapterFactory.getBoundFields(ReflectiveTypeAdapterFactory.java:142)
	at com.google.gson.internal.bind.ReflectiveTypeAdapterFactory.create(ReflectiveTypeAdapterFactory.java:83)
	at com.google.gson.Gson.getAdapter(Gson.java:359)
	at com.google.gson.internal.bind.ReflectiveTypeAdapterFactory.getFieldAdapter(ReflectiveTypeAdapterFactory.java:122)
	at com.google.gson.internal.bind.ReflectiveTypeAdapterFactory.access$100(ReflectiveTypeAdapterFactory.java:46)
	at com.google.gson.internal.bind.ReflectiveTypeAdapterFactory$1.<init>(ReflectiveTypeAdapterFactory.java:92)
	at com.google.gson.internal.bind.ReflectiveTypeAdapterFactory.createBoundField(ReflectiveTypeAdapterFactory.java:91)
	at com.google.gson.internal.bind.ReflectiveTypeAdapterFactory.getBoundFields(ReflectiveTypeAdapterFactory.java:142)
	at com.google.gson.internal.bind.ReflectiveTypeAdapterFactory.create(ReflectiveTypeAdapterFactory.java:83)
	at com.google.gson.Gson.getAdapter(Gson.java:359)
	at com.google.gson.internal.bind.ReflectiveTypeAdapterFactory.getFieldAdapter(ReflectiveTypeAdapterFactory.java:122)
	at com.google.gson.internal.bind.ReflectiveTypeAdapterFactory.access$100(ReflectiveTypeAdapterFactory.java:46)
	at com.google.gson.internal.bind.ReflectiveTypeAdapterFactory$1.<init>(ReflectiveTypeAdapterFactory.java:92)
	at com.google.gson.internal.bind.ReflectiveTypeAdapterFactory.createBoundField(ReflectiveTypeAdapterFactory.java:91)
	at com.google.gson.internal.bind.ReflectiveTypeAdapterFactory.getBoundFields(ReflectiveTypeAdapterFactory.java:142)
	at com.google.gson.internal.bind.ReflectiveTypeAdapterFactory.create(ReflectiveTypeAdapterFactory.java:83)
	at com.google.gson.Gson.getAdapter(Gson.java:359)
	at com.google.gson.internal.bind.ReflectiveTypeAdapterFactory.getFieldAdapter(ReflectiveTypeAdapterFactory.java:122)
	at com.google.gson.internal.bind.ReflectiveTypeAdapterFactory.access$100(ReflectiveTypeAdapterFactory.java:46)
	at com.google.gson.internal.bind.ReflectiveTypeAdapterFactory$1.<init>(ReflectiveTypeAdapterFactory.java:92)
	at com.google.gson.internal.bind.ReflectiveTypeAdapterFactory.createBoundField(ReflectiveTypeAdapterFactory.java:91)
	at com.google.gson.internal.bind.ReflectiveTypeAdapterFactory.getBoundFields(ReflectiveTypeAdapterFactory.java:142)
	at com.google.gson.internal.bind.ReflectiveTypeAdapterFactory.create(ReflectiveTypeAdapterFactory.java:83)
	at com.google.gson.Gson.getAdapter(Gson.java:359)
	at com.google.gson.internal.bind.ReflectiveTypeAdapterFactory.getFieldAdapter(ReflectiveTypeAdapterFactory.java:122)
	at com.google.gson.internal.bind.ReflectiveTypeAdapterFactory.access$100(ReflectiveTypeAdapterFactory.java:46)
	at com.google.gson.internal.bind.ReflectiveTypeAdapterFactory$1.<init>(ReflectiveTypeAdapterFactory.java:92)
	at com.google.gson.internal.bind.ReflectiveTypeAdapterFactory.createBoundField(ReflectiveTypeAdapterFactory.java:91)
	at com.google.gson.internal.bind.ReflectiveTypeAdapterFactory.getBoundFields(ReflectiveTypeAdapterFactory.java:142)
	at com.google.gson.internal.bind.ReflectiveTypeAdapterFactory.create(ReflectiveTypeAdapterFactory.java:83)
	at com.google.gson.Gson.getAdapter(Gson.java:359)
	at com.google.gson.internal.bind.ReflectiveTypeAdapterFactory.getFieldAdapter(ReflectiveTypeAdapterFactory.java:122)
	at com.google.gson.internal.bind.ReflectiveTypeAdapterFactory.access$100(ReflectiveTypeAdapterFactory.java:46)
	at com.google.gson.internal.bind.ReflectiveTypeAdapterFactory$1.<init>(ReflectiveTypeAdapterFactory.java:92)
	at com.google.gson.internal.bind.ReflectiveTypeAdapterFactory.createBoundField(ReflectiveTypeAdapterFactory.java:91)
	at com.google.gson.internal.bind.ReflectiveTypeAdapterFactory.getBoundFields(ReflectiveTypeAdapterFactory.java:142)
	at com.google.gson.internal.bind.ReflectiveTypeAdapterFactory.create(ReflectiveTypeAdapterFactory.java:83)
	at com.google.gson.Gson.getAdapter(Gson.java:359)
	at com.google.gson.internal.bind.ReflectiveTypeAdapterFactory.getFieldAdapter(ReflectiveTypeAdapterFactory.java:122)
	at com.google.gson.internal.bind.ReflectiveTypeAdapterFactory.access$100(ReflectiveTypeAdapterFactory.java:46)
	at com.google.gson.internal.bind.ReflectiveTypeAdapterFactory$1.<init>(ReflectiveTypeAdapterFactory.java:92)
	at com.google.gson.internal.bind.ReflectiveTypeAdapterFactory.createBoundField(ReflectiveTypeAdapterFactory.java:91)
	at com.google.gson.internal.bind.ReflectiveTypeAdapterFactory.getBoundFields(ReflectiveTypeAdapterFactory.java:142)
	at com.google.gson.internal.bind.ReflectiveTypeAdapterFactory.create(ReflectiveTypeAdapterFactory.java:83)
	at com.google.gson.Gson.getAdapter(Gson.java:359)
	at com.google.gson.internal.bind.ReflectiveTypeAdapterFactory.getFieldAdapter(ReflectiveTypeAdapterFactory.java:122)
	at com.google.gson.internal.bind.ReflectiveTypeAdapterFactory.access$100(ReflectiveTypeAdapterFactory.java:46)
	at com.google.gson.internal.bind.ReflectiveTypeAdapterFactory$1.<init>(ReflectiveTypeAdapterFactory.java:92)
	at com.google.gson.internal.bind.ReflectiveTypeAdapterFactory.createBoundField(ReflectiveTypeAdapterFactory.java:91)
	at com.google.gson.internal.bind.ReflectiveTypeAdapterFactory.getBoundFields(ReflectiveTypeAdapterFactory.java:142)
	at com.google.gson.internal.bind.ReflectiveTypeAdapterFactory.create(ReflectiveTypeAdapterFactory.java:83)
	at com.google.gson.Gson.getAdapter(Gson.java:359)
	at com.google.gson.internal.bind.ReflectiveTypeAdapterFactory.getFieldAdapter(ReflectiveTypeAdapterFactory.java:122)
	at com.google.gson.internal.bind.ReflectiveTypeAdapterFactory.access$100(ReflectiveTypeAdapterFactory.java:46)
	at com.google.gson.internal.bind.ReflectiveTypeAdapterFactory$1.<init>(ReflectiveTypeAdapterFactory.java:92)
	at com.google.gson.internal.bind.ReflectiveTypeAdapterFactory.createBoundField(ReflectiveTypeAdapterFactory.java:91)
	at com.google.gson.internal.bind.ReflectiveTypeAdapterFactory.getBoundFields(ReflectiveTypeAdapterFactory.java:142)
	at com.google.gson.internal.bind.ReflectiveTypeAdapterFactory.create(ReflectiveTypeAdapterFactory.java:83)
	at com.google.gson.Gson.getAdapter(Gson.java:359)
	at com.google.gson.internal.bind.ReflectiveTypeAdapterFactory.getFieldAdapter(ReflectiveTypeAdapterFactory.java:122)
	at com.google.gson.internal.bind.ReflectiveTypeAdapterFactory.access$100(ReflectiveTypeAdapterFactory.java:46)
	at com.google.gson.internal.bind.ReflectiveTypeAdapterFactory$1.<init>(ReflectiveTypeAdapterFactory.java:92)
	at com.google.gson.internal.bind.ReflectiveTypeAdapterFactory.createBoundField(ReflectiveTypeAdapterFactory.java:91)
	at com.google.gson.internal.bind.ReflectiveTypeAdapterFactory.getBoundFields(ReflectiveTypeAdapterFactory.java:142)
	at com.google.gson.internal.bind.ReflectiveTypeAdapterFactory.create(ReflectiveTypeAdapterFactory.java:83)
	at com.google.gson.Gson.getAdapter(Gson.java:359)
	at com.google.gson.internal.bind.ReflectiveTypeAdapterFactory.getFieldAdapter(ReflectiveTypeAdapterFactory.java:122)
	at com.google.gson.internal.bind.ReflectiveTypeAdapterFactory.access$100(ReflectiveTypeAdapterFactory.java:46)
	at com.google.gson.internal.bind.ReflectiveTypeAdapterFactory$1.<init>(ReflectiveTypeAdapterFactory.java:92)
	at com.google.gson.internal.bind.ReflectiveTypeAdapterFactory.createBoundField(ReflectiveTypeAdapterFactory.java:91)
	at com.google.gson.internal.bind.ReflectiveTypeAdapterFactory.getBoundFields(ReflectiveTypeAdapterFactory.java:142)
	at com.google.gson.internal.bind.ReflectiveTypeAdapterFactory.create(ReflectiveTypeAdapterFactory.java:83)
	at com.google.gson.Gson.getAdapter(Gson.java:359)
	at com.google.gson.internal.bind.ReflectiveTypeAdapterFactory.getFieldAdapter(ReflectiveTypeAdapterFactory.java:122)
	at com.google.gson.internal.bind.ReflectiveTypeAdapterFactory.access$100(ReflectiveTypeAdapterFactory.java:46)
	at com.google.gson.internal.bind.ReflectiveTypeAdapterFactory$1.<init>(ReflectiveTypeAdapterFactory.java:92)
	at com.google.gson.internal.bind.ReflectiveTypeAdapterFactory.createBoundField(ReflectiveTypeAdapterFactory.java:91)
	at com.google.gson.internal.bind.ReflectiveTypeAdapterFactory.getBoundFields(ReflectiveTypeAdapterFactory.java:142)
	at com.google.gson.internal.bind.ReflectiveTypeAdapterFactory.create(ReflectiveTypeAdapterFactory.java:83)
	at com.google.gson.Gson.getAdapter(Gson.java:359)
	at com.google.gson.internal.bind.ReflectiveTypeAdapterFactory.getFieldAdapter(ReflectiveTypeAdapterFactory.java:122)
	at com.google.gson.internal.bind.ReflectiveTypeAdapterFactory.access$100(ReflectiveTypeAdapterFactory.java:46)
	at com.google.gson.internal.bind.ReflectiveTypeAdapterFactory$1.<init>(ReflectiveTypeAdapterFactory.java:92)
	at com.google.gson.internal.bind.ReflectiveTypeAdapterFactory.createBoundField(ReflectiveTypeAdapterFactory.java:91)
	at com.google.gson.internal.bind.ReflectiveTypeAdapterFactory.getBoundFields(ReflectiveTypeAdapterFactory.java:142)
	at com.google.gson.internal.bind.ReflectiveTypeAdapterFactory.create(ReflectiveTypeAdapterFactory.java:83)
	at com.google.gson.Gson.getAdapter(Gson.java:359)
	at com.google.gson.internal.bind.ReflectiveTypeAdapterFactory.getFieldAdapter(ReflectiveTypeAdapterFactory.java:122)
	at com.google.gson.internal.bind.ReflectiveTypeAdapterFactory.access$100(ReflectiveTypeAdapterFactory.java:46)
	at com.google.gson.internal.bind.ReflectiveTypeAdapterFactory$1.<init>(ReflectiveTypeAdapterFactory.java:92)
	at com.google.gson.internal.bind.ReflectiveTypeAdapterFactory.createBoundField(ReflectiveTypeAdapterFactory.java:91)
	at com.google.gson.internal.bind.ReflectiveTypeAdapterFactory.getBoundFields(ReflectiveTypeAdapterFactory.java:142)
	at com.google.gson.internal.bind.ReflectiveTypeAdapterFactory.create(ReflectiveTypeAdapterFactory.java:83)
	at com.google.gson.Gson.getAdapter(Gson.java:359)
	at com.google.gson.internal.bind.ReflectiveTypeAdapterFactory.getFieldAdapter(ReflectiveTypeAdapterFactory.java:122)
	at com.google.gson.internal.bind.ReflectiveTypeAdapterFactory.access$100(ReflectiveTypeAdapterFactory.java:46)
	at com.google.gson.internal.bind.ReflectiveTypeAdapterFactory$1.<init>(ReflectiveTypeAdapterFactory.java:92)
	at com.google.gson.internal.bind.ReflectiveTypeAdapterFactory.createBoundField(ReflectiveTypeAdapterFactory.java:91)
	at com.google.gson.internal.bind.ReflectiveTypeAdapterFactory.getBoundFields(ReflectiveTypeAdapterFactory.java:142)
	at com.google.gson.internal.bind.ReflectiveTypeAdapterFactory.create(ReflectiveTypeAdapterFactory.java:83)
	at com.google.gson.Gson.getAdapter(Gson.java:359)
	at com.google.gson.internal.bind.ReflectiveTypeAdapterFactory.getFieldAdapter(ReflectiveTypeAdapterFactory.java:122)
	at com.google.gson.internal.bind.ReflectiveTypeAdapterFactory.access$100(ReflectiveTypeAdapterFactory.java:46)
	at com.google.gson.internal.bind.ReflectiveTypeAdapterFactory$1.<init>(ReflectiveTypeAdapterFactory.java:92)
	at com.google.gson.internal.bind.ReflectiveTypeAdapterFactory.createBoundField(ReflectiveTypeAdapterFactory.java:91)
	at com.google.gson.internal.bind.ReflectiveTypeAdapterFactory.getBoundFields(ReflectiveTypeAdapterFactory.java:142)
	at com.google.gson.internal.bind.ReflectiveTypeAdapterFactory.create(ReflectiveTypeAdapterFactory.java:83)
	at com.google.gson.Gson.getAdapter(Gson.java:359)
	at com.google.gson.internal.bind.ReflectiveTypeAdapterFactory.getFieldAdapter(ReflectiveTypeAdapterFactory.java:122)
	at com.google.gson.internal.bind.ReflectiveTypeAdapterFactory.access$100(ReflectiveTypeAdapterFactory.java:46)
	at com.google.gson.internal.bind.ReflectiveTypeAdapterFactory$1.<init>(ReflectiveTypeAdapterFactory.java:92)
	at com.google.gson.internal.bind.ReflectiveTypeAdapterFactory.createBoundField(ReflectiveTypeAdapterFactory.java:91)
	at com.google.gson.internal.bind.ReflectiveTypeAdapterFactory.getBoundFields(ReflectiveTypeAdapterFactory.java:142)
	at com.google.gson.internal.bind.ReflectiveTypeAdapterFactory.create(ReflectiveTypeAdapterFactory.java:83)
	at com.google.gson.Gson.getAdapter(Gson.java:359)
	at com.google.gson.internal.bind.ReflectiveTypeAdapterFactory.getFieldAdapter(ReflectiveTypeAdapterFactory.java:122)
	at com.google.gson.internal.bind.ReflectiveTypeAdapterFactory.access$100(ReflectiveTypeAdapterFactory.java:46)
	at com.google.gson.internal.bind.ReflectiveTypeAdapterFactory$1.<init>(ReflectiveTypeAdapterFactory.java:92)
	at com.google.gson.internal.bind.ReflectiveTypeAdapterFactory.createBoundField(ReflectiveTypeAdapterFactory.java:91)
	at com.google.gson.internal.bind.ReflectiveTypeAdapterFactory.getBoundFields(ReflectiveTypeAdapterFactory.java:142)
	at com.google.gson.internal.bind.ReflectiveTypeAdapterFactory.create(ReflectiveTypeAdapterFactory.java:83)
	at com.google.gson.Gson.getAdapter(Gson.java:359)
	at com.google.gson.internal.bind.ReflectiveTypeAdapterFactory.getFieldAdapter(ReflectiveTypeAdapterFactory.java:122)
	at com.google.gson.internal.bind.ReflectiveTypeAdapterFactory.access$100(ReflectiveTypeAdapterFactory.java:46)
	at com.google.gson.internal.bind.ReflectiveTypeAdapterFactory$1.<init>(ReflectiveTypeAdapterFactory.java:92)
	at com.google.gson.internal.bind.ReflectiveTypeAdapterFactory.createBoundField(ReflectiveTypeAdapterFactory.java:91)
	at com.google.gson.internal.bind.ReflectiveTypeAdapterFactory.getBoundFields(ReflectiveTypeAdapterFactory.java:142)
	at com.google.gson.internal.bind.ReflectiveTypeAdapterFactory.create(ReflectiveTypeAdapterFactory.java:83)
	at com.google.gson.Gson.getAdapter(Gson.java:359)
	at com.google.gson.internal.bind.ReflectiveTypeAdapterFactory.getFieldAdapter(ReflectiveTypeAdapterFactory.java:122)
	at com.google.gson.internal.bind.ReflectiveTypeAdapterFactory.access$100(ReflectiveTypeAdapterFactory.java:46)
	at com.google.gson.internal.bind.ReflectiveTypeAdapterFactory$1.<init>(ReflectiveTypeAdapterFactory.java:92)
	at com.google.gson.internal.bind.ReflectiveTypeAdapterFactory.createBoundField(ReflectiveTypeAdapterFactory.java:91)
	at com.google.gson.internal.bind.ReflectiveTypeAdapterFactory.getBoundFields(ReflectiveTypeAdapterFactory.java:142)
	at com.google.gson.internal.bind.ReflectiveTypeAdapterFactory.create(ReflectiveTypeAdapterFactory.java:83)
	at com.google.gson.Gson.getAdapter(Gson.java:359)
	at com.google.gson.internal.bind.ReflectiveTypeAdapterFactory.getFieldAdapter(ReflectiveTypeAdapterFactory.java:122)
	at com.google.gson.internal.bind.ReflectiveTypeAdapterFactory.access$100(ReflectiveTypeAdapterFactory.java:46)
	at com.google.gson.internal.bind.ReflectiveTypeAdapterFactory$1.<init>(ReflectiveTypeAdapterFactory.java:92)
	at com.google.gson.internal.bind.ReflectiveTypeAdapterFactory.createBoundField(ReflectiveTypeAdapterFactory.java:91)
	at com.google.gson.internal.bind.ReflectiveTypeAdapterFactory.getBoundFields(ReflectiveTypeAdapterFactory.java:142)
	at com.google.gson.internal.bind.ReflectiveTypeAdapterFactory.create(ReflectiveTypeAdapterFactory.java:83)
	at com.google.gson.Gson.getAdapter(Gson.java:359)
	at com.google.gson.internal.bind.ReflectiveTypeAdapterFactory.getFieldAdapter(ReflectiveTypeAdapterFactory.java:122)
	at com.google.gson.internal.bind.ReflectiveTypeAdapterFactory.access$100(ReflectiveTypeAdapterFactory.java:46)
	at com.google.gson.internal.bind.ReflectiveTypeAdapterFactory$1.<init>(ReflectiveTypeAdapterFactory.java:92)
	at com.google.gson.internal.bind.ReflectiveTypeAdapterFactory.createBoundField(ReflectiveTypeAdapterFactory.java:91)
	at com.google.gson.internal.bind.ReflectiveTypeAdapterFactory.getBoundFields(ReflectiveTypeAdapterFactory.java:142)
	at com.google.gson.internal.bind.ReflectiveTypeAdapterFactory.create(ReflectiveTypeAdapterFactory.java:83)
	at com.google.gson.Gson.getAdapter(Gson.java:359)
	at com.google.gson.internal.bind.ReflectiveTypeAdapterFactory.getFieldAdapter(ReflectiveTypeAdapterFactory.java:122)
	at com.google.gson.internal.bind.ReflectiveTypeAdapterFactory.access$100(ReflectiveTypeAdapterFactory.java:46)
	at com.google.gson.internal.bind.ReflectiveTypeAdapterFactory$1.<init>(ReflectiveTypeAdapterFactory.java:92)
	at com.google.gson.internal.bind.ReflectiveTypeAdapterFactory.createBoundField(ReflectiveTypeAdapterFactory.java:91)
	at com.google.gson.internal.bind.ReflectiveTypeAdapterFactory.getBoundFields(ReflectiveTypeAdapterFactory.java:142)
	at com.google.gson.internal.bind.ReflectiveTypeAdapterFactory.create(ReflectiveTypeAdapterFactory.java:83)
	at com.google.gson.Gson.getAdapter(Gson.java:359)
	at com.google.gson.internal.bind.ReflectiveTypeAdapterFactory.getFieldAdapter(ReflectiveTypeAdapterFactory.java:122)
	at com.google.gson.internal.bind.ReflectiveTypeAdapterFactory.access$100(ReflectiveTypeAdapterFactory.java:46)
	at com.google.gson.internal.bind.ReflectiveTypeAdapterFactory$1.<init>(ReflectiveTypeAdapterFactory.java:92)
	at com.google.gson.internal.bind.ReflectiveTypeAdapterFactory.createBoundField(ReflectiveTypeAdapterFactory.java:91)
	at com.google.gson.internal.bind.ReflectiveTypeAdapterFactory.getBoundFields(ReflectiveTypeAdapterFactory.java:142)
[...]
	at com.google.gson.internal.bind.ReflectiveTypeAdapterFactory.create(ReflectiveTypeAdapterFactory.java:83)
	at com.google.gson.Gson.getAdapter(Gson.java:359)
	at com.google.gson.internal.bind.ReflectiveTypeAdapterFactory.getFieldAdapter(ReflectiveTypeAdapterFactory.java:122)
	at com.google.gson.internal.bind.ReflectiveTypeAdapterFactory.access$100(ReflectiveTypeAdapterFactory.java:46)
	at com.google.gson.internal.bind.ReflectiveTypeAdapterFactory$1.<init>(ReflectiveTypeAdapterFactory.java:92)
	at com.google.gson.internal.bind.ReflectiveTypeAdapterFactory.createBoundField(ReflectiveTypeAdapterFactory.java:91)
	at com.google.gson.internal.bind.ReflectiveTypeAdapterFactory.getBoundFields(ReflectiveTypeAdapterFactory.java:142)
	at com.google.gson.internal.bind.ReflectiveTypeAdapterFactory.create(ReflectiveTypeAdapterFactory.java:83)
	at com.google.gson.Gson.getAdapter(Gson.java:359)
	at com.google.gson.internal.bind.ReflectiveTypeAdapterFactory.getFieldAdapter(ReflectiveTypeAdapterFactory.java:122)
	at com.google.gson.internal.bind.ReflectiveTypeAdapterFactory.access$100(ReflectiveTypeAdapterFactory.java:46)
	at com.google.gson.internal.bind.ReflectiveTypeAdapterFactory$1.<init>(ReflectiveTypeAdapterFactory.java:92)
	at com.google.gson.internal.bind.ReflectiveTypeAdapterFactory.createBoundField(ReflectiveTypeAdapterFactory.java:91)
	at com.google.gson.internal.bind.ReflectiveTypeAdapterFactory.getBoundFields(ReflectiveTypeAdapterFactory.java:142)
	at com.google.gson.internal.bind.ReflectiveTypeAdapterFactory.create(ReflectiveTypeAdapterFactory.java:83)
	at com.google.gson.Gson.getAdapter(Gson.java:359)
	at com.google.gson.internal.bind.ReflectiveTypeAdapterFactory.getFieldAdapter(ReflectiveTypeAdapterFactory.java:122)
	at com.google.gson.internal.bind.ReflectiveTypeAdapterFactory.access$100(ReflectiveTypeAdapterFactory.java:46)
	at com.google.gson.internal.bind.ReflectiveTypeAdapterFactory$1.<init>(ReflectiveTypeAdapterFactory.java:92)
	at com.google.gson.internal.bind.ReflectiveTypeAdapterFactory.createBoundField(ReflectiveTypeAdapterFactory.java:91)
	at com.google.gson.internal.bind.ReflectiveTypeAdapterFactory.getBoundFields(ReflectiveTypeAdapterFactory.java:142)
	at com.google.gson.internal.bind.ReflectiveTypeAdapterFactory.create(ReflectiveTypeAdapterFactory.java:83)
	at com.google.gson.Gson.getAdapter(Gson.java:359)
	at com.google.gson.internal.bind.ReflectiveTypeAdapterFactory.getFieldAdapter(ReflectiveTypeAdapterFactory.java:122)
	at com.google.gson.internal.bind.ReflectiveTypeAdapterFactory.access$100(ReflectiveTypeAdapterFactory.java:46)
	at com.google.gson.internal.bind.ReflectiveTypeAdapterFactory$1.<init>(ReflectiveTypeAdapterFactory.java:92)
	at com.google.gson.internal.bind.ReflectiveTypeAdapterFactory.createBoundField(ReflectiveTypeAdapterFactory.java:91)
	at com.google.gson.internal.bind.ReflectiveTypeAdapterFactory.getBoundFields(ReflectiveTypeAdapterFactory.java:142)
	at com.google.gson.internal.bind.ReflectiveTypeAdapterFactory.create(ReflectiveTypeAdapterFactory.java:83)
	at com.google.gson.Gson.getAdapter(Gson.java:359)
	at com.google.gson.internal.bind.ReflectiveTypeAdapterFactory.getFieldAdapter(ReflectiveTypeAdapterFactory.java:122)
	at com.google.gson.internal.bind.ReflectiveTypeAdapterFactory.access$100(ReflectiveTypeAdapterFactory.java:46)
	at com.google.gson.internal.bind.ReflectiveTypeAdapterFactory$1.<init>(ReflectiveTypeAdapterFactory.java:92)
	at com.google.gson.internal.bind.ReflectiveTypeAdapterFactory.createBoundField(ReflectiveTypeAdapterFactory.java:91)
	at com.google.gson.internal.bind.ReflectiveTypeAdapterFactory.getBoundFields(ReflectiveTypeAdapterFactory.java:142)
	at com.google.gson.internal.bind.ReflectiveTypeAdapterFactory.create(ReflectiveTypeAdapterFactory.java:83)
	at com.google.gson.Gson.getAdapter(Gson.java:359)
	at com.google.gson.internal.bind.ReflectiveTypeAdapterFactory.getFieldAdapter(ReflectiveTypeAdapterFactory.java:122)
	at com.google.gson.internal.bind.ReflectiveTypeAdapterFactory.access$100(ReflectiveTypeAdapterFactory.java:46)
	at com.google.gson.internal.bind.ReflectiveTypeAdapterFactory$1.<init>(ReflectiveTypeAdapterFactory.java:92)
	at com.google.gson.internal.bind.ReflectiveTypeAdapterFactory.createBoundField(ReflectiveTypeAdapterFactory.java:91)
	at com.google.gson.internal.bind.ReflectiveTypeAdapterFactory.getBoundFields(ReflectiveTypeAdapterFactory.java:142)
	at com.google.gson.internal.bind.ReflectiveTypeAdapterFactory.create(ReflectiveTypeAdapterFactory.java:83)
	at com.google.gson.Gson.getAdapter(Gson.java:359)
	at com.google.gson.internal.bind.ReflectiveTypeAdapterFactory.getFieldAdapter(ReflectiveTypeAdapterFactory.java:122)
	at com.google.gson.internal.bind.ReflectiveTypeAdapterFactory.access$100(ReflectiveTypeAdapterFactory.java:46)
	at com.google.gson.internal.bind.ReflectiveTypeAdapterFactory$1.<init>(ReflectiveTypeAdapterFactory.java:92)
	at com.google.gson.internal.bind.ReflectiveTypeAdapterFactory.createBoundField(ReflectiveTypeAdapterFactory.java:91)
	at com.google.gson.internal.bind.ReflectiveTypeAdapterFactory.getBoundFields(ReflectiveTypeAdapterFactory.java:142)
	at com.google.gson.internal.bind.ReflectiveTypeAdapterFactory.create(ReflectiveTypeAdapterFactory.java:83)
	at com.google.gson.Gson.getAdapter(Gson.java:359)
	at com.google.gson.internal.bind.ReflectiveTypeAdapterFactory.getFieldAdapter(ReflectiveTypeAdapterFactory.java:122)
	at com.google.gson.internal.bind.ReflectiveTypeAdapterFactory.access$100(ReflectiveTypeAdapterFactory.java:46)
	at com.google.gson.internal.bind.ReflectiveTypeAdapterFactory$1.<init>(ReflectiveTypeAdapterFactory.java:92)
	at com.google.gson.internal.bind.ReflectiveTypeAdapterFactory.createBoundField(ReflectiveTypeAdapterFactory.java:91)
	at com.google.gson.internal.bind.ReflectiveTypeAdapterFactory.getBoundFields(ReflectiveTypeAdapterFactory.java:142)
	at com.google.gson.internal.bind.ReflectiveTypeAdapterFactory.create(ReflectiveTypeAdapterFactory.java:83)
	at com.google.gson.Gson.getAdapter(Gson.java:359)
	at com.google.gson.internal.bind.ReflectiveTypeAdapterFactory.getFieldAdapter(ReflectiveTypeAdapterFactory.java:122)
	at com.google.gson.internal.bind.ReflectiveTypeAdapterFactory.access$100(ReflectiveTypeAdapterFactory.java:46)
	at com.google.gson.internal.bind.ReflectiveTypeAdapterFactory$1.<init>(ReflectiveTypeAdapterFactory.java:92)
	at com.google.gson.internal.bind.ReflectiveTypeAdapterFactory.createBoundField(ReflectiveTypeAdapterFactory.java:91)
	at com.google.gson.internal.bind.ReflectiveTypeAdapterFactory.getBoundFields(ReflectiveTypeAdapterFactory.java:142)
	at com.google.gson.internal.bind.ReflectiveTypeAdapterFactory.create(ReflectiveTypeAdapterFactory.java:83)
	at com.google.gson.Gson.getAdapter(Gson.java:359)
	at com.google.gson.internal.bind.ReflectiveTypeAdapterFactory.getFieldAdapter(ReflectiveTypeAdapterFactory.java:122)
	at com.google.gson.internal.bind.ReflectiveTypeAdapterFactory.access$100(ReflectiveTypeAdapterFactory.java:46)
	at com.google.gson.internal.bind.ReflectiveTypeAdapterFactory$1.<init>(ReflectiveTypeAdapterFactory.java:92)
	at com.google.gson.internal.bind.ReflectiveTypeAdapterFactory.createBoundField(ReflectiveTypeAdapterFactory.java:91)
	at com.google.gson.internal.bind.ReflectiveTypeAdapterFactory.getBoundFields(ReflectiveTypeAdapterFactory.java:142)
	at com.google.gson.internal.bind.ReflectiveTypeAdapterFactory.create(ReflectiveTypeAdapterFactory.java:83)
	at com.google.gson.Gson.getAdapter(Gson.java:359)
	at com.google.gson.internal.bind.ReflectiveTypeAdapterFactory.getFieldAdapter(ReflectiveTypeAdapterFactory.java:122)
	at com.google.gson.internal.bind.ReflectiveTypeAdapterFactory.access$100(ReflectiveTypeAdapterFactory.java:46)
	at com.google.gson.internal.bind.ReflectiveTypeAdapterFactory$1.<init>(ReflectiveTypeAdapterFactory.java:92)
	at com.google.gson.internal.bind.ReflectiveTypeAdapterFactory.createBoundField(ReflectiveTypeAdapterFactory.java:91)
	at com.google.gson.internal.bind.ReflectiveTypeAdapterFactory.getBoundFields(ReflectiveTypeAdapterFactory.java:142)
	at com.google.gson.internal.bind.ReflectiveTypeAdapterFactory.create(ReflectiveTypeAdapterFactory.java:83)
	at com.google.gson.Gson.getAdapter(Gson.java:359)
	at com.google.gson.internal.bind.ReflectiveTypeAdapterFactory.getFieldAdapter(ReflectiveTypeAdapterFactory.java:122)
	at com.google.gson.internal.bind.ReflectiveTypeAdapterFactory.access$100(ReflectiveTypeAdapterFactory.java:46)
	at com.google.gson.internal.bind.ReflectiveTypeAdapterFactory$1.<init>(ReflectiveTypeAdapterFactory.java:92)
	at com.google.gson.internal.bind.ReflectiveTypeAdapterFactory.createBoundField(ReflectiveTypeAdapterFactory.java:91)
	at com.google.gson.internal.bind.ReflectiveTypeAdapterFactory.getBoundFields(ReflectiveTypeAdapterFactory.java:142)
	at com.google.gson.internal.bind.ReflectiveTypeAdapterFactory.create(ReflectiveTypeAdapterFactory.java:83)
	at com.google.gson.Gson.getAdapter(Gson.java:359)
	at com.google.gson.internal.bind.ReflectiveTypeAdapterFactory.getFieldAdapter(ReflectiveTypeAdapterFactory.java:122)
	at com.google.gson.internal.bind.ReflectiveTypeAdapterFactory.access$100(ReflectiveTypeAdapterFactory.java:46)
	at com.google.gson.internal.bind.ReflectiveTypeAdapterFactory$1.<init>(ReflectiveTypeAdapterFactory.java:92)
	at com.google.gson.internal.bind.ReflectiveTypeAdapterFactory.createBoundField(ReflectiveTypeAdapterFactory.java:91)
	at com.google.gson.internal.bind.ReflectiveTypeAdapterFactory.getBoundFields(ReflectiveTypeAdapterFactory.java:142)
	at com.google.gson.internal.bind.ReflectiveTypeAdapterFactory.create(ReflectiveTypeAdapterFactory.java:83)
	at com.google.gson.Gson.getAdapter(Gson.java:359)
	at com.google.gson.internal.bind.ReflectiveTypeAdapterFactory.getFieldAdapter(ReflectiveTypeAdapterFactory.java:122)
	at com.google.gson.internal.bind.ReflectiveTypeAdapterFactory.access$100(ReflectiveTypeAdapterFactory.java:46)
	at com.google.gson.internal.bind.ReflectiveTypeAdapterFactory$1.<init>(ReflectiveTypeAdapterFactory.java:92)
	at com.google.gson.internal.bind.ReflectiveTypeAdapterFactory.createBoundField(ReflectiveTypeAdapterFactory.java:91)
	at com.google.gson.internal.bind.ReflectiveTypeAdapterFactory.getBoundFields(ReflectiveTypeAdapterFactory.java:142)
	at com.google.gson.internal.bind.ReflectiveTypeAdapterFactory.create(ReflectiveTypeAdapterFactory.java:83)
	at com.google.gson.Gson.getAdapter(Gson.java:359)
	at com.google.gson.internal.bind.ReflectiveTypeAdapterFactory.getFieldAdapter(ReflectiveTypeAdapterFactory.java:122)
	at com.google.gson.internal.bind.ReflectiveTypeAdapterFactory.access$100(ReflectiveTypeAdapterFactory.java:46)
	at com.google.gson.internal.bind.ReflectiveTypeAdapterFactory$1.<init>(ReflectiveTypeAdapterFactory.java:92)
	at com.google.gson.internal.bind.ReflectiveTypeAdapterFactory.createBoundField(ReflectiveTypeAdapterFactory.java:91)
	at com.google.gson.internal.bind.ReflectiveTypeAdapterFactory.getBoundFields(ReflectiveTypeAdapterFactory.java:142)
	at com.google.gson.internal.bind.ReflectiveTypeAdapterFactory.create(ReflectiveTypeAdapterFactory.java:83)
	at com.google.gson.Gson.getAdapter(Gson.java:359)
	at com.google.gson.internal.bind.ReflectiveTypeAdapterFactory.getFieldAdapter(ReflectiveTypeAdapterFactory.java:122)
	at com.google.gson.internal.bind.ReflectiveTypeAdapterFactory.access$100(ReflectiveTypeAdapterFactory.java:46)
	at com.google.gson.internal.bind.ReflectiveTypeAdapterFactory$1.<init>(ReflectiveTypeAdapterFactory.java:92)
	at com.google.gson.internal.bind.ReflectiveTypeAdapterFactory.createBoundField(ReflectiveTypeAdapterFactory.java:91)
	at com.google.gson.internal.bind.ReflectiveTypeAdapterFactory.getBoundFields(ReflectiveTypeAdapterFactory.java:142)
	at com.google.gson.internal.bind.ReflectiveTypeAdapterFactory.create(ReflectiveTypeAdapterFactory.java:83)
	at com.google.gson.Gson.getAdapter(Gson.java:359)
	at com.google.gson.internal.bind.ReflectiveTypeAdapterFactory.getFieldAdapter(ReflectiveTypeAdapterFactory.java:122)
	at com.google.gson.internal.bind.ReflectiveTypeAdapterFactory.access$100(ReflectiveTypeAdapterFactory.java:46)
	at com.google.gson.internal.bind.ReflectiveTypeAdapterFactory$1.<init>(ReflectiveTypeAdapterFactory.java:92)
	at com.google.gson.internal.bind.ReflectiveTypeAdapterFactory.createBoundField(ReflectiveTypeAdapterFactory.java:91)
	at com.google.gson.internal.bind.ReflectiveTypeAdapterFactory.getBoundFields(ReflectiveTypeAdapterFactory.java:142)
	at com.google.gson.internal.bind.ReflectiveTypeAdapterFactory.create(ReflectiveTypeAdapterFactory.java:83)
	at com.google.gson.Gson.getAdapter(Gson.java:359)
	at com.google.gson.internal.bind.ReflectiveTypeAdapterFactory.getFieldAdapter(ReflectiveTypeAdapterFactory.java:122)
	at com.google.gson.internal.bind.ReflectiveTypeAdapterFactory.access$100(ReflectiveTypeAdapterFactory.java:46)
	at com.google.gson.internal.bind.ReflectiveTypeAdapterFactory$1.<init>(ReflectiveTypeAdapterFactory.java:92)
	at com.google.gson.internal.bind.ReflectiveTypeAdapterFactory.createBoundField(ReflectiveTypeAdapterFactory.java:91)
	at com.google.gson.internal.bind.ReflectiveTypeAdapterFactory.getBoundFields(ReflectiveTypeAdapterFactory.java:142)
	at com.google.gson.internal.bind.ReflectiveTypeAdapterFactory.create(ReflectiveTypeAdapterFactory.java:83)
	at com.google.gson.Gson.getAdapter(Gson.java:359)
	at com.google.gson.internal.bind.ReflectiveTypeAdapterFactory.getFieldAdapter(ReflectiveTypeAdapterFactory.java:122)
	at com.google.gson.internal.bind.ReflectiveTypeAdapterFactory.access$100(ReflectiveTypeAdapterFactory.java:46)
	at com.google.gson.internal.bind.ReflectiveTypeAdapterFactory$1.<init>(ReflectiveTypeAdapterFactory.java:92)
	at com.google.gson.internal.bind.ReflectiveTypeAdapterFactory.createBoundField(ReflectiveTypeAdapterFactory.java:91)
	at com.google.gson.internal.bind.ReflectiveTypeAdapterFactory.getBoundFields(ReflectiveTypeAdapterFactory.java:142)
	at com.google.gson.internal.bind.ReflectiveTypeAdapterFactory.create(ReflectiveTypeAdapterFactory.java:83)
	at com.google.gson.Gson.getAdapter(Gson.java:359)
	at com.google.gson.internal.bind.ReflectiveTypeAdapterFactory.getFieldAdapter(ReflectiveTypeAdapterFactory.java:122)
	at com.google.gson.internal.bind.ReflectiveTypeAdapterFactory.access$100(ReflectiveTypeAdapterFactory.java:46)
	at com.google.gson.internal.bind.ReflectiveTypeAdapterFactory$1.<init>(ReflectiveTypeAdapterFactory.java:92)
	at com.google.gson.internal.bind.ReflectiveTypeAdapterFactory.createBoundField(ReflectiveTypeAdapterFactory.java:91)
	at com.google.gson.internal.bind.ReflectiveTypeAdapterFactory.getBoundFields(ReflectiveTypeAdapterFactory.java:142)
	at com.google.gson.internal.bind.ReflectiveTypeAdapterFactory.create(ReflectiveTypeAdapterFactory.java:83)
	at com.google.gson.Gson.getAdapter(Gson.java:359)
	at com.google.gson.internal.bind.ReflectiveTypeAdapterFactory.getFieldAdapter(ReflectiveTypeAdapterFactory.java:122)
	at com.google.gson.internal.bind.ReflectiveTypeAdapterFactory.access$100(ReflectiveTypeAdapterFactory.java:46)
	at com.google.gson.internal.bind.ReflectiveTypeAdapterFactory$1.<init>(ReflectiveTypeAdapterFactory.java:92)
	at com.google.gson.internal.bind.ReflectiveTypeAdapterFactory.createBoundField(ReflectiveTypeAdapterFactory.java:91)
	at com.google.gson.internal.bind.ReflectiveTypeAdapterFactory.getBoundFields(ReflectiveTypeAdapterFactory.java:142)
	at com.google.gson.internal.bind.ReflectiveTypeAdapterFactory.create(ReflectiveTypeAdapterFactory.java:83)
	at com.google.gson.Gson.getAdapter(Gson.java:359)
	at com.google.gson.internal.bind.ReflectiveTypeAdapterFactory.getFieldAdapter(ReflectiveTypeAdapterFactory.java:122)
	at com.google.gson.internal.bind.ReflectiveTypeAdapterFactory.access$100(ReflectiveTypeAdapterFactory.java:46)
	at com.google.gson.internal.bind.ReflectiveTypeAdapterFactory$1.<init>(ReflectiveTypeAdapterFactory.java:92)
	at com.google.gson.internal.bind.ReflectiveTypeAdapterFactory.createBoundField(ReflectiveTypeAdapterFactory.java:91)
	at com.google.gson.internal.bind.ReflectiveTypeAdapterFactory.getBoundFields(ReflectiveTypeAdapterFactory.java:142)
	at com.google.gson.internal.bind.ReflectiveTypeAdapterFactory.create(ReflectiveTypeAdapterFactory.java:83)
	at com.google.gson.Gson.getAdapter(Gson.java:359)
	at com.google.gson.internal.bind.ReflectiveTypeAdapterFactory.getFieldAdapter(ReflectiveTypeAdapterFactory.java:122)
	at com.google.gson.internal.bind.ReflectiveTypeAdapterFactory.access$100(ReflectiveTypeAdapterFactory.java:46)
	at com.google.gson.internal.bind.ReflectiveTypeAdapterFactory$1.<init>(ReflectiveTypeAdapterFactory.java:92)
	at com.google.gson.internal.bind.ReflectiveTypeAdapterFactory.createBoundField(ReflectiveTypeAdapterFactory.java:91)
	at com.google.gson.internal.bind.ReflectiveTypeAdapterFactory.getBoundFields(ReflectiveTypeAdapterFactory.java:142)
	at com.google.gson.internal.bind.ReflectiveTypeAdapterFactory.create(ReflectiveTypeAdapterFactory.java:83)
	at com.google.gson.Gson.getAdapter(Gson.java:359)
	at com.google.gson.internal.bind.ReflectiveTypeAdapterFactory.getFieldAdapter(ReflectiveTypeAdapterFactory.java:122)
	at com.google.gson.internal.bind.ReflectiveTypeAdapterFactory.access$100(ReflectiveTypeAdapterFactory.java:46)
	at com.google.gson.internal.bind.ReflectiveTypeAdapterFactory$1.<init>(ReflectiveTypeAdapterFactory.java:92)
	at com.google.gson.internal.bind.ReflectiveTypeAdapterFactory.createBoundField(ReflectiveTypeAdapterFactory.java:91)
	at com.google.gson.internal.bind.ReflectiveTypeAdapterFactory.getBoundFields(ReflectiveTypeAdapterFactory.java:142)
	at com.google.gson.internal.bind.ReflectiveTypeAdapterFactory.create(ReflectiveTypeAdapterFactory.java:83)
	at com.google.gson.Gson.getAdapter(Gson.java:359)
	at com.google.gson.internal.bind.ReflectiveTypeAdapterFactory.getFieldAdapter(ReflectiveTypeAdapterFactory.java:122)
	at com.google.gson.internal.bind.ReflectiveTypeAdapterFactory.access$100(ReflectiveTypeAdapterFactory.java:46)
	at com.google.gson.internal.bind.ReflectiveTypeAdapterFactory$1.<init>(ReflectiveTypeAdapterFactory.java:92)
	at com.google.gson.internal.bind.ReflectiveTypeAdapterFactory.createBoundField(ReflectiveTypeAdapterFactory.java:91)
	at com.google.gson.internal.bind.ReflectiveTypeAdapterFactory.getBoundFields(ReflectiveTypeAdapterFactory.java:142)
	at com.google.gson.internal.bind.ReflectiveTypeAdapterFactory.create(ReflectiveTypeAdapterFactory.java:83)
	at com.google.gson.Gson.getAdapter(Gson.java:359)
	at com.google.gson.internal.bind.ReflectiveTypeAdapterFactory.getFieldAdapter(ReflectiveTypeAdapterFactory.java:122)
	at com.google.gson.internal.bind.ReflectiveTypeAdapterFactory.access$100(ReflectiveTypeAdapterFactory.java:46)
	at com.google.gson.internal.bind.ReflectiveTypeAdapterFactory$1.<init>(ReflectiveTypeAdapterFactory.java:92)
	at com.google.gson.internal.bind.ReflectiveTypeAdapterFactory.createBoundField(ReflectiveTypeAdapterFactory.java:91)
	at com.google.gson.internal.bind.ReflectiveTypeAdapterFactory.getBoundFields(ReflectiveTypeAdapterFactory.java:142)
	at com.google.gson.internal.bind.ReflectiveTypeAdapterFactory.create(ReflectiveTypeAdapterFactory.java:83)
	at com.google.gson.Gson.getAdapter(Gson.java:359)
	at com.google.gson.internal.bind.ReflectiveTypeAdapterFactory.getFieldAdapter(ReflectiveTypeAdapterFactory.java:122)
	at com.google.gson.internal.bind.ReflectiveTypeAdapterFactory.access$100(ReflectiveTypeAdapterFactory.java:46)
	at com.google.gson.internal.bind.ReflectiveTypeAdapterFactory$1.<init>(ReflectiveTypeAdapterFactory.java:92)
	at com.google.gson.internal.bind.ReflectiveTypeAdapterFactory.createBoundField(ReflectiveTypeAdapterFactory.java:91)
	at com.google.gson.internal.bind.ReflectiveTypeAdapterFactory.getBoundFields(ReflectiveTypeAdapterFactory.java:142)
	at com.google.gson.internal.bind.ReflectiveTypeAdapterFactory.create(ReflectiveTypeAdapterFactory.java:83)
	at com.google.gson.Gson.getAdapter(Gson.java:359)

