<?xml version="1.0" encoding="UTF-8"?>
<!-- Generated by org.testng.reporters.JUnitReportReporter -->
<testsuite hostname="W-VN-KEL51O-013" name="FozzySalesForecastTest" tests="6" failures="6" timestamp="16 Nov 2016 07:49:21 GMT" time="8.720" errors="0">
  <testcase name="A_openPopUpWindowTest_1" time="1.926" classname="FozzySalesForecastTest">
    <failure type="org.openqa.selenium.WebDriverException" message="java.lang.reflect.InvocationTargetException
Build info: version: &#039;2.53.0&#039;, revision: &#039;35ae25b1534ae328c771e0856c93e187490ca824&#039;, time: &#039;2016-03-15 10:43:46&#039;
System info: host: &#039;W-VN-KEL51O-013&#039;, ip: &#039;10.13.15.79&#039;, os.name: &#039;Windows 10&#039;, os.arch: &#039;amd64&#039;, os.version: &#039;10.0&#039;, java.version: &#039;1.8.0_91&#039;
Driver info: driver.version: unknown">
      <![CDATA[org.openqa.selenium.WebDriverException: java.lang.reflect.InvocationTargetException
Build info: version: '2.53.0', revision: '35ae25b1534ae328c771e0856c93e187490ca824', time: '2016-03-15 10:43:46'
System info: host: 'W-VN-KEL51O-013', ip: '10.13.15.79', os.name: 'Windows 10', os.arch: 'amd64', os.version: '10.0', java.version: '1.8.0_91'
Driver info: driver.version: unknown
	at org.openqa.selenium.remote.server.DefaultDriverProvider.callConstructor(DefaultDriverProvider.java:113)
	at org.openqa.selenium.remote.server.DefaultDriverProvider.newInstance(DefaultDriverProvider.java:97)
	at org.openqa.selenium.remote.server.DefaultDriverFactory.newInstance(DefaultDriverFactory.java:60)
	at ru.stqa.selenium.factory.WebDriverFactoryInternal.createLocalDriver(WebDriverFactoryInternal.java:117)
	at ru.stqa.selenium.factory.WebDriverFactoryInternal.newDriver(WebDriverFactoryInternal.java:102)
	at ru.stqa.selenium.factory.ThreadLocalSingletonStorage.createNewDriver(ThreadLocalSingletonStorage.java:90)
	at ru.stqa.selenium.factory.ThreadLocalSingletonStorage.getDriver(ThreadLocalSingletonStorage.java:37)
	at ru.stqa.selenium.factory.WebDriverFactoryInternal.getDriver(WebDriverFactoryInternal.java:93)
	at ru.stqa.selenium.factory.WebDriverFactory.getDriver(WebDriverFactory.java:52)
	at FozzySalesForecastTest.startBrowser(FozzySalesForecastTest.java:100)
	at FozzySalesForecastTest.A_openPopUpWindowTest_1(FozzySalesForecastTest.java:167)
	at sun.reflect.NativeMethodAccessorImpl.invoke0(Native Method)
	at sun.reflect.NativeMethodAccessorImpl.invoke(NativeMethodAccessorImpl.java:62)
	at sun.reflect.DelegatingMethodAccessorImpl.invoke(DelegatingMethodAccessorImpl.java:43)
	at java.lang.reflect.Method.invoke(Method.java:498)
	at org.testng.internal.MethodInvocationHelper.invokeMethod(MethodInvocationHelper.java:80)
	at org.testng.internal.Invoker.invokeMethod(Invoker.java:714)
	at org.testng.internal.Invoker.invokeTestMethod(Invoker.java:901)
	at org.testng.internal.Invoker.invokeTestMethods(Invoker.java:1231)
	at org.testng.internal.TestMethodWorker.invokeTestMethods(TestMethodWorker.java:127)
	at org.testng.internal.TestMethodWorker.run(TestMethodWorker.java:111)
	at org.testng.TestRunner.privateRun(TestRunner.java:767)
	at org.testng.TestRunner.run(TestRunner.java:617)
	at org.testng.SuiteRunner.runTest(SuiteRunner.java:334)
	at org.testng.SuiteRunner.runSequentially(SuiteRunner.java:329)
	at org.testng.SuiteRunner.privateRun(SuiteRunner.java:291)
	at org.testng.SuiteRunner.run(SuiteRunner.java:240)
	at org.testng.SuiteRunnerWorker.runSuite(SuiteRunnerWorker.java:52)
	at org.testng.SuiteRunnerWorker.run(SuiteRunnerWorker.java:86)
	at org.testng.TestNG.runSuitesSequentially(TestNG.java:1198)
	at org.testng.TestNG.runSuitesLocally(TestNG.java:1123)
	at org.testng.TestNG.run(TestNG.java:1031)
	at org.apache.maven.surefire.testng.TestNGExecutor.run(TestNGExecutor.java:295)
	at org.apache.maven.surefire.testng.TestNGXmlTestSuite.execute(TestNGXmlTestSuite.java:84)
	at org.apache.maven.surefire.testng.TestNGProvider.invoke(TestNGProvider.java:90)
	at org.apache.maven.surefire.booter.ForkedBooter.invokeProviderInSameClassLoader(ForkedBooter.java:203)
	at org.apache.maven.surefire.booter.ForkedBooter.runSuitesInProcess(ForkedBooter.java:155)
	at org.apache.maven.surefire.booter.ForkedBooter.main(ForkedBooter.java:103)
Caused by: java.lang.reflect.InvocationTargetException
	at sun.reflect.NativeConstructorAccessorImpl.newInstance0(Native Method)
	at sun.reflect.NativeConstructorAccessorImpl.newInstance(NativeConstructorAccessorImpl.java:62)
	at sun.reflect.DelegatingConstructorAccessorImpl.newInstance(DelegatingConstructorAccessorImpl.java:45)
	at java.lang.reflect.Constructor.newInstance(Constructor.java:423)
	at org.openqa.selenium.remote.server.DefaultDriverProvider.callConstructor(DefaultDriverProvider.java:103)
	... 37 more
Caused by: org.openqa.selenium.remote.UnreachableBrowserException: Could not start a new session. Possible causes are invalid address of the remote server or browser start-up failure.
Build info: version: '2.53.0', revision: '35ae25b1534ae328c771e0856c93e187490ca824', time: '2016-03-15 10:43:46'
System info: host: 'W-VN-KEL51O-013', ip: '10.13.15.79', os.name: 'Windows 10', os.arch: 'amd64', os.version: '10.0', java.version: '1.8.0_91'
Driver info: driver.version: ChromeDriver
	at org.openqa.selenium.remote.RemoteWebDriver.execute(RemoteWebDriver.java:665)
	at org.openqa.selenium.remote.RemoteWebDriver.startSession(RemoteWebDriver.java:249)
	at org.openqa.selenium.remote.RemoteWebDriver.<init>(RemoteWebDriver.java:131)
	at org.openqa.selenium.remote.RemoteWebDriver.<init>(RemoteWebDriver.java:144)
	at org.openqa.selenium.chrome.ChromeDriver.<init>(ChromeDriver.java:170)
	at org.openqa.selenium.chrome.ChromeDriver.<init>(ChromeDriver.java:138)
	... 42 more
Caused by: org.openqa.selenium.WebDriverException: Unable to convert: {desiredCapabilities=Capabilities [{acceptSslCerts=true, browserName=chrome, chromeOptions=org.openqa.selenium.chrome.ChromeOptions@45f5cab4, version=, platform=ANY}]}
Build info: version: '2.53.0', revision: '35ae25b1534ae328c771e0856c93e187490ca824', time: '2016-03-15 10:43:46'
System info: host: 'W-VN-KEL51O-013', ip: '10.13.15.79', os.name: 'Windows 10', os.arch: 'amd64', os.version: '10.0', java.version: '1.8.0_91'
Driver info: driver.version: ChromeDriver
	at org.openqa.selenium.remote.BeanToJsonConverter.convert(BeanToJsonConverter.java:69)
	at org.openqa.selenium.remote.http.JsonHttpCommandCodec.encode(JsonHttpCommandCodec.java:228)
	at org.openqa.selenium.remote.HttpCommandExecutor.execute(HttpCommandExecutor.java:139)
	at org.openqa.selenium.remote.service.DriverCommandExecutor.execute(DriverCommandExecutor.java:82)
	at org.openqa.selenium.remote.RemoteWebDriver.execute(RemoteWebDriver.java:644)
	... 47 more
Caused by: org.openqa.selenium.WebDriverException: Unable to convert: {desiredCapabilities=Capabilities [{acceptSslCerts=true, browserName=chrome, chromeOptions=org.openqa.selenium.chrome.ChromeOptions@45f5cab4, version=, platform=ANY}]}
Build info: version: '2.53.0', revision: '35ae25b1534ae328c771e0856c93e187490ca824', time: '2016-03-15 10:43:46'
System info: host: 'W-VN-KEL51O-013', ip: '10.13.15.79', os.name: 'Windows 10', os.arch: 'amd64', os.version: '10.0', java.version: '1.8.0_91'
Driver info: driver.version: ChromeDriver
	at org.openqa.selenium.remote.BeanToJsonConverter.convertObject(BeanToJsonConverter.java:88)
	at org.openqa.selenium.remote.BeanToJsonConverter.convert(BeanToJsonConverter.java:66)
	... 51 more
Caused by: org.openqa.selenium.WebDriverException: java.lang.reflect.InvocationTargetException
Build info: version: '2.53.0', revision: '35ae25b1534ae328c771e0856c93e187490ca824', time: '2016-03-15 10:43:46'
System info: host: 'W-VN-KEL51O-013', ip: '10.13.15.79', os.name: 'Windows 10', os.arch: 'amd64', os.version: '10.0', java.version: '1.8.0_91'
Driver info: driver.version: ChromeDriver
	at org.openqa.selenium.remote.BeanToJsonConverter.convertObject(BeanToJsonConverter.java:233)
	at org.openqa.selenium.remote.BeanToJsonConverter.convertObject(BeanToJsonConverter.java:143)
	at org.openqa.selenium.remote.BeanToJsonConverter.convertObject(BeanToJsonConverter.java:189)
	at org.openqa.selenium.remote.BeanToJsonConverter.convertObject(BeanToJsonConverter.java:143)
	at org.openqa.selenium.remote.BeanToJsonConverter.convertObject(BeanToJsonConverter.java:86)
	... 52 more
Caused by: java.lang.reflect.InvocationTargetException
	at sun.reflect.NativeMethodAccessorImpl.invoke0(Native Method)
	at sun.reflect.NativeMethodAccessorImpl.invoke(NativeMethodAccessorImpl.java:62)
	at sun.reflect.DelegatingMethodAccessorImpl.invoke(DelegatingMethodAccessorImpl.java:43)
	at java.lang.reflect.Method.invoke(Method.java:498)
	at org.openqa.selenium.remote.BeanToJsonConverter.convertObject(BeanToJsonConverter.java:218)
	... 56 more
Caused by: java.lang.StackOverflowError
	at com.google.gson.internal.$Gson$Types.resolve($Gson$Types.java:381)
	at com.google.gson.internal.$Gson$Types.resolve($Gson$Types.java:376)
	at com.google.gson.internal.$Gson$Types.resolve($Gson$Types.java:381)
	at com.google.gson.internal.$Gson$Types.resolve($Gson$Types.java:376)
	at com.google.gson.internal.$Gson$Types.resolve($Gson$Types.java:381)
	at com.google.gson.internal.$Gson$Types.resolve($Gson$Types.java:376)
	at com.google.gson.internal.$Gson$Types.resolve($Gson$Types.java:381)
	at com.google.gson.internal.$Gson$Types.resolve($Gson$Types.java:376)
	at com.google.gson.internal.$Gson$Types.resolve($Gson$Types.java:381)
	at com.google.gson.internal.$Gson$Types.resolve($Gson$Types.java:376)
	at com.google.gson.internal.$Gson$Types.resolve($Gson$Types.java:381)
	at com.google.gson.internal.$Gson$Types.resolve($Gson$Types.java:376)
	at com.google.gson.internal.$Gson$Types.resolve($Gson$Types.java:381)
	at com.google.gson.internal.$Gson$Types.resolve($Gson$Types.java:376)
	at com.google.gson.internal.$Gson$Types.resolve($Gson$Types.java:381)
	at com.google.gson.internal.$Gson$Types.resolve($Gson$Types.java:376)
	at com.google.gson.internal.$Gson$Types.resolve($Gson$Types.java:381)
	at com.google.gson.internal.$Gson$Types.resolve($Gson$Types.java:376)
	at com.google.gson.internal.$Gson$Types.resolve($Gson$Types.java:381)
	at com.google.gson.internal.$Gson$Types.resolve($Gson$Types.java:376)
	at com.google.gson.internal.$Gson$Types.resolve($Gson$Types.java:381)
	at com.google.gson.internal.$Gson$Types.resolve($Gson$Types.java:376)
	at com.google.gson.internal.$Gson$Types.resolve($Gson$Types.java:381)
	at com.google.gson.internal.$Gson$Types.resolve($Gson$Types.java:376)
	at com.google.gson.internal.$Gson$Types.resolve($Gson$Types.java:381)
	at com.google.gson.internal.$Gson$Types.resolve($Gson$Types.java:376)
	at com.google.gson.internal.$Gson$Types.resolve($Gson$Types.java:381)
	at com.google.gson.internal.$Gson$Types.resolve($Gson$Types.java:376)
	at com.google.gson.internal.$Gson$Types.resolve($Gson$Types.java:381)
	at com.google.gson.internal.$Gson$Types.resolve($Gson$Types.java:376)
	at com.google.gson.internal.$Gson$Types.resolve($Gson$Types.java:381)
	at com.google.gson.internal.$Gson$Types.resolve($Gson$Types.java:376)
	at com.google.gson.internal.$Gson$Types.resolve($Gson$Types.java:381)
	at com.google.gson.internal.$Gson$Types.resolve($Gson$Types.java:376)
	at com.google.gson.internal.$Gson$Types.resolve($Gson$Types.java:381)
	at com.google.gson.internal.$Gson$Types.resolve($Gson$Types.java:376)
	at com.google.gson.internal.$Gson$Types.resolve($Gson$Types.java:381)
	at com.google.gson.internal.$Gson$Types.resolve($Gson$Types.java:376)
	at com.google.gson.internal.$Gson$Types.resolve($Gson$Types.java:381)
	at com.google.gson.internal.$Gson$Types.resolve($Gson$Types.java:376)
	at com.google.gson.internal.$Gson$Types.resolve($Gson$Types.java:381)
	at com.google.gson.internal.$Gson$Types.resolve($Gson$Types.java:376)
	at com.google.gson.internal.$Gson$Types.resolve($Gson$Types.java:381)
	at com.google.gson.internal.$Gson$Types.resolve($Gson$Types.java:376)
	at com.google.gson.internal.$Gson$Types.resolve($Gson$Types.java:381)
	at com.google.gson.internal.$Gson$Types.resolve($Gson$Types.java:376)
	at com.google.gson.internal.$Gson$Types.resolve($Gson$Types.java:381)
	at com.google.gson.internal.$Gson$Types.resolve($Gson$Types.java:376)
	at com.google.gson.internal.$Gson$Types.resolve($Gson$Types.java:381)
	at com.google.gson.internal.$Gson$Types.resolve($Gson$Types.java:376)
	at com.google.gson.internal.$Gson$Types.resolve($Gson$Types.java:381)
	at com.google.gson.internal.$Gson$Types.resolve($Gson$Types.java:376)
	at com.google.gson.internal.$Gson$Types.resolve($Gson$Types.java:381)
	at com.google.gson.internal.$Gson$Types.resolve($Gson$Types.java:376)
	at com.google.gson.internal.$Gson$Types.resolve($Gson$Types.java:381)
	at com.google.gson.internal.$Gson$Types.resolve($Gson$Types.java:376)
	at com.google.gson.internal.$Gson$Types.resolve($Gson$Types.java:381)
	at com.google.gson.internal.$Gson$Types.resolve($Gson$Types.java:376)
	at com.google.gson.internal.$Gson$Types.resolve($Gson$Types.java:381)
	at com.google.gson.internal.$Gson$Types.resolve($Gson$Types.java:376)
	at com.google.gson.internal.$Gson$Types.resolve($Gson$Types.java:381)
	at com.google.gson.internal.$Gson$Types.resolve($Gson$Types.java:376)
	at com.google.gson.internal.$Gson$Types.resolve($Gson$Types.java:381)
	at com.google.gson.internal.$Gson$Types.resolve($Gson$Types.java:376)
	at com.google.gson.internal.$Gson$Types.resolve($Gson$Types.java:381)
	at com.google.gson.internal.$Gson$Types.resolve($Gson$Types.java:376)
	at com.google.gson.internal.$Gson$Types.resolve($Gson$Types.java:381)
	at com.google.gson.internal.$Gson$Types.resolve($Gson$Types.java:376)
	at com.google.gson.internal.$Gson$Types.resolve($Gson$Types.java:381)
	at com.google.gson.internal.$Gson$Types.resolve($Gson$Types.java:376)
	at com.google.gson.internal.$Gson$Types.resolve($Gson$Types.java:381)
	at com.google.gson.internal.$Gson$Types.resolve($Gson$Types.java:376)
	at com.google.gson.internal.$Gson$Types.resolve($Gson$Types.java:381)
	at com.google.gson.internal.$Gson$Types.resolve($Gson$Types.java:376)
	at com.google.gson.internal.$Gson$Types.resolve($Gson$Types.java:381)
	at com.google.gson.internal.$Gson$Types.resolve($Gson$Types.java:376)
	at com.google.gson.internal.$Gson$Types.resolve($Gson$Types.java:381)
	at com.google.gson.internal.$Gson$Types.resolve($Gson$Types.java:376)
	at com.google.gson.internal.$Gson$Types.resolve($Gson$Types.java:381)
	at com.google.gson.internal.$Gson$Types.resolve($Gson$Types.java:376)
	at com.google.gson.internal.$Gson$Types.resolve($Gson$Types.java:381)
	at com.google.gson.internal.$Gson$Types.resolve($Gson$Types.java:376)
	at com.google.gson.internal.$Gson$Types.resolve($Gson$Types.java:381)
	at com.google.gson.internal.$Gson$Types.resolve($Gson$Types.java:376)
	at com.google.gson.internal.$Gson$Types.resolve($Gson$Types.java:381)
	at com.google.gson.internal.$Gson$Types.resolve($Gson$Types.java:376)
	at com.google.gson.internal.$Gson$Types.resolve($Gson$Types.java:381)
	at com.google.gson.internal.$Gson$Types.resolve($Gson$Types.java:376)
	at com.google.gson.internal.$Gson$Types.resolve($Gson$Types.java:381)
	at com.google.gson.internal.$Gson$Types.resolve($Gson$Types.java:376)
	at com.google.gson.internal.$Gson$Types.resolve($Gson$Types.java:381)
	at com.google.gson.internal.$Gson$Types.resolve($Gson$Types.java:376)
	at com.google.gson.internal.$Gson$Types.resolve($Gson$Types.java:381)
	at com.google.gson.internal.$Gson$Types.resolve($Gson$Types.java:376)
	at com.google.gson.internal.$Gson$Types.resolve($Gson$Types.java:381)
	at com.google.gson.internal.$Gson$Types.resolve($Gson$Types.java:376)
	at com.google.gson.internal.$Gson$Types.resolve($Gson$Types.java:381)
	at com.google.gson.internal.$Gson$Types.resolve($Gson$Types.java:376)
	at com.google.gson.internal.$Gson$Types.resolve($Gson$Types.java:381)
	at com.google.gson.internal.$Gson$Types.resolve($Gson$Types.java:376)
	at com.google.gson.internal.$Gson$Types.resolve($Gson$Types.java:381)
	at com.google.gson.internal.$Gson$Types.resolve($Gson$Types.java:376)
	at com.google.gson.internal.$Gson$Types.resolve($Gson$Types.java:381)
	at com.google.gson.internal.$Gson$Types.resolve($Gson$Types.java:376)
	at com.google.gson.internal.$Gson$Types.resolve($Gson$Types.java:381)
	at com.google.gson.internal.$Gson$Types.resolve($Gson$Types.java:376)
	at com.google.gson.internal.$Gson$Types.resolve($Gson$Types.java:381)
	at com.google.gson.internal.$Gson$Types.resolve($Gson$Types.java:376)
	at com.google.gson.internal.$Gson$Types.resolve($Gson$Types.java:381)
	at com.google.gson.internal.$Gson$Types.resolve($Gson$Types.java:376)
	at com.google.gson.internal.$Gson$Types.resolve($Gson$Types.java:381)
	at com.google.gson.internal.$Gson$Types.resolve($Gson$Types.java:376)
	at com.google.gson.internal.$Gson$Types.resolve($Gson$Types.java:381)
	at com.google.gson.internal.$Gson$Types.resolve($Gson$Types.java:376)
	at com.google.gson.internal.$Gson$Types.resolve($Gson$Types.java:381)
	at com.google.gson.internal.$Gson$Types.resolve($Gson$Types.java:376)
	at com.google.gson.internal.$Gson$Types.resolve($Gson$Types.java:381)
	at com.google.gson.internal.$Gson$Types.resolve($Gson$Types.java:376)
	at com.google.gson.internal.$Gson$Types.resolve($Gson$Types.java:381)
	at com.google.gson.internal.$Gson$Types.resolve($Gson$Types.java:376)
	at com.google.gson.internal.$Gson$Types.resolve($Gson$Types.java:381)
	at com.google.gson.internal.$Gson$Types.resolve($Gson$Types.java:376)
	at com.google.gson.internal.$Gson$Types.resolve($Gson$Types.java:381)
	at com.google.gson.internal.$Gson$Types.resolve($Gson$Types.java:376)
	at com.google.gson.internal.$Gson$Types.resolve($Gson$Types.java:381)
	at com.google.gson.internal.$Gson$Types.resolve($Gson$Types.java:376)
	at com.google.gson.internal.$Gson$Types.resolve($Gson$Types.java:381)
	at com.google.gson.internal.$Gson$Types.resolve($Gson$Types.java:376)
	at com.google.gson.internal.$Gson$Types.resolve($Gson$Types.java:381)
	at com.google.gson.internal.$Gson$Types.resolve($Gson$Types.java:376)
	at com.google.gson.internal.$Gson$Types.resolve($Gson$Types.java:381)
	at com.google.gson.internal.$Gson$Types.resolve($Gson$Types.java:376)
	at com.google.gson.internal.$Gson$Types.resolve($Gson$Types.java:381)
	at com.google.gson.internal.$Gson$Types.resolve($Gson$Types.java:376)
	at com.google.gson.internal.$Gson$Types.resolve($Gson$Types.java:381)
	at com.google.gson.internal.$Gson$Types.resolve($Gson$Types.java:376)
	at com.google.gson.internal.$Gson$Types.resolve($Gson$Types.java:381)
	at com.google.gson.internal.$Gson$Types.resolve($Gson$Types.java:376)
	at com.google.gson.internal.$Gson$Types.resolve($Gson$Types.java:381)
	at com.google.gson.internal.$Gson$Types.resolve($Gson$Types.java:376)
	at com.google.gson.internal.$Gson$Types.resolve($Gson$Types.java:381)
	at com.google.gson.internal.$Gson$Types.resolve($Gson$Types.java:376)
	at com.google.gson.internal.$Gson$Types.resolve($Gson$Types.java:381)
	at com.google.gson.internal.$Gson$Types.resolve($Gson$Types.java:376)
	at com.google.gson.internal.$Gson$Types.resolve($Gson$Types.java:381)
	at com.google.gson.internal.$Gson$Types.resolve($Gson$Types.java:376)
	at com.google.gson.internal.$Gson$Types.resolve($Gson$Types.java:381)
	at com.google.gson.internal.$Gson$Types.resolve($Gson$Types.java:376)
	at com.google.gson.internal.$Gson$Types.resolve($Gson$Types.java:381)
	at com.google.gson.internal.$Gson$Types.resolve($Gson$Types.java:376)
	at com.google.gson.internal.$Gson$Types.resolve($Gson$Types.java:381)
	at com.google.gson.internal.$Gson$Types.resolve($Gson$Types.java:376)
	at com.google.gson.internal.$Gson$Types.resolve($Gson$Types.java:381)
	at com.google.gson.internal.$Gson$Types.resolve($Gson$Types.java:376)
	at com.google.gson.internal.$Gson$Types.resolve($Gson$Types.java:381)
	at com.google.gson.internal.$Gson$Types.resolve($Gson$Types.java:376)
	at com.google.gson.internal.$Gson$Types.resolve($Gson$Types.java:381)
	at com.google.gson.internal.$Gson$Types.resolve($Gson$Types.java:376)
	at com.google.gson.internal.$Gson$Types.resolve($Gson$Types.java:381)
	at com.google.gson.internal.$Gson$Types.resolve($Gson$Types.java:376)
	at com.google.gson.internal.$Gson$Types.resolve($Gson$Types.java:381)
	at com.google.gson.internal.$Gson$Types.resolve($Gson$Types.java:376)
	at com.google.gson.internal.$Gson$Types.resolve($Gson$Types.java:381)
	at com.google.gson.internal.$Gson$Types.resolve($Gson$Types.java:376)
	at com.google.gson.internal.$Gson$Types.resolve($Gson$Types.java:381)
	at com.google.gson.internal.$Gson$Types.resolve($Gson$Types.java:376)
	at com.google.gson.internal.$Gson$Types.resolve($Gson$Types.java:381)
	at com.google.gson.internal.$Gson$Types.resolve($Gson$Types.java:376)
	at com.google.gson.internal.$Gson$Types.resolve($Gson$Types.java:381)
	at com.google.gson.internal.$Gson$Types.resolve($Gson$Types.java:376)
	at com.google.gson.internal.$Gson$Types.resolve($Gson$Types.java:381)
	at com.google.gson.internal.$Gson$Types.resolve($Gson$Types.java:376)
	at com.google.gson.internal.$Gson$Types.resolve($Gson$Types.java:381)
	at com.google.gson.internal.$Gson$Types.resolve($Gson$Types.java:376)
	at com.google.gson.internal.$Gson$Types.resolve($Gson$Types.java:381)
	at com.google.gson.internal.$Gson$Types.resolve($Gson$Types.java:376)
	at com.google.gson.internal.$Gson$Types.resolve($Gson$Types.java:381)
	at com.google.gson.internal.$Gson$Types.resolve($Gson$Types.java:376)
	at com.google.gson.internal.$Gson$Types.resolve($Gson$Types.java:381)
	at com.google.gson.internal.$Gson$Types.resolve($Gson$Types.java:376)
	at com.google.gson.internal.$Gson$Types.resolve($Gson$Types.java:381)
	at com.google.gson.internal.$Gson$Types.resolve($Gson$Types.java:376)
	at com.google.gson.internal.$Gson$Types.resolve($Gson$Types.java:381)
	at com.google.gson.internal.$Gson$Types.resolve($Gson$Types.java:376)
	at com.google.gson.internal.$Gson$Types.resolve($Gson$Types.java:381)
	at com.google.gson.internal.$Gson$Types.resolve($Gson$Types.java:376)
	at com.google.gson.internal.$Gson$Types.resolve($Gson$Types.java:381)
	at com.google.gson.internal.$Gson$Types.resolve($Gson$Types.java:376)
	at com.google.gson.internal.$Gson$Types.resolve($Gson$Types.java:381)
	at com.google.gson.internal.$Gson$Types.resolve($Gson$Types.java:376)
	at com.google.gson.internal.$Gson$Types.resolve($Gson$Types.java:381)
	at com.google.gson.internal.$Gson$Types.resolve($Gson$Types.java:376)
	at com.google.gson.internal.$Gson$Types.resolve($Gson$Types.java:381)
	at com.google.gson.internal.$Gson$Types.resolve($Gson$Types.java:376)
	at com.google.gson.internal.$Gson$Types.resolve($Gson$Types.java:381)
	at com.google.gson.internal.$Gson$Types.resolve($Gson$Types.java:376)
	at com.google.gson.internal.$Gson$Types.resolve($Gson$Types.java:381)
	at com.google.gson.internal.$Gson$Types.resolve($Gson$Types.java:376)
	at com.google.gson.internal.$Gson$Types.resolve($Gson$Types.java:381)
	at com.google.gson.internal.$Gson$Types.resolve($Gson$Types.java:376)
	at com.google.gson.internal.$Gson$Types.resolve($Gson$Types.java:381)
	at com.google.gson.internal.$Gson$Types.resolve($Gson$Types.java:376)
	at com.google.gson.internal.$Gson$Types.resolve($Gson$Types.java:381)
	at com.google.gson.internal.$Gson$Types.resolve($Gson$Types.java:376)
	at com.google.gson.internal.$Gson$Types.resolve($Gson$Types.java:381)
	at com.google.gson.internal.$Gson$Types.resolve($Gson$Types.java:376)
	at com.google.gson.internal.$Gson$Types.resolve($Gson$Types.java:381)
	at com.google.gson.internal.$Gson$Types.resolve($Gson$Types.java:376)
	at com.google.gson.internal.$Gson$Types.resolve($Gson$Types.java:381)
	at com.google.gson.internal.$Gson$Types.resolve($Gson$Types.java:376)
	at com.google.gson.internal.$Gson$Types.resolve($Gson$Types.java:381)
	at com.google.gson.internal.$Gson$Types.resolve($Gson$Types.java:376)
	at com.google.gson.internal.$Gson$Types.resolve($Gson$Types.java:381)
	at com.google.gson.internal.$Gson$Types.resolve($Gson$Types.java:376)
	at com.google.gson.internal.$Gson$Types.resolve($Gson$Types.java:381)
	at com.google.gson.internal.$Gson$Types.resolve($Gson$Types.java:376)
	at com.google.gson.internal.$Gson$Types.resolve($Gson$Types.java:381)
	at com.google.gson.internal.$Gson$Types.resolve($Gson$Types.java:376)
	at com.google.gson.internal.$Gson$Types.resolve($Gson$Types.java:381)
	at com.google.gson.internal.$Gson$Types.resolve($Gson$Types.java:376)
	at com.google.gson.internal.$Gson$Types.resolve($Gson$Types.java:381)
	at com.google.gson.internal.$Gson$Types.resolve($Gson$Types.java:376)
	at com.google.gson.internal.$Gson$Types.resolve($Gson$Types.java:381)
	at com.google.gson.internal.$Gson$Types.resolve($Gson$Types.java:376)
	at com.google.gson.internal.$Gson$Types.resolve($Gson$Types.java:381)
	at com.google.gson.internal.$Gson$Types.resolve($Gson$Types.java:376)
	at com.google.gson.internal.$Gson$Types.resolve($Gson$Types.java:381)
	at com.google.gson.internal.$Gson$Types.resolve($Gson$Types.java:376)
	at com.google.gson.internal.$Gson$Types.resolve($Gson$Types.java:381)
	at com.google.gson.internal.$Gson$Types.resolve($Gson$Types.java:376)
	at com.google.gson.internal.$Gson$Types.resolve($Gson$Types.java:381)
	at com.google.gson.internal.$Gson$Types.resolve($Gson$Types.java:376)
	at com.google.gson.internal.$Gson$Types.resolve($Gson$Types.java:381)
	at com.google.gson.internal.$Gson$Types.resolve($Gson$Types.java:376)
	at com.google.gson.internal.$Gson$Types.resolve($Gson$Types.java:381)
	at com.google.gson.internal.$Gson$Types.resolve($Gson$Types.java:376)
	at com.google.gson.internal.$Gson$Types.resolve($Gson$Types.java:381)
	at com.google.gson.internal.$Gson$Types.resolve($Gson$Types.java:376)
	at com.google.gson.internal.$Gson$Types.resolve($Gson$Types.java:381)
	at com.google.gson.internal.$Gson$Types.resolve($Gson$Types.java:376)
	at com.google.gson.internal.$Gson$Types.resolve($Gson$Types.java:381)
	at com.google.gson.internal.$Gson$Types.resolve($Gson$Types.java:376)
	at com.google.gson.internal.$Gson$Types.resolve($Gson$Types.java:381)
	at com.google.gson.internal.$Gson$Types.resolve($Gson$Types.java:376)
	at com.google.gson.internal.$Gson$Types.resolve($Gson$Types.java:381)
	at com.google.gson.internal.$Gson$Types.resolve($Gson$Types.java:376)
	at com.google.gson.internal.$Gson$Types.resolve($Gson$Types.java:381)
	at com.google.gson.internal.$Gson$Types.resolve($Gson$Types.java:376)
	at com.google.gson.internal.$Gson$Types.resolve($Gson$Types.java:381)
	at com.google.gson.internal.$Gson$Types.resolve($Gson$Types.java:376)
	at com.google.gson.internal.$Gson$Types.resolve($Gson$Types.java:381)
	at com.google.gson.internal.$Gson$Types.resolve($Gson$Types.java:376)
	at com.google.gson.internal.$Gson$Types.resolve($Gson$Types.java:381)
	at com.google.gson.internal.$Gson$Types.resolve($Gson$Types.java:376)
	at com.google.gson.internal.$Gson$Types.resolve($Gson$Types.java:381)
	at com.google.gson.internal.$Gson$Types.resolve($Gson$Types.java:376)
	at com.google.gson.internal.$Gson$Types.resolve($Gson$Types.java:381)
	at com.google.gson.internal.$Gson$Types.resolve($Gson$Types.java:376)
	at com.google.gson.internal.$Gson$Types.resolve($Gson$Types.java:381)
	at com.google.gson.internal.$Gson$Types.resolve($Gson$Types.java:376)
	at com.google.gson.internal.$Gson$Types.resolve($Gson$Types.java:381)
	at com.google.gson.internal.$Gson$Types.resolve($Gson$Types.java:376)
	at com.google.gson.internal.$Gson$Types.resolve($Gson$Types.java:381)
	at com.google.gson.internal.$Gson$Types.resolve($Gson$Types.java:376)
	at com.google.gson.internal.$Gson$Types.resolve($Gson$Types.java:381)
	at com.google.gson.internal.$Gson$Types.resolve($Gson$Types.java:376)
	at com.google.gson.internal.$Gson$Types.resolve($Gson$Types.java:381)
	at com.google.gson.internal.$Gson$Types.resolve($Gson$Types.java:376)
	at com.google.gson.internal.$Gson$Types.resolve($Gson$Types.java:381)
	at com.google.gson.internal.$Gson$Types.resolve($Gson$Types.java:376)
	at com.google.gson.internal.$Gson$Types.resolve($Gson$Types.java:381)
	at com.google.gson.internal.$Gson$Types.resolve($Gson$Types.java:376)
	at com.google.gson.internal.$Gson$Types.resolve($Gson$Types.java:381)
	at com.google.gson.internal.$Gson$Types.resolve($Gson$Types.java:376)
	at com.google.gson.internal.$Gson$Types.resolve($Gson$Types.java:381)
	at com.google.gson.internal.$Gson$Types.resolve($Gson$Types.java:376)
	at com.google.gson.internal.$Gson$Types.resolve($Gson$Types.java:381)
	at com.google.gson.internal.$Gson$Types.resolve($Gson$Types.java:376)
	at com.google.gson.internal.$Gson$Types.resolve($Gson$Types.java:381)
	at com.google.gson.internal.$Gson$Types.resolve($Gson$Types.java:376)
	at com.google.gson.internal.$Gson$Types.resolve($Gson$Types.java:381)
	at com.google.gson.internal.$Gson$Types.resolve($Gson$Types.java:376)
	at com.google.gson.internal.$Gson$Types.resolve($Gson$Types.java:381)
	at com.google.gson.internal.$Gson$Types.resolve($Gson$Types.java:376)
	at com.google.gson.internal.$Gson$Types.resolve($Gson$Types.java:381)
	at com.google.gson.internal.$Gson$Types.resolve($Gson$Types.java:376)
	at com.google.gson.internal.$Gson$Types.resolve($Gson$Types.java:381)
	at com.google.gson.internal.$Gson$Types.resolve($Gson$Types.java:376)
	at com.google.gson.internal.$Gson$Types.resolve($Gson$Types.java:381)
	at com.google.gson.internal.$Gson$Types.resolve($Gson$Types.java:376)
	at com.google.gson.internal.$Gson$Types.resolve($Gson$Types.java:381)
	at com.google.gson.internal.$Gson$Types.resolve($Gson$Types.java:376)
	at com.google.gson.internal.$Gson$Types.resolve($Gson$Types.java:381)
	at com.google.gson.internal.$Gson$Types.resolve($Gson$Types.java:376)
	at com.google.gson.internal.$Gson$Types.resolve($Gson$Types.java:381)
	at com.google.gson.internal.$Gson$Types.resolve($Gson$Types.java:376)
	at com.google.gson.internal.$Gson$Types.resolve($Gson$Types.java:381)
	at com.google.gson.internal.$Gson$Types.resolve($Gson$Types.java:376)
	at com.google.gson.internal.$Gson$Types.resolve($Gson$Types.java:381)
	at com.google.gson.internal.$Gson$Types.resolve($Gson$Types.java:376)
	at com.google.gson.internal.$Gson$Types.resolve($Gson$Types.java:381)
	at com.google.gson.internal.$Gson$Types.resolve($Gson$Types.java:376)
	at com.google.gson.internal.$Gson$Types.resolve($Gson$Types.java:381)
	at com.google.gson.internal.$Gson$Types.resolve($Gson$Types.java:376)
	at com.google.gson.internal.$Gson$Types.resolve($Gson$Types.java:381)
	at com.google.gson.internal.$Gson$Types.resolve($Gson$Types.java:376)
	at com.google.gson.internal.$Gson$Types.resolve($Gson$Types.java:381)
	at com.google.gson.internal.$Gson$Types.resolve($Gson$Types.java:376)
	at com.google.gson.internal.$Gson$Types.resolve($Gson$Types.java:381)
	at com.google.gson.internal.$Gson$Types.resolve($Gson$Types.java:376)
	at com.google.gson.internal.$Gson$Types.resolve($Gson$Types.java:381)
	at com.google.gson.internal.$Gson$Types.resolve($Gson$Types.java:376)
	at com.google.gson.internal.$Gson$Types.resolve($Gson$Types.java:381)
	at com.google.gson.internal.$Gson$Types.resolve($Gson$Types.java:376)
	at com.google.gson.internal.$Gson$Types.resolve($Gson$Types.java:381)
	at com.google.gson.internal.$Gson$Types.resolve($Gson$Types.java:376)
	at com.google.gson.internal.$Gson$Types.resolve($Gson$Types.java:381)
	at com.google.gson.internal.$Gson$Types.resolve($Gson$Types.java:376)
	at com.google.gson.internal.$Gson$Types.resolve($Gson$Types.java:381)
	at com.google.gson.internal.$Gson$Types.resolve($Gson$Types.java:376)
	at com.google.gson.internal.$Gson$Types.resolve($Gson$Types.java:381)
	at com.google.gson.internal.$Gson$Types.resolve($Gson$Types.java:376)
	at com.google.gson.internal.$Gson$Types.resolve($Gson$Types.java:381)
	at com.google.gson.internal.$Gson$Types.resolve($Gson$Types.java:376)
	at com.google.gson.internal.$Gson$Types.resolve($Gson$Types.java:381)
	at com.google.gson.internal.$Gson$Types.resolve($Gson$Types.java:376)
	at com.google.gson.internal.$Gson$Types.resolve($Gson$Types.java:381)
	at com.google.gson.internal.$Gson$Types.resolve($Gson$Types.java:376)
	at com.google.gson.internal.$Gson$Types.resolve($Gson$Types.java:381)
	at com.google.gson.internal.$Gson$Types.resolve($Gson$Types.java:376)
	at com.google.gson.internal.$Gson$Types.resolve($Gson$Types.java:381)
	at com.google.gson.internal.$Gson$Types.resolve($Gson$Types.java:376)
	at com.google.gson.internal.$Gson$Types.resolve($Gson$Types.java:381)
	at com.google.gson.internal.$Gson$Types.resolve($Gson$Types.java:376)
	at com.google.gson.internal.$Gson$Types.resolve($Gson$Types.java:381)
	at com.google.gson.internal.$Gson$Types.resolve($Gson$Types.java:376)
	at com.google.gson.internal.$Gson$Types.resolve($Gson$Types.java:381)
	at com.google.gson.internal.$Gson$Types.resolve($Gson$Types.java:376)
	at com.google.gson.internal.$Gson$Types.resolve($Gson$Types.java:381)
	at com.google.gson.internal.$Gson$Types.resolve($Gson$Types.java:376)
	at com.google.gson.internal.$Gson$Types.resolve($Gson$Types.java:381)
	at com.google.gson.internal.$Gson$Types.resolve($Gson$Types.java:376)
	at com.google.gson.internal.$Gson$Types.resolve($Gson$Types.java:381)
	at com.google.gson.internal.$Gson$Types.resolve($Gson$Types.java:376)
	at com.google.gson.internal.$Gson$Types.resolve($Gson$Types.java:381)
	at com.google.gson.internal.$Gson$Types.resolve($Gson$Types.java:376)
	at com.google.gson.internal.$Gson$Types.resolve($Gson$Types.java:381)
	at com.google.gson.internal.$Gson$Types.resolve($Gson$Types.java:376)
	at com.google.gson.internal.$Gson$Types.resolve($Gson$Types.java:381)
	at com.google.gson.internal.$Gson$Types.resolve($Gson$Types.java:376)
	at com.google.gson.internal.$Gson$Types.resolve($Gson$Types.java:381)
	at com.google.gson.internal.$Gson$Types.resolve($Gson$Types.java:376)
	at com.google.gson.internal.$Gson$Types.resolve($Gson$Types.java:381)
	at com.google.gson.internal.$Gson$Types.resolve($Gson$Types.java:376)
	at com.google.gson.internal.$Gson$Types.resolve($Gson$Types.java:381)
	at com.google.gson.internal.$Gson$Types.resolve($Gson$Types.java:376)
	at com.google.gson.internal.$Gson$Types.resolve($Gson$Types.java:381)
	at com.google.gson.internal.$Gson$Types.resolve($Gson$Types.java:376)
	at com.google.gson.internal.$Gson$Types.resolve($Gson$Types.java:381)
	at com.google.gson.internal.$Gson$Types.resolve($Gson$Types.java:376)
	at com.google.gson.internal.$Gson$Types.resolve($Gson$Types.java:381)
	at com.google.gson.internal.$Gson$Types.resolve($Gson$Types.java:376)
	at com.google.gson.internal.$Gson$Types.resolve($Gson$Types.java:381)
	at com.google.gson.internal.$Gson$Types.resolve($Gson$Types.java:376)
	at com.google.gson.internal.$Gson$Types.resolve($Gson$Types.java:381)
	at com.google.gson.internal.$Gson$Types.resolve($Gson$Types.java:376)
	at com.google.gson.internal.$Gson$Types.resolve($Gson$Types.java:381)
	at com.google.gson.internal.$Gson$Types.resolve($Gson$Types.java:376)
	at com.google.gson.internal.$Gson$Types.resolve($Gson$Types.java:381)
	at com.google.gson.internal.$Gson$Types.resolve($Gson$Types.java:376)
	at com.google.gson.internal.$Gson$Types.resolve($Gson$Types.java:381)
	at com.google.gson.internal.$Gson$Types.resolve($Gson$Types.java:376)
	at com.google.gson.internal.$Gson$Types.resolve($Gson$Types.java:381)
	at com.google.gson.internal.$Gson$Types.resolve($Gson$Types.java:376)
	at com.google.gson.internal.$Gson$Types.resolve($Gson$Types.java:381)
	at com.google.gson.internal.$Gson$Types.resolve($Gson$Types.java:376)
	at com.google.gson.internal.$Gson$Types.resolve($Gson$Types.java:381)
	at com.google.gson.internal.$Gson$Types.resolve($Gson$Types.java:376)
	at com.google.gson.internal.$Gson$Types.resolve($Gson$Types.java:381)
	at com.google.gson.internal.$Gson$Types.resolve($Gson$Types.java:376)
	at com.google.gson.internal.$Gson$Types.resolve($Gson$Types.java:381)
	at com.google.gson.internal.$Gson$Types.resolve($Gson$Types.java:376)
	at com.google.gson.internal.$Gson$Types.resolve($Gson$Types.java:381)
	at com.google.gson.internal.$Gson$Types.resolve($Gson$Types.java:376)
	at com.google.gson.internal.$Gson$Types.resolve($Gson$Types.java:381)
	at com.google.gson.internal.$Gson$Types.resolve($Gson$Types.java:376)
	at com.google.gson.internal.$Gson$Types.resolve($Gson$Types.java:381)
	at com.google.gson.internal.$Gson$Types.resolve($Gson$Types.java:376)
	at com.google.gson.internal.$Gson$Types.resolve($Gson$Types.java:381)
	at com.google.gson.internal.$Gson$Types.resolve($Gson$Types.java:376)
	at com.google.gson.internal.$Gson$Types.resolve($Gson$Types.java:381)
	at com.google.gson.internal.$Gson$Types.resolve($Gson$Types.java:376)
	at com.google.gson.internal.$Gson$Types.resolve($Gson$Types.java:381)
	at com.google.gson.internal.$Gson$Types.resolve($Gson$Types.java:376)
	at com.google.gson.internal.$Gson$Types.resolve($Gson$Types.java:381)
	at com.google.gson.internal.$Gson$Types.resolve($Gson$Types.java:376)
	at com.google.gson.internal.$Gson$Types.resolve($Gson$Types.java:381)
	at com.google.gson.internal.$Gson$Types.resolve($Gson$Types.java:376)
	at com.google.gson.internal.$Gson$Types.resolve($Gson$Types.java:381)
	at com.google.gson.internal.$Gson$Types.resolve($Gson$Types.java:376)
	at com.google.gson.internal.$Gson$Types.resolve($Gson$Types.java:381)
	at com.google.gson.internal.$Gson$Types.resolve($Gson$Types.java:376)
	at com.google.gson.internal.$Gson$Types.resolve($Gson$Types.java:381)
	at com.google.gson.internal.$Gson$Types.resolve($Gson$Types.java:376)
	at com.google.gson.internal.$Gson$Types.resolve($Gson$Types.java:381)
	at com.google.gson.internal.$Gson$Types.resolve($Gson$Types.java:376)
	at com.google.gson.internal.$Gson$Types.resolve($Gson$Types.java:381)
	at com.google.gson.internal.$Gson$Types.resolve($Gson$Types.java:376)
	at com.google.gson.internal.$Gson$Types.resolve($Gson$Types.java:381)
	at com.google.gson.internal.$Gson$Types.resolve($Gson$Types.java:376)
	at com.google.gson.internal.$Gson$Types.resolve($Gson$Types.java:381)
	at com.google.gson.internal.$Gson$Types.resolve($Gson$Types.java:376)
	at com.google.gson.internal.$Gson$Types.resolve($Gson$Types.java:381)
	at com.google.gson.internal.$Gson$Types.resolve($Gson$Types.java:376)
	at com.google.gson.internal.$Gson$Types.resolve($Gson$Types.java:381)
	at com.google.gson.internal.$Gson$Types.resolve($Gson$Types.java:376)
	at com.google.gson.internal.$Gson$Types.resolve($Gson$Types.java:381)
	at com.google.gson.internal.$Gson$Types.resolve($Gson$Types.java:376)
	at com.google.gson.internal.$Gson$Types.resolve($Gson$Types.java:381)
	at com.google.gson.internal.$Gson$Types.resolve($Gson$Types.java:376)
	at com.google.gson.internal.$Gson$Types.resolve($Gson$Types.java:381)
	at com.google.gson.internal.$Gson$Types.resolve($Gson$Types.java:376)
	at com.google.gson.internal.$Gson$Types.resolve($Gson$Types.java:381)
	at com.google.gson.internal.$Gson$Types.resolve($Gson$Types.java:376)
	at com.google.gson.internal.$Gson$Types.resolve($Gson$Types.java:381)
	at com.google.gson.internal.$Gson$Types.resolve($Gson$Types.java:376)
	at com.google.gson.internal.$Gson$Types.resolve($Gson$Types.java:381)
	at com.google.gson.internal.$Gson$Types.resolve($Gson$Types.java:376)
	at com.google.gson.internal.$Gson$Types.resolve($Gson$Types.java:381)
	at com.google.gson.internal.$Gson$Types.resolve($Gson$Types.java:376)
	at com.google.gson.internal.$Gson$Types.resolve($Gson$Types.java:381)
	at com.google.gson.internal.$Gson$Types.resolve($Gson$Types.java:376)
	at com.google.gson.internal.$Gson$Types.resolve($Gson$Types.java:381)
	at com.google.gson.internal.$Gson$Types.resolve($Gson$Types.java:376)
	at com.google.gson.internal.$Gson$Types.resolve($Gson$Types.java:381)
	at com.google.gson.internal.$Gson$Types.resolve($Gson$Types.java:376)
	at com.google.gson.internal.$Gson$Types.resolve($Gson$Types.java:381)
	at com.google.gson.internal.$Gson$Types.resolve($Gson$Types.java:376)
	at com.google.gson.internal.$Gson$Types.resolve($Gson$Types.java:381)
	at com.google.gson.internal.$Gson$Types.resolve($Gson$Types.java:376)
	at com.google.gson.internal.$Gson$Types.resolve($Gson$Types.java:381)
	at com.google.gson.internal.$Gson$Types.resolve($Gson$Types.java:376)
	at com.google.gson.internal.$Gson$Types.resolve($Gson$Types.java:381)
	at com.google.gson.internal.$Gson$Types.resolve($Gson$Types.java:376)
	at com.google.gson.internal.$Gson$Types.resolve($Gson$Types.java:381)
	at com.google.gson.internal.$Gson$Types.resolve($Gson$Types.java:376)
	at com.google.gson.internal.$Gson$Types.resolve($Gson$Types.java:381)
	at com.google.gson.internal.$Gson$Types.resolve($Gson$Types.java:376)
	at com.google.gson.internal.$Gson$Types.resolve($Gson$Types.java:381)
	at com.google.gson.internal.$Gson$Types.resolve($Gson$Types.java:376)
	at com.google.gson.internal.$Gson$Types.resolve($Gson$Types.java:381)
	at com.google.gson.internal.$Gson$Types.resolve($Gson$Types.java:376)
	at com.google.gson.internal.$Gson$Types.resolve($Gson$Types.java:381)
	at com.google.gson.internal.$Gson$Types.resolve($Gson$Types.java:376)
	at com.google.gson.internal.$Gson$Types.resolve($Gson$Types.java:381)
	at com.google.gson.internal.$Gson$Types.resolve($Gson$Types.java:376)
	at com.google.gson.internal.$Gson$Types.resolve($Gson$Types.java:381)
	at com.google.gson.internal.$Gson$Types.resolve($Gson$Types.java:376)
	at com.google.gson.internal.$Gson$Types.resolve($Gson$Types.java:381)
	at com.google.gson.internal.$Gson$Types.resolve($Gson$Types.java:376)
	at com.google.gson.internal.$Gson$Types.resolve($Gson$Types.java:381)
	at com.google.gson.internal.$Gson$Types.resolve($Gson$Types.java:376)
	at com.google.gson.internal.$Gson$Types.resolve($Gson$Types.java:381)
	at com.google.gson.internal.$Gson$Types.resolve($Gson$Types.java:376)
	at com.google.gson.internal.$Gson$Types.resolve($Gson$Types.java:381)
	at com.google.gson.internal.$Gson$Types.resolve($Gson$Types.java:376)
	at com.google.gson.internal.$Gson$Types.resolve($Gson$Types.java:381)
	at com.google.gson.internal.$Gson$Types.resolve($Gson$Types.java:376)
	at com.google.gson.internal.$Gson$Types.resolve($Gson$Types.java:381)
	at com.google.gson.internal.$Gson$Types.resolve($Gson$Types.java:376)
	at com.google.gson.internal.$Gson$Types.resolve($Gson$Types.java:381)
	at com.google.gson.internal.$Gson$Types.resolve($Gson$Types.java:376)
	at com.google.gson.internal.$Gson$Types.resolve($Gson$Types.java:381)
	at com.google.gson.internal.$Gson$Types.resolve($Gson$Types.java:376)
	at com.google.gson.internal.$Gson$Types.resolve($Gson$Types.java:381)
	at com.google.gson.internal.$Gson$Types.resolve($Gson$Types.java:376)
	at com.google.gson.internal.$Gson$Types.resolve($Gson$Types.java:381)
	at com.google.gson.internal.$Gson$Types.resolve($Gson$Types.java:376)
	at com.google.gson.internal.$Gson$Types.resolve($Gson$Types.java:381)
	at com.google.gson.internal.$Gson$Types.resolve($Gson$Types.java:376)
	at com.google.gson.internal.$Gson$Types.resolve($Gson$Types.java:381)
	at com.google.gson.internal.$Gson$Types.resolve($Gson$Types.java:376)
	at com.google.gson.internal.$Gson$Types.resolve($Gson$Types.java:381)
	at com.google.gson.internal.$Gson$Types.resolve($Gson$Types.java:376)
	at com.google.gson.internal.$Gson$Types.resolve($Gson$Types.java:381)
	at com.google.gson.internal.$Gson$Types.resolve($Gson$Types.java:376)
	at com.google.gson.internal.$Gson$Types.resolve($Gson$Types.java:381)
	at com.google.gson.internal.$Gson$Types.resolve($Gson$Types.java:376)
	at com.google.gson.internal.$Gson$Types.resolve($Gson$Types.java:381)
	at com.google.gson.internal.$Gson$Types.resolve($Gson$Types.java:376)
	at com.google.gson.internal.$Gson$Types.resolve($Gson$Types.java:381)
	at com.google.gson.internal.$Gson$Types.resolve($Gson$Types.java:376)
	at com.google.gson.internal.$Gson$Types.resolve($Gson$Types.java:381)
	at com.google.gson.internal.$Gson$Types.resolve($Gson$Types.java:376)
	at com.google.gson.internal.$Gson$Types.resolve($Gson$Types.java:381)
	at com.google.gson.internal.$Gson$Types.resolve($Gson$Types.java:376)
	at com.google.gson.internal.$Gson$Types.resolve($Gson$Types.java:381)
	at com.google.gson.internal.$Gson$Types.resolve($Gson$Types.java:376)
	at com.google.gson.internal.$Gson$Types.resolve($Gson$Types.java:381)
	at com.google.gson.internal.$Gson$Types.resolve($Gson$Types.java:376)
	at com.google.gson.internal.$Gson$Types.resolve($Gson$Types.java:381)
	at com.google.gson.internal.$Gson$Types.resolve($Gson$Types.java:376)
	at com.google.gson.internal.$Gson$Types.resolve($Gson$Types.java:381)
	at com.google.gson.internal.$Gson$Types.resolve($Gson$Types.java:376)
	at com.google.gson.internal.$Gson$Types.resolve($Gson$Types.java:381)
	at com.google.gson.internal.$Gson$Types.resolve($Gson$Types.java:376)
	at com.google.gson.internal.$Gson$Types.resolve($Gson$Types.java:381)
	at com.google.gson.internal.$Gson$Types.resolve($Gson$Types.java:376)
	at com.google.gson.internal.$Gson$Types.resolve($Gson$Types.java:381)
	at com.google.gson.internal.$Gson$Types.resolve($Gson$Types.java:376)
	at com.google.gson.internal.$Gson$Types.resolve($Gson$Types.java:381)
	at com.google.gson.internal.$Gson$Types.resolve($Gson$Types.java:376)
	at com.google.gson.internal.$Gson$Types.resolve($Gson$Types.java:381)
	at com.google.gson.internal.$Gson$Types.resolve($Gson$Types.java:376)
	at com.google.gson.internal.$Gson$Types.resolve($Gson$Types.java:381)
	at com.google.gson.internal.$Gson$Types.resolve($Gson$Types.java:376)
	at com.google.gson.internal.$Gson$Types.resolve($Gson$Types.java:381)
	at com.google.gson.internal.$Gson$Types.resolve($Gson$Types.java:376)
	at com.google.gson.internal.$Gson$Types.resolve($Gson$Types.java:381)
	at com.google.gson.internal.$Gson$Types.resolve($Gson$Types.java:376)
	at com.google.gson.internal.$Gson$Types.resolve($Gson$Types.java:381)
	at com.google.gson.internal.$Gson$Types.resolve($Gson$Types.java:376)
	at com.google.gson.internal.$Gson$Types.resolve($Gson$Types.java:381)
	at com.google.gson.internal.$Gson$Types.resolve($Gson$Types.java:376)
	at com.google.gson.internal.$Gson$Types.resolve($Gson$Types.java:381)
	at com.google.gson.internal.$Gson$Types.resolve($Gson$Types.java:376)
	at com.google.gson.internal.$Gson$Types.resolve($Gson$Types.java:381)
	at com.google.gson.internal.$Gson$Types.resolve($Gson$Types.java:376)
	at com.google.gson.internal.$Gson$Types.resolve($Gson$Types.java:381)
	at com.google.gson.internal.$Gson$Types.resolve($Gson$Types.java:376)
	at com.google.gson.internal.$Gson$Types.resolve($Gson$Types.java:381)
	at com.google.gson.internal.$Gson$Types.resolve($Gson$Types.java:376)
	at com.google.gson.internal.$Gson$Types.resolve($Gson$Types.java:381)
	at com.google.gson.internal.$Gson$Types.resolve($Gson$Types.java:376)
	at com.google.gson.internal.$Gson$Types.resolve($Gson$Types.java:381)
	at com.google.gson.internal.$Gson$Types.resolve($Gson$Types.java:376)
	at com.google.gson.internal.$Gson$Types.resolve($Gson$Types.java:381)
	at com.google.gson.internal.$Gson$Types.resolve($Gson$Types.java:376)
	at com.google.gson.internal.$Gson$Types.resolve($Gson$Types.java:381)
	at com.google.gson.internal.$Gson$Types.resolve($Gson$Types.java:376)
	at com.google.gson.internal.$Gson$Types.resolve($Gson$Types.java:381)
	at com.google.gson.internal.$Gson$Types.resolve($Gson$Types.java:376)
	at com.google.gson.internal.$Gson$Types.resolve($Gson$Types.java:381)
	at com.google.gson.internal.$Gson$Types.resolve($Gson$Types.java:376)
	at com.google.gson.internal.$Gson$Types.resolve($Gson$Types.java:381)
	at com.google.gson.internal.$Gson$Types.resolve($Gson$Types.java:376)
	at com.google.gson.internal.$Gson$Types.resolve($Gson$Types.java:381)
	at com.google.gson.internal.$Gson$Types.resolve($Gson$Types.java:376)
	at com.google.gson.internal.$Gson$Types.resolve($Gson$Types.java:381)
	at com.google.gson.internal.$Gson$Types.resolve($Gson$Types.java:376)
	at com.google.gson.internal.$Gson$Types.resolve($Gson$Types.java:381)
	at com.google.gson.internal.$Gson$Types.resolve($Gson$Types.java:376)
	at com.google.gson.internal.$Gson$Types.resolve($Gson$Types.java:381)
	at com.google.gson.internal.$Gson$Types.resolve($Gson$Types.java:376)
	at com.google.gson.internal.$Gson$Types.resolve($Gson$Types.java:381)
	at com.google.gson.internal.$Gson$Types.resolve($Gson$Types.java:376)
	at com.google.gson.internal.$Gson$Types.resolve($Gson$Types.java:381)
	at com.google.gson.internal.$Gson$Types.resolve($Gson$Types.java:376)
	at com.google.gson.internal.$Gson$Types.resolve($Gson$Types.java:381)
	at com.google.gson.internal.$Gson$Types.resolve($Gson$Types.java:376)
	at com.google.gson.internal.$Gson$Types.resolve($Gson$Types.java:381)
	at com.google.gson.internal.$Gson$Types.resolve($Gson$Types.java:376)
	at com.google.gson.internal.$Gson$Types.resolve($Gson$Types.java:381)
	at com.google.gson.internal.$Gson$Types.resolve($Gson$Types.java:376)
	at com.google.gson.internal.$Gson$Types.resolve($Gson$Types.java:381)
	at com.google.gson.internal.$Gson$Types.resolve($Gson$Types.java:376)
	at com.google.gson.internal.$Gson$Types.resolve($Gson$Types.java:381)
	at com.google.gson.internal.$Gson$Types.resolve($Gson$Types.java:376)
	at com.google.gson.internal.$Gson$Types.resolve($Gson$Types.java:381)
	at com.google.gson.internal.$Gson$Types.resolve($Gson$Types.java:376)
	at com.google.gson.internal.$Gson$Types.resolve($Gson$Types.java:381)
	at com.google.gson.internal.$Gson$Types.resolve($Gson$Types.java:376)
	at com.google.gson.internal.$Gson$Types.resolve($Gson$Types.java:381)
	at com.google.gson.internal.$Gson$Types.resolve($Gson$Types.java:376)
	at com.google.gson.internal.$Gson$Types.resolve($Gson$Types.java:381)
	at com.google.gson.internal.$Gson$Types.resolve($Gson$Types.java:376)
	at com.google.gson.internal.$Gson$Types.resolve($Gson$Types.java:381)
	at com.google.gson.internal.$Gson$Types.resolve($Gson$Types.java:376)
	at com.google.gson.internal.$Gson$Types.resolve($Gson$Types.java:381)
	at com.google.gson.internal.$Gson$Types.resolve($Gson$Types.java:376)
	at com.google.gson.internal.$Gson$Types.resolve($Gson$Types.java:381)
	at com.google.gson.internal.$Gson$Types.resolve($Gson$Types.java:376)
	at com.google.gson.internal.$Gson$Types.resolve($Gson$Types.java:381)
	at com.google.gson.internal.$Gson$Types.resolve($Gson$Types.java:376)
	at com.google.gson.internal.$Gson$Types.resolve($Gson$Types.java:381)
	at com.google.gson.internal.$Gson$Types.resolve($Gson$Types.java:376)
	at com.google.gson.internal.$Gson$Types.resolve($Gson$Types.java:381)
	at com.google.gson.internal.$Gson$Types.resolve($Gson$Types.java:376)
	at com.google.gson.internal.$Gson$Types.resolve($Gson$Types.java:381)
	at com.google.gson.internal.$Gson$Types.resolve($Gson$Types.java:376)
	at com.google.gson.internal.$Gson$Types.resolve($Gson$Types.java:381)
	at com.google.gson.internal.$Gson$Types.resolve($Gson$Types.java:376)
	at com.google.gson.internal.$Gson$Types.resolve($Gson$Types.java:381)
	at com.google.gson.internal.$Gson$Types.resolve($Gson$Types.java:376)
	at com.google.gson.internal.$Gson$Types.resolve($Gson$Types.java:381)
	at com.google.gson.internal.$Gson$Types.resolve($Gson$Types.java:376)
	at com.google.gson.internal.$Gson$Types.resolve($Gson$Types.java:381)
	at com.google.gson.internal.$Gson$Types.resolve($Gson$Types.java:376)
	at com.google.gson.internal.$Gson$Types.resolve($Gson$Types.java:381)
	at com.google.gson.internal.$Gson$Types.resolve($Gson$Types.java:376)
	at com.google.gson.internal.$Gson$Types.resolve($Gson$Types.java:381)
	at com.google.gson.internal.$Gson$Types.resolve($Gson$Types.java:376)
	at com.google.gson.internal.$Gson$Types.resolve($Gson$Types.java:381)
	at com.google.gson.internal.$Gson$Types.resolve($Gson$Types.java:376)
	at com.google.gson.internal.$Gson$Types.resolve($Gson$Types.java:381)
	at com.google.gson.internal.$Gson$Types.resolve($Gson$Types.java:376)
	at com.google.gson.internal.$Gson$Types.resolve($Gson$Types.java:381)
	at com.google.gson.internal.$Gson$Types.resolve($Gson$Types.java:376)
	at com.google.gson.internal.$Gson$Types.resolve($Gson$Types.java:381)
	at com.google.gson.internal.$Gson$Types.resolve($Gson$Types.java:376)
	at com.google.gson.internal.$Gson$Types.resolve($Gson$Types.java:381)
	at com.google.gson.internal.$Gson$Types.resolve($Gson$Types.java:376)
	at com.google.gson.internal.$Gson$Types.resolve($Gson$Types.java:381)
	at com.google.gson.internal.$Gson$Types.resolve($Gson$Types.java:376)
	at com.google.gson.internal.$Gson$Types.resolve($Gson$Types.java:381)
	at com.google.gson.internal.$Gson$Types.resolve($Gson$Types.java:376)
	at com.google.gson.internal.$Gson$Types.resolve($Gson$Types.java:381)
	at com.google.gson.internal.$Gson$Types.resolve($Gson$Types.java:376)
	at com.google.gson.internal.$Gson$Types.resolve($Gson$Types.java:381)
	at com.google.gson.internal.$Gson$Types.resolve($Gson$Types.java:376)
	at com.google.gson.internal.$Gson$Types.resolve($Gson$Types.java:381)
	at com.google.gson.internal.$Gson$Types.resolve($Gson$Types.java:376)
	at com.google.gson.internal.$Gson$Types.resolve($Gson$Types.java:381)
	at com.google.gson.internal.$Gson$Types.resolve($Gson$Types.java:376)
	at com.google.gson.internal.$Gson$Types.resolve($Gson$Types.java:381)
	at com.google.gson.internal.$Gson$Types.resolve($Gson$Types.java:376)
	at com.google.gson.internal.$Gson$Types.resolve($Gson$Types.java:381)
	at com.google.gson.internal.$Gson$Types.resolve($Gson$Types.java:376)
	at com.google.gson.internal.$Gson$Types.resolve($Gson$Types.java:381)
	at com.google.gson.internal.$Gson$Types.resolve($Gson$Types.java:376)
	at com.google.gson.internal.$Gson$Types.resolve($Gson$Types.java:381)
	at com.google.gson.internal.$Gson$Types.resolve($Gson$Types.java:376)
	at com.google.gson.internal.$Gson$Types.resolve($Gson$Types.java:381)
	at com.google.gson.internal.$Gson$Types.resolve($Gson$Types.java:376)
	at com.google.gson.internal.$Gson$Types.resolve($Gson$Types.java:381)
	at com.google.gson.internal.$Gson$Types.resolve($Gson$Types.java:376)
	at com.google.gson.internal.$Gson$Types.resolve($Gson$Types.java:381)
	at com.google.gson.internal.$Gson$Types.resolve($Gson$Types.java:376)
	at com.google.gson.internal.$Gson$Types.resolve($Gson$Types.java:381)
	at com.google.gson.internal.$Gson$Types.resolve($Gson$Types.java:376)
	at com.google.gson.internal.$Gson$Types.resolve($Gson$Types.java:381)
	at com.google.gson.internal.$Gson$Types.resolve($Gson$Types.java:376)
	at com.google.gson.internal.$Gson$Types.resolve($Gson$Types.java:381)
	at com.google.gson.internal.$Gson$Types.resolve($Gson$Types.java:376)
	at com.google.gson.internal.$Gson$Types.resolve($Gson$Types.java:381)
	at com.google.gson.internal.$Gson$Types.resolve($Gson$Types.java:376)
	at com.google.gson.internal.$Gson$Types.resolve($Gson$Types.java:381)
	at com.google.gson.internal.$Gson$Types.resolve($Gson$Types.java:376)
	at com.google.gson.internal.$Gson$Types.resolve($Gson$Types.java:381)
	at com.google.gson.internal.$Gson$Types.resolve($Gson$Types.java:376)
	at com.google.gson.internal.$Gson$Types.resolve($Gson$Types.java:381)
	at com.google.gson.internal.$Gson$Types.resolve($Gson$Types.java:376)
	at com.google.gson.internal.$Gson$Types.resolve($Gson$Types.java:381)
	at com.google.gson.internal.$Gson$Types.resolve($Gson$Types.java:376)
	at com.google.gson.internal.$Gson$Types.resolve($Gson$Types.java:381)
	at com.google.gson.internal.$Gson$Types.resolve($Gson$Types.java:376)
	at com.google.gson.internal.$Gson$Types.resolve($Gson$Types.java:381)
	at com.google.gson.internal.$Gson$Types.resolve($Gson$Types.java:376)
	at com.google.gson.internal.$Gson$Types.resolve($Gson$Types.java:381)
	at com.google.gson.internal.$Gson$Types.resolve($Gson$Types.java:376)
	at com.google.gson.internal.$Gson$Types.resolve($Gson$Types.java:381)
	at com.google.gson.internal.$Gson$Types.resolve($Gson$Types.java:376)
	at com.google.gson.internal.$Gson$Types.resolve($Gson$Types.java:381)
	at com.google.gson.internal.$Gson$Types.resolve($Gson$Types.java:376)
	at com.google.gson.internal.$Gson$Types.resolve($Gson$Types.java:381)
	at com.google.gson.internal.$Gson$Types.resolve($Gson$Types.java:376)
	at com.google.gson.internal.$Gson$Types.resolve($Gson$Types.java:381)
	at com.google.gson.internal.$Gson$Types.resolve($Gson$Types.java:376)
	at com.google.gson.internal.$Gson$Types.resolve($Gson$Types.java:381)
	at com.google.gson.internal.$Gson$Types.resolve($Gson$Types.java:376)
	at com.google.gson.internal.$Gson$Types.resolve($Gson$Types.java:381)
	at com.google.gson.internal.$Gson$Types.resolve($Gson$Types.java:376)
	at com.google.gson.internal.$Gson$Types.resolve($Gson$Types.java:381)
	at com.google.gson.internal.$Gson$Types.resolve($Gson$Types.java:376)
	at com.google.gson.internal.$Gson$Types.resolve($Gson$Types.java:381)
	at com.google.gson.internal.$Gson$Types.resolve($Gson$Types.java:376)
	at com.google.gson.internal.$Gson$Types.resolve($Gson$Types.java:381)
	at com.google.gson.internal.$Gson$Types.resolve($Gson$Types.java:356)
	at com.google.gson.internal.bind.ReflectiveTypeAdapterFactory.getBoundFields(ReflectiveTypeAdapterFactory.java:141)
	at com.google.gson.internal.bind.ReflectiveTypeAdapterFactory.create(ReflectiveTypeAdapterFactory.java:83)
	at com.google.gson.Gson.getAdapter(Gson.java:359)
	at com.google.gson.internal.bind.ReflectiveTypeAdapterFactory.getFieldAdapter(ReflectiveTypeAdapterFactory.java:122)
	at com.google.gson.internal.bind.ReflectiveTypeAdapterFactory.access$100(ReflectiveTypeAdapterFactory.java:46)
	at com.google.gson.internal.bind.ReflectiveTypeAdapterFactory$1.<init>(ReflectiveTypeAdapterFactory.java:92)
	at com.google.gson.internal.bind.ReflectiveTypeAdapterFactory.createBoundField(ReflectiveTypeAdapterFactory.java:91)
	at com.google.gson.internal.bind.ReflectiveTypeAdapterFactory.getBoundFields(ReflectiveTypeAdapterFactory.java:142)
	at com.google.gson.internal.bind.ReflectiveTypeAdapterFactory.create(ReflectiveTypeAdapterFactory.java:83)
	at com.google.gson.Gson.getAdapter(Gson.java:359)
	at com.google.gson.internal.bind.ReflectiveTypeAdapterFactory.getFieldAdapter(ReflectiveTypeAdapterFactory.java:122)
	at com.google.gson.internal.bind.ReflectiveTypeAdapterFactory.access$100(ReflectiveTypeAdapterFactory.java:46)
	at com.google.gson.internal.bind.ReflectiveTypeAdapterFactory$1.<init>(ReflectiveTypeAdapterFactory.java:92)
	at com.google.gson.internal.bind.ReflectiveTypeAdapterFactory.createBoundField(ReflectiveTypeAdapterFactory.java:91)
	at com.google.gson.internal.bind.ReflectiveTypeAdapterFactory.getBoundFields(ReflectiveTypeAdapterFactory.java:142)
	at com.google.gson.internal.bind.ReflectiveTypeAdapterFactory.create(ReflectiveTypeAdapterFactory.java:83)
	at com.google.gson.Gson.getAdapter(Gson.java:359)
	at com.google.gson.internal.bind.ReflectiveTypeAdapterFactory.getFieldAdapter(ReflectiveTypeAdapterFactory.java:122)
	at com.google.gson.internal.bind.ReflectiveTypeAdapterFactory.access$100(ReflectiveTypeAdapterFactory.java:46)
	at com.google.gson.internal.bind.ReflectiveTypeAdapterFactory$1.<init>(ReflectiveTypeAdapterFactory.java:92)
	at com.google.gson.internal.bind.ReflectiveTypeAdapterFactory.createBoundField(ReflectiveTypeAdapterFactory.java:91)
	at com.google.gson.internal.bind.ReflectiveTypeAdapterFactory.getBoundFields(ReflectiveTypeAdapterFactory.java:142)
	at com.google.gson.internal.bind.ReflectiveTypeAdapterFactory.create(ReflectiveTypeAdapterFactory.java:83)
	at com.google.gson.Gson.getAdapter(Gson.java:359)
	at com.google.gson.internal.bind.ReflectiveTypeAdapterFactory.getFieldAdapter(ReflectiveTypeAdapterFactory.java:122)
	at com.google.gson.internal.bind.ReflectiveTypeAdapterFactory.access$100(ReflectiveTypeAdapterFactory.java:46)
	at com.google.gson.internal.bind.ReflectiveTypeAdapterFactory$1.<init>(ReflectiveTypeAdapterFactory.java:92)
	at com.google.gson.internal.bind.ReflectiveTypeAdapterFactory.createBoundField(ReflectiveTypeAdapterFactory.java:91)
	at com.google.gson.internal.bind.ReflectiveTypeAdapterFactory.getBoundFields(ReflectiveTypeAdapterFactory.java:142)
	at com.google.gson.internal.bind.ReflectiveTypeAdapterFactory.create(ReflectiveTypeAdapterFactory.java:83)
	at com.google.gson.Gson.getAdapter(Gson.java:359)
	at com.google.gson.internal.bind.ReflectiveTypeAdapterFactory.getFieldAdapter(ReflectiveTypeAdapterFactory.java:122)
	at com.google.gson.internal.bind.ReflectiveTypeAdapterFactory.access$100(ReflectiveTypeAdapterFactory.java:46)
	at com.google.gson.internal.bind.ReflectiveTypeAdapterFactory$1.<init>(ReflectiveTypeAdapterFactory.java:92)
	at com.google.gson.internal.bind.ReflectiveTypeAdapterFactory.createBoundField(ReflectiveTypeAdapterFactory.java:91)
	at com.google.gson.internal.bind.ReflectiveTypeAdapterFactory.getBoundFields(ReflectiveTypeAdapterFactory.java:142)
	at com.google.gson.internal.bind.ReflectiveTypeAdapterFactory.create(ReflectiveTypeAdapterFactory.java:83)
	at com.google.gson.Gson.getAdapter(Gson.java:359)
	at com.google.gson.internal.bind.ReflectiveTypeAdapterFactory.getFieldAdapter(ReflectiveTypeAdapterFactory.java:122)
	at com.google.gson.internal.bind.ReflectiveTypeAdapterFactory.access$100(ReflectiveTypeAdapterFactory.java:46)
	at com.google.gson.internal.bind.ReflectiveTypeAdapterFactory$1.<init>(ReflectiveTypeAdapterFactory.java:92)
	at com.google.gson.internal.bind.ReflectiveTypeAdapterFactory.createBoundField(ReflectiveTypeAdapterFactory.java:91)
	at com.google.gson.internal.bind.ReflectiveTypeAdapterFactory.getBoundFields(ReflectiveTypeAdapterFactory.java:142)
	at com.google.gson.internal.bind.ReflectiveTypeAdapterFactory.create(ReflectiveTypeAdapterFactory.java:83)
	at com.google.gson.Gson.getAdapter(Gson.java:359)
	at com.google.gson.internal.bind.ReflectiveTypeAdapterFactory.getFieldAdapter(ReflectiveTypeAdapterFactory.java:122)
	at com.google.gson.internal.bind.ReflectiveTypeAdapterFactory.access$100(ReflectiveTypeAdapterFactory.java:46)
	at com.google.gson.internal.bind.ReflectiveTypeAdapterFactory$1.<init>(ReflectiveTypeAdapterFactory.java:92)
	at com.google.gson.internal.bind.ReflectiveTypeAdapterFactory.createBoundField(ReflectiveTypeAdapterFactory.java:91)
	at com.google.gson.internal.bind.ReflectiveTypeAdapterFactory.getBoundFields(ReflectiveTypeAdapterFactory.java:142)
	at com.google.gson.internal.bind.ReflectiveTypeAdapterFactory.create(ReflectiveTypeAdapterFactory.java:83)
	at com.google.gson.Gson.getAdapter(Gson.java:359)
	at com.google.gson.internal.bind.ReflectiveTypeAdapterFactory.getFieldAdapter(ReflectiveTypeAdapterFactory.java:122)
	at com.google.gson.internal.bind.ReflectiveTypeAdapterFactory.access$100(ReflectiveTypeAdapterFactory.java:46)
	at com.google.gson.internal.bind.ReflectiveTypeAdapterFactory$1.<init>(ReflectiveTypeAdapterFactory.java:92)
	at com.google.gson.internal.bind.ReflectiveTypeAdapterFactory.createBoundField(ReflectiveTypeAdapterFactory.java:91)
	at com.google.gson.internal.bind.ReflectiveTypeAdapterFactory.getBoundFields(ReflectiveTypeAdapterFactory.java:142)
	at com.google.gson.internal.bind.ReflectiveTypeAdapterFactory.create(ReflectiveTypeAdapterFactory.java:83)
	at com.google.gson.Gson.getAdapter(Gson.java:359)
	at com.google.gson.internal.bind.ReflectiveTypeAdapterFactory.getFieldAdapter(ReflectiveTypeAdapterFactory.java:122)
	at com.google.gson.internal.bind.ReflectiveTypeAdapterFactory.access$100(ReflectiveTypeAdapterFactory.java:46)
	at com.google.gson.internal.bind.ReflectiveTypeAdapterFactory$1.<init>(ReflectiveTypeAdapterFactory.java:92)
	at com.google.gson.internal.bind.ReflectiveTypeAdapterFactory.createBoundField(ReflectiveTypeAdapterFactory.java:91)
	at com.google.gson.internal.bind.ReflectiveTypeAdapterFactory.getBoundFields(ReflectiveTypeAdapterFactory.java:142)
	at com.google.gson.internal.bind.ReflectiveTypeAdapterFactory.create(ReflectiveTypeAdapterFactory.java:83)
	at com.google.gson.Gson.getAdapter(Gson.java:359)
	at com.google.gson.internal.bind.ReflectiveTypeAdapterFactory.getFieldAdapter(ReflectiveTypeAdapterFactory.java:122)
	at com.google.gson.internal.bind.ReflectiveTypeAdapterFactory.access$100(ReflectiveTypeAdapterFactory.java:46)
	at com.google.gson.internal.bind.ReflectiveTypeAdapterFactory$1.<init>(ReflectiveTypeAdapterFactory.java:92)
	at com.google.gson.internal.bind.ReflectiveTypeAdapterFactory.createBoundField(ReflectiveTypeAdapterFactory.java:91)
	at com.google.gson.internal.bind.ReflectiveTypeAdapterFactory.getBoundFields(ReflectiveTypeAdapterFactory.java:142)
	at com.google.gson.internal.bind.ReflectiveTypeAdapterFactory.create(ReflectiveTypeAdapterFactory.java:83)
	at com.google.gson.Gson.getAdapter(Gson.java:359)
	at com.google.gson.internal.bind.ReflectiveTypeAdapterFactory.getFieldAdapter(ReflectiveTypeAdapterFactory.java:122)
	at com.google.gson.internal.bind.ReflectiveTypeAdapterFactory.access$100(ReflectiveTypeAdapterFactory.java:46)
	at com.google.gson.internal.bind.ReflectiveTypeAdapterFactory$1.<init>(ReflectiveTypeAdapterFactory.java:92)
	at com.google.gson.internal.bind.ReflectiveTypeAdapterFactory.createBoundField(ReflectiveTypeAdapterFactory.java:91)
	at com.google.gson.internal.bind.ReflectiveTypeAdapterFactory.getBoundFields(ReflectiveTypeAdapterFactory.java:142)
	at com.google.gson.internal.bind.ReflectiveTypeAdapterFactory.create(ReflectiveTypeAdapterFactory.java:83)
	at com.google.gson.Gson.getAdapter(Gson.java:359)
	at com.google.gson.internal.bind.ReflectiveTypeAdapterFactory.getFieldAdapter(ReflectiveTypeAdapterFactory.java:122)
	at com.google.gson.internal.bind.ReflectiveTypeAdapterFactory.access$100(ReflectiveTypeAdapterFactory.java:46)
	at com.google.gson.internal.bind.ReflectiveTypeAdapterFactory$1.<init>(ReflectiveTypeAdapterFactory.java:92)
	at com.google.gson.internal.bind.ReflectiveTypeAdapterFactory.createBoundField(ReflectiveTypeAdapterFactory.java:91)
	at com.google.gson.internal.bind.ReflectiveTypeAdapterFactory.getBoundFields(ReflectiveTypeAdapterFactory.java:142)
	at com.google.gson.internal.bind.ReflectiveTypeAdapterFactory.create(ReflectiveTypeAdapterFactory.java:83)
	at com.google.gson.Gson.getAdapter(Gson.java:359)
	at com.google.gson.internal.bind.ReflectiveTypeAdapterFactory.getFieldAdapter(ReflectiveTypeAdapterFactory.java:122)
	at com.google.gson.internal.bind.ReflectiveTypeAdapterFactory.access$100(ReflectiveTypeAdapterFactory.java:46)
	at com.google.gson.internal.bind.ReflectiveTypeAdapterFactory$1.<init>(ReflectiveTypeAdapterFactory.java:92)
	at com.google.gson.internal.bind.ReflectiveTypeAdapterFactory.createBoundField(ReflectiveTypeAdapterFactory.java:91)
	at com.google.gson.internal.bind.ReflectiveTypeAdapterFactory.getBoundFields(ReflectiveTypeAdapterFactory.java:142)
	at com.google.gson.internal.bind.ReflectiveTypeAdapterFactory.create(ReflectiveTypeAdapterFactory.java:83)
	at com.google.gson.Gson.getAdapter(Gson.java:359)
	at com.google.gson.internal.bind.ReflectiveTypeAdapterFactory.getFieldAdapter(ReflectiveTypeAdapterFactory.java:122)
	at com.google.gson.internal.bind.ReflectiveTypeAdapterFactory.access$100(ReflectiveTypeAdapterFactory.java:46)
	at com.google.gson.internal.bind.ReflectiveTypeAdapterFactory$1.<init>(ReflectiveTypeAdapterFactory.java:92)
	at com.google.gson.internal.bind.ReflectiveTypeAdapterFactory.createBoundField(ReflectiveTypeAdapterFactory.java:91)
	at com.google.gson.internal.bind.ReflectiveTypeAdapterFactory.getBoundFields(ReflectiveTypeAdapterFactory.java:142)
	at com.google.gson.internal.bind.ReflectiveTypeAdapterFactory.create(ReflectiveTypeAdapterFactory.java:83)
	at com.google.gson.Gson.getAdapter(Gson.java:359)
	at com.google.gson.internal.bind.ReflectiveTypeAdapterFactory.getFieldAdapter(ReflectiveTypeAdapterFactory.java:122)
	at com.google.gson.internal.bind.ReflectiveTypeAdapterFactory.access$100(ReflectiveTypeAdapterFactory.java:46)
	at com.google.gson.internal.bind.ReflectiveTypeAdapterFactory$1.<init>(ReflectiveTypeAdapterFactory.java:92)
	at com.google.gson.internal.bind.ReflectiveTypeAdapterFactory.createBoundField(ReflectiveTypeAdapterFactory.java:91)
	at com.google.gson.internal.bind.ReflectiveTypeAdapterFactory.getBoundFields(ReflectiveTypeAdapterFactory.java:142)
	at com.google.gson.internal.bind.ReflectiveTypeAdapterFactory.create(ReflectiveTypeAdapterFactory.java:83)
	at com.google.gson.Gson.getAdapter(Gson.java:359)
	at com.google.gson.internal.bind.ReflectiveTypeAdapterFactory.getFieldAdapter(ReflectiveTypeAdapterFactory.java:122)
	at com.google.gson.internal.bind.ReflectiveTypeAdapterFactory.access$100(ReflectiveTypeAdapterFactory.java:46)
	at com.google.gson.internal.bind.ReflectiveTypeAdapterFactory$1.<init>(ReflectiveTypeAdapterFactory.java:92)
	at com.google.gson.internal.bind.ReflectiveTypeAdapterFactory.createBoundField(ReflectiveTypeAdapterFactory.java:91)
	at com.google.gson.internal.bind.ReflectiveTypeAdapterFactory.getBoundFields(ReflectiveTypeAdapterFactory.java:142)
	at com.google.gson.internal.bind.ReflectiveTypeAdapterFactory.create(ReflectiveTypeAdapterFactory.java:83)
	at com.google.gson.Gson.getAdapter(Gson.java:359)
	at com.google.gson.internal.bind.ReflectiveTypeAdapterFactory.getFieldAdapter(ReflectiveTypeAdapterFactory.java:122)
	at com.google.gson.internal.bind.ReflectiveTypeAdapterFactory.access$100(ReflectiveTypeAdapterFactory.java:46)
	at com.google.gson.internal.bind.ReflectiveTypeAdapterFactory$1.<init>(ReflectiveTypeAdapterFactory.java:92)
	at com.google.gson.internal.bind.ReflectiveTypeAdapterFactory.createBoundField(ReflectiveTypeAdapterFactory.java:91)
	at com.google.gson.internal.bind.ReflectiveTypeAdapterFactory.getBoundFields(ReflectiveTypeAdapterFactory.java:142)
	at com.google.gson.internal.bind.ReflectiveTypeAdapterFactory.create(ReflectiveTypeAdapterFactory.java:83)
	at com.google.gson.Gson.getAdapter(Gson.java:359)
	at com.google.gson.internal.bind.ReflectiveTypeAdapterFactory.getFieldAdapter(ReflectiveTypeAdapterFactory.java:122)
	at com.google.gson.internal.bind.ReflectiveTypeAdapterFactory.access$100(ReflectiveTypeAdapterFactory.java:46)
	at com.google.gson.internal.bind.ReflectiveTypeAdapterFactory$1.<init>(ReflectiveTypeAdapterFactory.java:92)
	at com.google.gson.internal.bind.ReflectiveTypeAdapterFactory.createBoundField(ReflectiveTypeAdapterFactory.java:91)
	at com.google.gson.internal.bind.ReflectiveTypeAdapterFactory.getBoundFields(ReflectiveTypeAdapterFactory.java:142)
	at com.google.gson.internal.bind.ReflectiveTypeAdapterFactory.create(ReflectiveTypeAdapterFactory.java:83)
	at com.google.gson.Gson.getAdapter(Gson.java:359)
	at com.google.gson.internal.bind.ReflectiveTypeAdapterFactory.getFieldAdapter(ReflectiveTypeAdapterFactory.java:122)
	at com.google.gson.internal.bind.ReflectiveTypeAdapterFactory.access$100(ReflectiveTypeAdapterFactory.java:46)
	at com.google.gson.internal.bind.ReflectiveTypeAdapterFactory$1.<init>(ReflectiveTypeAdapterFactory.java:92)
	at com.google.gson.internal.bind.ReflectiveTypeAdapterFactory.createBoundField(ReflectiveTypeAdapterFactory.java:91)
	at com.google.gson.internal.bind.ReflectiveTypeAdapterFactory.getBoundFields(ReflectiveTypeAdapterFactory.java:142)
	at com.google.gson.internal.bind.ReflectiveTypeAdapterFactory.create(ReflectiveTypeAdapterFactory.java:83)
	at com.google.gson.Gson.getAdapter(Gson.java:359)
	at com.google.gson.internal.bind.ReflectiveTypeAdapterFactory.getFieldAdapter(ReflectiveTypeAdapterFactory.java:122)
	at com.google.gson.internal.bind.ReflectiveTypeAdapterFactory.access$100(ReflectiveTypeAdapterFactory.java:46)
	at com.google.gson.internal.bind.ReflectiveTypeAdapterFactory$1.<init>(ReflectiveTypeAdapterFactory.java:92)
	at com.google.gson.internal.bind.ReflectiveTypeAdapterFactory.createBoundField(ReflectiveTypeAdapterFactory.java:91)
	at com.google.gson.internal.bind.ReflectiveTypeAdapterFactory.getBoundFields(ReflectiveTypeAdapterFactory.java:142)
	at com.google.gson.internal.bind.ReflectiveTypeAdapterFactory.create(ReflectiveTypeAdapterFactory.java:83)
	at com.google.gson.Gson.getAdapter(Gson.java:359)
	at com.google.gson.internal.bind.ReflectiveTypeAdapterFactory.getFieldAdapter(ReflectiveTypeAdapterFactory.java:122)
	at com.google.gson.internal.bind.ReflectiveTypeAdapterFactory.access$100(ReflectiveTypeAdapterFactory.java:46)
	at com.google.gson.internal.bind.ReflectiveTypeAdapterFactory$1.<init>(ReflectiveTypeAdapterFactory.java:92)
	at com.google.gson.internal.bind.ReflectiveTypeAdapterFactory.createBoundField(ReflectiveTypeAdapterFactory.java:91)
	at com.google.gson.internal.bind.ReflectiveTypeAdapterFactory.getBoundFields(ReflectiveTypeAdapterFactory.java:142)
	at com.google.gson.internal.bind.ReflectiveTypeAdapterFactory.create(ReflectiveTypeAdapterFactory.java:83)
	at com.google.gson.Gson.getAdapter(Gson.java:359)
	at com.google.gson.internal.bind.ReflectiveTypeAdapterFactory.getFieldAdapter(ReflectiveTypeAdapterFactory.java:122)
	at com.google.gson.internal.bind.ReflectiveTypeAdapterFactory.access$100(ReflectiveTypeAdapterFactory.java:46)
	at com.google.gson.internal.bind.ReflectiveTypeAdapterFactory$1.<init>(ReflectiveTypeAdapterFactory.java:92)
	at com.google.gson.internal.bind.ReflectiveTypeAdapterFactory.createBoundField(ReflectiveTypeAdapterFactory.java:91)
	at com.google.gson.internal.bind.ReflectiveTypeAdapterFactory.getBoundFields(ReflectiveTypeAdapterFactory.java:142)
	at com.google.gson.internal.bind.ReflectiveTypeAdapterFactory.create(ReflectiveTypeAdapterFactory.java:83)
	at com.google.gson.Gson.getAdapter(Gson.java:359)
	at com.google.gson.internal.bind.ReflectiveTypeAdapterFactory.getFieldAdapter(ReflectiveTypeAdapterFactory.java:122)
	at com.google.gson.internal.bind.ReflectiveTypeAdapterFactory.access$100(ReflectiveTypeAdapterFactory.java:46)
	at com.google.gson.internal.bind.ReflectiveTypeAdapterFactory$1.<init>(ReflectiveTypeAdapterFactory.java:92)
	at com.google.gson.internal.bind.ReflectiveTypeAdapterFactory.createBoundField(ReflectiveTypeAdapterFactory.java:91)
	at com.google.gson.internal.bind.ReflectiveTypeAdapterFactory.getBoundFields(ReflectiveTypeAdapterFactory.java:142)
	at com.google.gson.internal.bind.ReflectiveTypeAdapterFactory.create(ReflectiveTypeAdapterFactory.java:83)
	at com.google.gson.Gson.getAdapter(Gson.java:359)
	at com.google.gson.internal.bind.ReflectiveTypeAdapterFactory.getFieldAdapter(ReflectiveTypeAdapterFactory.java:122)
	at com.google.gson.internal.bind.ReflectiveTypeAdapterFactory.access$100(ReflectiveTypeAdapterFactory.java:46)
	at com.google.gson.internal.bind.ReflectiveTypeAdapterFactory$1.<init>(ReflectiveTypeAdapterFactory.java:92)
	at com.google.gson.internal.bind.ReflectiveTypeAdapterFactory.createBoundField(ReflectiveTypeAdapterFactory.java:91)
	at com.google.gson.internal.bind.ReflectiveTypeAdapterFactory.getBoundFields(ReflectiveTypeAdapterFactory.java:142)
	at com.google.gson.internal.bind.ReflectiveTypeAdapterFactory.create(ReflectiveTypeAdapterFactory.java:83)
	at com.google.gson.Gson.getAdapter(Gson.java:359)
	at com.google.gson.internal.bind.ReflectiveTypeAdapterFactory.getFieldAdapter(ReflectiveTypeAdapterFactory.java:122)
	at com.google.gson.internal.bind.ReflectiveTypeAdapterFactory.access$100(ReflectiveTypeAdapterFactory.java:46)
	at com.google.gson.internal.bind.ReflectiveTypeAdapterFactory$1.<init>(ReflectiveTypeAdapterFactory.java:92)
	at com.google.gson.internal.bind.ReflectiveTypeAdapterFactory.createBoundField(ReflectiveTypeAdapterFactory.java:91)
	at com.google.gson.internal.bind.ReflectiveTypeAdapterFactory.getBoundFields(ReflectiveTypeAdapterFactory.java:142)
	at com.google.gson.internal.bind.ReflectiveTypeAdapterFactory.create(ReflectiveTypeAdapterFactory.java:83)
	at com.google.gson.Gson.getAdapter(Gson.java:359)
	at com.google.gson.internal.bind.ReflectiveTypeAdapterFactory.getFieldAdapter(ReflectiveTypeAdapterFactory.java:122)
	at com.google.gson.internal.bind.ReflectiveTypeAdapterFactory.access$100(ReflectiveTypeAdapterFactory.java:46)
	at com.google.gson.internal.bind.ReflectiveTypeAdapterFactory$1.<init>(ReflectiveTypeAdapterFactory.java:92)
	at com.google.gson.internal.bind.ReflectiveTypeAdapterFactory.createBoundField(ReflectiveTypeAdapterFactory.java:91)
	at com.google.gson.internal.bind.ReflectiveTypeAdapterFactory.getBoundFields(ReflectiveTypeAdapterFactory.java:142)
	at com.google.gson.internal.bind.ReflectiveTypeAdapterFactory.create(ReflectiveTypeAdapterFactory.java:83)
	at com.google.gson.Gson.getAdapter(Gson.java:359)
	at com.google.gson.internal.bind.ReflectiveTypeAdapterFactory.getFieldAdapter(ReflectiveTypeAdapterFactory.java:122)
	at com.google.gson.internal.bind.ReflectiveTypeAdapterFactory.access$100(ReflectiveTypeAdapterFactory.java:46)
	at com.google.gson.internal.bind.ReflectiveTypeAdapterFactory$1.<init>(ReflectiveTypeAdapterFactory.java:92)
	at com.google.gson.internal.bind.ReflectiveTypeAdapterFactory.createBoundField(ReflectiveTypeAdapterFactory.java:91)
	at com.google.gson.internal.bind.ReflectiveTypeAdapterFactory.getBoundFields(ReflectiveTypeAdapterFactory.java:142)
	at com.google.gson.internal.bind.ReflectiveTypeAdapterFactory.create(ReflectiveTypeAdapterFactory.java:83)
	at com.google.gson.Gson.getAdapter(Gson.java:359)
	at com.google.gson.internal.bind.ReflectiveTypeAdapterFactory.getFieldAdapter(ReflectiveTypeAdapterFactory.java:122)
	at com.google.gson.internal.bind.ReflectiveTypeAdapterFactory.access$100(ReflectiveTypeAdapterFactory.java:46)
	at com.google.gson.internal.bind.ReflectiveTypeAdapterFactory$1.<init>(ReflectiveTypeAdapterFactory.java:92)
	at com.google.gson.internal.bind.ReflectiveTypeAdapterFactory.createBoundField(ReflectiveTypeAdapterFactory.java:91)
	at com.google.gson.internal.bind.ReflectiveTypeAdapterFactory.getBoundFields(ReflectiveTypeAdapterFactory.java:142)
	at com.google.gson.internal.bind.ReflectiveTypeAdapterFactory.create(ReflectiveTypeAdapterFactory.java:83)
	at com.google.gson.Gson.getAdapter(Gson.java:359)
	at com.google.gson.internal.bind.ReflectiveTypeAdapterFactory.getFieldAdapter(ReflectiveTypeAdapterFactory.java:122)
	at com.google.gson.internal.bind.ReflectiveTypeAdapterFactory.access$100(ReflectiveTypeAdapterFactory.java:46)
	at com.google.gson.internal.bind.ReflectiveTypeAdapterFactory$1.<init>(ReflectiveTypeAdapterFactory.java:92)
	at com.google.gson.internal.bind.ReflectiveTypeAdapterFactory.createBoundField(ReflectiveTypeAdapterFactory.java:91)
	at com.google.gson.internal.bind.ReflectiveTypeAdapterFactory.getBoundFields(ReflectiveTypeAdapterFactory.java:142)
	at com.google.gson.internal.bind.ReflectiveTypeAdapterFactory.create(ReflectiveTypeAdapterFactory.java:83)
	at com.google.gson.Gson.getAdapter(Gson.java:359)
	at com.google.gson.internal.bind.ReflectiveTypeAdapterFactory.getFieldAdapter(ReflectiveTypeAdapterFactory.java:122)
	at com.google.gson.internal.bind.ReflectiveTypeAdapterFactory.access$100(ReflectiveTypeAdapterFactory.java:46)
	at com.google.gson.internal.bind.ReflectiveTypeAdapterFactory$1.<init>(ReflectiveTypeAdapterFactory.java:92)
	at com.google.gson.internal.bind.ReflectiveTypeAdapterFactory.createBoundField(ReflectiveTypeAdapterFactory.java:91)
	at com.google.gson.internal.bind.ReflectiveTypeAdapterFactory.getBoundFields(ReflectiveTypeAdapterFactory.java:142)
	at com.google.gson.internal.bind.ReflectiveTypeAdapterFactory.create(ReflectiveTypeAdapterFactory.java:83)
	at com.google.gson.Gson.getAdapter(Gson.java:359)
	at com.google.gson.internal.bind.ReflectiveTypeAdapterFactory.getFieldAdapter(ReflectiveTypeAdapterFactory.java:122)
	at com.google.gson.internal.bind.ReflectiveTypeAdapterFactory.access$100(ReflectiveTypeAdapterFactory.java:46)
	at com.google.gson.internal.bind.ReflectiveTypeAdapterFactory$1.<init>(ReflectiveTypeAdapterFactory.java:92)
	at com.google.gson.internal.bind.ReflectiveTypeAdapterFactory.createBoundField(ReflectiveTypeAdapterFactory.java:91)
	at com.google.gson.internal.bind.ReflectiveTypeAdapterFactory.getBoundFields(ReflectiveTypeAdapterFactory.java:142)
	at com.google.gson.internal.bind.ReflectiveTypeAdapterFactory.create(ReflectiveTypeAdapterFactory.java:83)
	at com.google.gson.Gson.getAdapter(Gson.java:359)
[...]
	at com.google.gson.Gson.getAdapter(Gson.java:359)
	at com.google.gson.internal.bind.ReflectiveTypeAdapterFactory.getFieldAdapter(ReflectiveTypeAdapterFactory.java:122)
	at com.google.gson.internal.bind.ReflectiveTypeAdapterFactory.access$100(ReflectiveTypeAdapterFactory.java:46)
	at com.google.gson.internal.bind.ReflectiveTypeAdapterFactory$1.<init>(ReflectiveTypeAdapterFactory.java:92)
	at com.google.gson.internal.bind.ReflectiveTypeAdapterFactory.createBoundField(ReflectiveTypeAdapterFactory.java:91)
	at com.google.gson.internal.bind.ReflectiveTypeAdapterFactory.getBoundFields(ReflectiveTypeAdapterFactory.java:142)
	at com.google.gson.internal.bind.ReflectiveTypeAdapterFactory.create(ReflectiveTypeAdapterFactory.java:83)
	at com.google.gson.Gson.getAdapter(Gson.java:359)
	at com.google.gson.internal.bind.ReflectiveTypeAdapterFactory.getFieldAdapter(ReflectiveTypeAdapterFactory.java:122)
	at com.google.gson.internal.bind.ReflectiveTypeAdapterFactory.access$100(ReflectiveTypeAdapterFactory.java:46)
	at com.google.gson.internal.bind.ReflectiveTypeAdapterFactory$1.<init>(ReflectiveTypeAdapterFactory.java:92)
	at com.google.gson.internal.bind.ReflectiveTypeAdapterFactory.createBoundField(ReflectiveTypeAdapterFactory.java:91)
	at com.google.gson.internal.bind.ReflectiveTypeAdapterFactory.getBoundFields(ReflectiveTypeAdapterFactory.java:142)
	at com.google.gson.internal.bind.ReflectiveTypeAdapterFactory.create(ReflectiveTypeAdapterFactory.java:83)
	at com.google.gson.Gson.getAdapter(Gson.java:359)
	at com.google.gson.internal.bind.ReflectiveTypeAdapterFactory.getFieldAdapter(ReflectiveTypeAdapterFactory.java:122)
	at com.google.gson.internal.bind.ReflectiveTypeAdapterFactory.access$100(ReflectiveTypeAdapterFactory.java:46)
	at com.google.gson.internal.bind.ReflectiveTypeAdapterFactory$1.<init>(ReflectiveTypeAdapterFactory.java:92)
	at com.google.gson.internal.bind.ReflectiveTypeAdapterFactory.createBoundField(ReflectiveTypeAdapterFactory.java:91)
	at com.google.gson.internal.bind.ReflectiveTypeAdapterFactory.getBoundFields(ReflectiveTypeAdapterFactory.java:142)
	at com.google.gson.internal.bind.ReflectiveTypeAdapterFactory.create(ReflectiveTypeAdapterFactory.java:83)
	at com.google.gson.Gson.getAdapter(Gson.java:359)
	at com.google.gson.internal.bind.ReflectiveTypeAdapterFactory.getFieldAdapter(ReflectiveTypeAdapterFactory.java:122)
	at com.google.gson.internal.bind.ReflectiveTypeAdapterFactory.access$100(ReflectiveTypeAdapterFactory.java:46)
	at com.google.gson.internal.bind.ReflectiveTypeAdapterFactory$1.<init>(ReflectiveTypeAdapterFactory.java:92)
	at com.google.gson.internal.bind.ReflectiveTypeAdapterFactory.createBoundField(ReflectiveTypeAdapterFactory.java:91)
	at com.google.gson.internal.bind.ReflectiveTypeAdapterFactory.getBoundFields(ReflectiveTypeAdapterFactory.java:142)
	at com.google.gson.internal.bind.ReflectiveTypeAdapterFactory.create(ReflectiveTypeAdapterFactory.java:83)
	at com.google.gson.Gson.getAdapter(Gson.java:359)
	at com.google.gson.internal.bind.ReflectiveTypeAdapterFactory.getFieldAdapter(ReflectiveTypeAdapterFactory.java:122)
	at com.google.gson.internal.bind.ReflectiveTypeAdapterFactory.access$100(ReflectiveTypeAdapterFactory.java:46)
	at com.google.gson.internal.bind.ReflectiveTypeAdapterFactory$1.<init>(ReflectiveTypeAdapterFactory.java:92)
	at com.google.gson.internal.bind.ReflectiveTypeAdapterFactory.createBoundField(ReflectiveTypeAdapterFactory.java:91)
	at com.google.gson.internal.bind.ReflectiveTypeAdapterFactory.getBoundFields(ReflectiveTypeAdapterFactory.java:142)
	at com.google.gson.internal.bind.ReflectiveTypeAdapterFactory.create(ReflectiveTypeAdapterFactory.java:83)
	at com.google.gson.Gson.getAdapter(Gson.java:359)
	at com.google.gson.internal.bind.ReflectiveTypeAdapterFactory.getFieldAdapter(ReflectiveTypeAdapterFactory.java:122)
	at com.google.gson.internal.bind.ReflectiveTypeAdapterFactory.access$100(ReflectiveTypeAdapterFactory.java:46)
	at com.google.gson.internal.bind.ReflectiveTypeAdapterFactory$1.<init>(ReflectiveTypeAdapterFactory.java:92)
	at com.google.gson.internal.bind.ReflectiveTypeAdapterFactory.createBoundField(ReflectiveTypeAdapterFactory.java:91)
	at com.google.gson.internal.bind.ReflectiveTypeAdapterFactory.getBoundFields(ReflectiveTypeAdapterFactory.java:142)
	at com.google.gson.internal.bind.ReflectiveTypeAdapterFactory.create(ReflectiveTypeAdapterFactory.java:83)
	at com.google.gson.Gson.getAdapter(Gson.java:359)
	at com.google.gson.internal.bind.ReflectiveTypeAdapterFactory.getFieldAdapter(ReflectiveTypeAdapterFactory.java:122)
	at com.google.gson.internal.bind.ReflectiveTypeAdapterFactory.access$100(ReflectiveTypeAdapterFactory.java:46)
	at com.google.gson.internal.bind.ReflectiveTypeAdapterFactory$1.<init>(ReflectiveTypeAdapterFactory.java:92)
	at com.google.gson.internal.bind.ReflectiveTypeAdapterFactory.createBoundField(ReflectiveTypeAdapterFactory.java:91)
	at com.google.gson.internal.bind.ReflectiveTypeAdapterFactory.getBoundFields(ReflectiveTypeAdapterFactory.java:142)
	at com.google.gson.internal.bind.ReflectiveTypeAdapterFactory.create(ReflectiveTypeAdapterFactory.java:83)
	at com.google.gson.Gson.getAdapter(Gson.java:359)
	at com.google.gson.internal.bind.ReflectiveTypeAdapterFactory.getFieldAdapter(ReflectiveTypeAdapterFactory.java:122)
	at com.google.gson.internal.bind.ReflectiveTypeAdapterFactory.access$100(ReflectiveTypeAdapterFactory.java:46)
	at com.google.gson.internal.bind.ReflectiveTypeAdapterFactory$1.<init>(ReflectiveTypeAdapterFactory.java:92)
	at com.google.gson.internal.bind.ReflectiveTypeAdapterFactory.createBoundField(ReflectiveTypeAdapterFactory.java:91)
	at com.google.gson.internal.bind.ReflectiveTypeAdapterFactory.getBoundFields(ReflectiveTypeAdapterFactory.java:142)
	at com.google.gson.internal.bind.ReflectiveTypeAdapterFactory.create(ReflectiveTypeAdapterFactory.java:83)
	at com.google.gson.Gson.getAdapter(Gson.java:359)
	at com.google.gson.internal.bind.ReflectiveTypeAdapterFactory.getFieldAdapter(ReflectiveTypeAdapterFactory.java:122)
	at com.google.gson.internal.bind.ReflectiveTypeAdapterFactory.access$100(ReflectiveTypeAdapterFactory.java:46)
	at com.google.gson.internal.bind.ReflectiveTypeAdapterFactory$1.<init>(ReflectiveTypeAdapterFactory.java:92)
	at com.google.gson.internal.bind.ReflectiveTypeAdapterFactory.createBoundField(ReflectiveTypeAdapterFactory.java:91)
	at com.google.gson.internal.bind.ReflectiveTypeAdapterFactory.getBoundFields(ReflectiveTypeAdapterFactory.java:142)
	at com.google.gson.internal.bind.ReflectiveTypeAdapterFactory.create(ReflectiveTypeAdapterFactory.java:83)
	at com.google.gson.Gson.getAdapter(Gson.java:359)
	at com.google.gson.internal.bind.ReflectiveTypeAdapterFactory.getFieldAdapter(ReflectiveTypeAdapterFactory.java:122)
	at com.google.gson.internal.bind.ReflectiveTypeAdapterFactory.access$100(ReflectiveTypeAdapterFactory.java:46)
	at com.google.gson.internal.bind.ReflectiveTypeAdapterFactory$1.<init>(ReflectiveTypeAdapterFactory.java:92)
	at com.google.gson.internal.bind.ReflectiveTypeAdapterFactory.createBoundField(ReflectiveTypeAdapterFactory.java:91)
	at com.google.gson.internal.bind.ReflectiveTypeAdapterFactory.getBoundFields(ReflectiveTypeAdapterFactory.java:142)
	at com.google.gson.internal.bind.ReflectiveTypeAdapterFactory.create(ReflectiveTypeAdapterFactory.java:83)
	at com.google.gson.Gson.getAdapter(Gson.java:359)
	at com.google.gson.internal.bind.ReflectiveTypeAdapterFactory.getFieldAdapter(ReflectiveTypeAdapterFactory.java:122)
	at com.google.gson.internal.bind.ReflectiveTypeAdapterFactory.access$100(ReflectiveTypeAdapterFactory.java:46)
	at com.google.gson.internal.bind.ReflectiveTypeAdapterFactory$1.<init>(ReflectiveTypeAdapterFactory.java:92)
	at com.google.gson.internal.bind.ReflectiveTypeAdapterFactory.createBoundField(ReflectiveTypeAdapterFactory.java:91)
	at com.google.gson.internal.bind.ReflectiveTypeAdapterFactory.getBoundFields(ReflectiveTypeAdapterFactory.java:142)
	at com.google.gson.internal.bind.ReflectiveTypeAdapterFactory.create(ReflectiveTypeAdapterFactory.java:83)
	at com.google.gson.Gson.getAdapter(Gson.java:359)
	at com.google.gson.internal.bind.ReflectiveTypeAdapterFactory.getFieldAdapter(ReflectiveTypeAdapterFactory.java:122)
	at com.google.gson.internal.bind.ReflectiveTypeAdapterFactory.access$100(ReflectiveTypeAdapterFactory.java:46)
	at com.google.gson.internal.bind.ReflectiveTypeAdapterFactory$1.<init>(ReflectiveTypeAdapterFactory.java:92)
	at com.google.gson.internal.bind.ReflectiveTypeAdapterFactory.createBoundField(ReflectiveTypeAdapterFactory.java:91)
	at com.google.gson.internal.bind.ReflectiveTypeAdapterFactory.getBoundFields(ReflectiveTypeAdapterFactory.java:142)
	at com.google.gson.internal.bind.ReflectiveTypeAdapterFactory.create(ReflectiveTypeAdapterFactory.java:83)
	at com.google.gson.Gson.getAdapter(Gson.java:359)
	at com.google.gson.internal.bind.ReflectiveTypeAdapterFactory.getFieldAdapter(ReflectiveTypeAdapterFactory.java:122)
	at com.google.gson.internal.bind.ReflectiveTypeAdapterFactory.access$100(ReflectiveTypeAdapterFactory.java:46)
	at com.google.gson.internal.bind.ReflectiveTypeAdapterFactory$1.<init>(ReflectiveTypeAdapterFactory.java:92)
	at com.google.gson.internal.bind.ReflectiveTypeAdapterFactory.createBoundField(ReflectiveTypeAdapterFactory.java:91)
	at com.google.gson.internal.bind.ReflectiveTypeAdapterFactory.getBoundFields(ReflectiveTypeAdapterFactory.java:142)
	at com.google.gson.internal.bind.ReflectiveTypeAdapterFactory.create(ReflectiveTypeAdapterFactory.java:83)
	at com.google.gson.Gson.getAdapter(Gson.java:359)
	at com.google.gson.internal.bind.ReflectiveTypeAdapterFactory.getFieldAdapter(ReflectiveTypeAdapterFactory.java:122)
	at com.google.gson.internal.bind.ReflectiveTypeAdapterFactory.access$100(ReflectiveTypeAdapterFactory.java:46)
	at com.google.gson.internal.bind.ReflectiveTypeAdapterFactory$1.<init>(ReflectiveTypeAdapterFactory.java:92)
	at com.google.gson.internal.bind.ReflectiveTypeAdapterFactory.createBoundField(ReflectiveTypeAdapterFactory.java:91)
	at com.google.gson.internal.bind.ReflectiveTypeAdapterFactory.getBoundFields(ReflectiveTypeAdapterFactory.java:142)
	at com.google.gson.internal.bind.ReflectiveTypeAdapterFactory.create(ReflectiveTypeAdapterFactory.java:83)
	at com.google.gson.Gson.getAdapter(Gson.java:359)
	at com.google.gson.internal.bind.ReflectiveTypeAdapterFactory.getFieldAdapter(ReflectiveTypeAdapterFactory.java:122)
	at com.google.gson.internal.bind.ReflectiveTypeAdapterFactory.access$100(ReflectiveTypeAdapterFactory.java:46)
	at com.google.gson.internal.bind.ReflectiveTypeAdapterFactory$1.<init>(ReflectiveTypeAdapterFactory.java:92)
	at com.google.gson.internal.bind.ReflectiveTypeAdapterFactory.createBoundField(ReflectiveTypeAdapterFactory.java:91)
	at com.google.gson.internal.bind.ReflectiveTypeAdapterFactory.getBoundFields(ReflectiveTypeAdapterFactory.java:142)
	at com.google.gson.internal.bind.ReflectiveTypeAdapterFactory.create(ReflectiveTypeAdapterFactory.java:83)
	at com.google.gson.Gson.getAdapter(Gson.java:359)
	at com.google.gson.internal.bind.ReflectiveTypeAdapterFactory.getFieldAdapter(ReflectiveTypeAdapterFactory.java:122)
	at com.google.gson.internal.bind.ReflectiveTypeAdapterFactory.access$100(ReflectiveTypeAdapterFactory.java:46)
	at com.google.gson.internal.bind.ReflectiveTypeAdapterFactory$1.<init>(ReflectiveTypeAdapterFactory.java:92)
	at com.google.gson.internal.bind.ReflectiveTypeAdapterFactory.createBoundField(ReflectiveTypeAdapterFactory.java:91)
	at com.google.gson.internal.bind.ReflectiveTypeAdapterFactory.getBoundFields(ReflectiveTypeAdapterFactory.java:142)
	at com.google.gson.internal.bind.ReflectiveTypeAdapterFactory.create(ReflectiveTypeAdapterFactory.java:83)
	at com.google.gson.Gson.getAdapter(Gson.java:359)
	at com.google.gson.internal.bind.ReflectiveTypeAdapterFactory.getFieldAdapter(ReflectiveTypeAdapterFactory.java:122)
	at com.google.gson.internal.bind.ReflectiveTypeAdapterFactory.access$100(ReflectiveTypeAdapterFactory.java:46)
	at com.google.gson.internal.bind.ReflectiveTypeAdapterFactory$1.<init>(ReflectiveTypeAdapterFactory.java:92)
	at com.google.gson.internal.bind.ReflectiveTypeAdapterFactory.createBoundField(ReflectiveTypeAdapterFactory.java:91)
	at com.google.gson.internal.bind.ReflectiveTypeAdapterFactory.getBoundFields(ReflectiveTypeAdapterFactory.java:142)
	at com.google.gson.internal.bind.ReflectiveTypeAdapterFactory.create(ReflectiveTypeAdapterFactory.java:83)
	at com.google.gson.Gson.getAdapter(Gson.java:359)
	at com.google.gson.internal.bind.ReflectiveTypeAdapterFactory.getFieldAdapter(ReflectiveTypeAdapterFactory.java:122)
	at com.google.gson.internal.bind.ReflectiveTypeAdapterFactory.access$100(ReflectiveTypeAdapterFactory.java:46)
	at com.google.gson.internal.bind.ReflectiveTypeAdapterFactory$1.<init>(ReflectiveTypeAdapterFactory.java:92)
	at com.google.gson.internal.bind.ReflectiveTypeAdapterFactory.createBoundField(ReflectiveTypeAdapterFactory.java:91)
	at com.google.gson.internal.bind.ReflectiveTypeAdapterFactory.getBoundFields(ReflectiveTypeAdapterFactory.java:142)
	at com.google.gson.internal.bind.ReflectiveTypeAdapterFactory.create(ReflectiveTypeAdapterFactory.java:83)
	at com.google.gson.Gson.getAdapter(Gson.java:359)
	at com.google.gson.internal.bind.ReflectiveTypeAdapterFactory.getFieldAdapter(ReflectiveTypeAdapterFactory.java:122)
	at com.google.gson.internal.bind.ReflectiveTypeAdapterFactory.access$100(ReflectiveTypeAdapterFactory.java:46)
	at com.google.gson.internal.bind.ReflectiveTypeAdapterFactory$1.<init>(ReflectiveTypeAdapterFactory.java:92)
	at com.google.gson.internal.bind.ReflectiveTypeAdapterFactory.createBoundField(ReflectiveTypeAdapterFactory.java:91)
	at com.google.gson.internal.bind.ReflectiveTypeAdapterFactory.getBoundFields(ReflectiveTypeAdapterFactory.java:142)
	at com.google.gson.internal.bind.ReflectiveTypeAdapterFactory.create(ReflectiveTypeAdapterFactory.java:83)
	at com.google.gson.Gson.getAdapter(Gson.java:359)
	at com.google.gson.internal.bind.ReflectiveTypeAdapterFactory.getFieldAdapter(ReflectiveTypeAdapterFactory.java:122)
	at com.google.gson.internal.bind.ReflectiveTypeAdapterFactory.access$100(ReflectiveTypeAdapterFactory.java:46)
	at com.google.gson.internal.bind.ReflectiveTypeAdapterFactory$1.<init>(ReflectiveTypeAdapterFactory.java:92)
	at com.google.gson.internal.bind.ReflectiveTypeAdapterFactory.createBoundField(ReflectiveTypeAdapterFactory.java:91)
	at com.google.gson.internal.bind.ReflectiveTypeAdapterFactory.getBoundFields(ReflectiveTypeAdapterFactory.java:142)
	at com.google.gson.internal.bind.ReflectiveTypeAdapterFactory.create(ReflectiveTypeAdapterFactory.java:83)
	at com.google.gson.Gson.getAdapter(Gson.java:359)
	at com.google.gson.internal.bind.ReflectiveTypeAdapterFactory.getFieldAdapter(ReflectiveTypeAdapterFactory.java:122)
	at com.google.gson.internal.bind.ReflectiveTypeAdapterFactory.access$100(ReflectiveTypeAdapterFactory.java:46)
	at com.google.gson.internal.bind.ReflectiveTypeAdapterFactory$1.<init>(ReflectiveTypeAdapterFactory.java:92)
	at com.google.gson.internal.bind.ReflectiveTypeAdapterFactory.createBoundField(ReflectiveTypeAdapterFactory.java:91)
	at com.google.gson.internal.bind.ReflectiveTypeAdapterFactory.getBoundFields(ReflectiveTypeAdapterFactory.java:142)
	at com.google.gson.internal.bind.ReflectiveTypeAdapterFactory.create(ReflectiveTypeAdapterFactory.java:83)
	at com.google.gson.Gson.getAdapter(Gson.java:359)
	at com.google.gson.internal.bind.ReflectiveTypeAdapterFactory.getFieldAdapter(ReflectiveTypeAdapterFactory.java:122)
	at com.google.gson.internal.bind.ReflectiveTypeAdapterFactory.access$100(ReflectiveTypeAdapterFactory.java:46)
	at com.google.gson.internal.bind.ReflectiveTypeAdapterFactory$1.<init>(ReflectiveTypeAdapterFactory.java:92)
	at com.google.gson.internal.bind.ReflectiveTypeAdapterFactory.createBoundField(ReflectiveTypeAdapterFactory.java:91)
	at com.google.gson.internal.bind.ReflectiveTypeAdapterFactory.getBoundFields(ReflectiveTypeAdapterFactory.java:142)
	at com.google.gson.internal.bind.ReflectiveTypeAdapterFactory.create(ReflectiveTypeAdapterFactory.java:83)
	at com.google.gson.Gson.getAdapter(Gson.java:359)
	at com.google.gson.internal.bind.ReflectiveTypeAdapterFactory.getFieldAdapter(ReflectiveTypeAdapterFactory.java:122)
	at com.google.gson.internal.bind.ReflectiveTypeAdapterFactory.access$100(ReflectiveTypeAdapterFactory.java:46)
	at com.google.gson.internal.bind.ReflectiveTypeAdapterFactory$1.<init>(ReflectiveTypeAdapterFactory.java:92)
	at com.google.gson.internal.bind.ReflectiveTypeAdapterFactory.createBoundField(ReflectiveTypeAdapterFactory.java:91)
	at com.google.gson.internal.bind.ReflectiveTypeAdapterFactory.getBoundFields(ReflectiveTypeAdapterFactory.java:142)
	at com.google.gson.internal.bind.ReflectiveTypeAdapterFactory.create(ReflectiveTypeAdapterFactory.java:83)
	at com.google.gson.Gson.getAdapter(Gson.java:359)
	at com.google.gson.internal.bind.ReflectiveTypeAdapterFactory.getFieldAdapter(ReflectiveTypeAdapterFactory.java:122)
	at com.google.gson.internal.bind.ReflectiveTypeAdapterFactory.access$100(ReflectiveTypeAdapterFactory.java:46)
	at com.google.gson.internal.bind.ReflectiveTypeAdapterFactory$1.<init>(ReflectiveTypeAdapterFactory.java:92)
	at com.google.gson.internal.bind.ReflectiveTypeAdapterFactory.createBoundField(ReflectiveTypeAdapterFactory.java:91)
	at com.google.gson.internal.bind.ReflectiveTypeAdapterFactory.getBoundFields(ReflectiveTypeAdapterFactory.java:142)
	at com.google.gson.internal.bind.ReflectiveTypeAdapterFactory.create(ReflectiveTypeAdapterFactory.java:83)
	at com.google.gson.Gson.getAdapter(Gson.java:359)
	at com.google.gson.internal.bind.ReflectiveTypeAdapterFactory.getFieldAdapter(ReflectiveTypeAdapterFactory.java:122)
	at com.google.gson.internal.bind.ReflectiveTypeAdapterFactory.access$100(ReflectiveTypeAdapterFactory.java:46)
	at com.google.gson.internal.bind.ReflectiveTypeAdapterFactory$1.<init>(ReflectiveTypeAdapterFactory.java:92)
	at com.google.gson.internal.bind.ReflectiveTypeAdapterFactory.createBoundField(ReflectiveTypeAdapterFactory.java:91)
	at com.google.gson.internal.bind.ReflectiveTypeAdapterFactory.getBoundFields(ReflectiveTypeAdapterFactory.java:142)
	at com.google.gson.internal.bind.ReflectiveTypeAdapterFactory.create(ReflectiveTypeAdapterFactory.java:83)
	at com.google.gson.Gson.getAdapter(Gson.java:359)
	at com.google.gson.internal.bind.ReflectiveTypeAdapterFactory.getFieldAdapter(ReflectiveTypeAdapterFactory.java:122)
	at com.google.gson.internal.bind.ReflectiveTypeAdapterFactory.access$100(ReflectiveTypeAdapterFactory.java:46)
	at com.google.gson.internal.bind.ReflectiveTypeAdapterFactory$1.<init>(ReflectiveTypeAdapterFactory.java:92)
	at com.google.gson.internal.bind.ReflectiveTypeAdapterFactory.createBoundField(ReflectiveTypeAdapterFactory.java:91)
	at com.google.gson.internal.bind.ReflectiveTypeAdapterFactory.getBoundFields(ReflectiveTypeAdapterFactory.java:142)
	at com.google.gson.internal.bind.ReflectiveTypeAdapterFactory.create(ReflectiveTypeAdapterFactory.java:83)
	at com.google.gson.Gson.getAdapter(Gson.java:359)
	at com.google.gson.internal.bind.ReflectiveTypeAdapterFactory.getFieldAdapter(ReflectiveTypeAdapterFactory.java:122)
	at com.google.gson.internal.bind.ReflectiveTypeAdapterFactory.access$100(ReflectiveTypeAdapterFactory.java:46)
	at com.google.gson.internal.bind.ReflectiveTypeAdapterFactory$1.<init>(ReflectiveTypeAdapterFactory.java:92)
	at com.google.gson.internal.bind.ReflectiveTypeAdapterFactory.createBoundField(ReflectiveTypeAdapterFactory.java:91)
	at com.google.gson.internal.bind.ReflectiveTypeAdapterFactory.getBoundFields(ReflectiveTypeAdapterFactory.java:142)
	at com.google.gson.internal.bind.ReflectiveTypeAdapterFactory.create(ReflectiveTypeAdapterFactory.java:83)
]]>
    </failure>
  </testcase> <!-- A_openPopUpWindowTest_1 -->
</testsuite> <!-- FozzySalesForecastTest -->
